<html>
<head>
<title>TestNG:  Default test</title>
<link href="../testng.css" rel="stylesheet" type="text/css" />
<link href="../my-testng.css" rel="stylesheet" type="text/css" />

<style type="text/css">
.log { display: none;} 
.stack-trace { display: none;} 
</style>
<script type="text/javascript">
<!--
function flip(e) {
  current = e.style.display;
  if (current == 'block') {
    e.style.display = 'none';
    return 0;
  }
  else {
    e.style.display = 'block';
    return 1;
  }
}

function toggleBox(szDivId, elem, msg1, msg2)
{
  var res = -1;  if (document.getElementById) {
    res = flip(document.getElementById(szDivId));
  }
  else if (document.all) {
    // this is the way old msie versions work
    res = flip(document.all[szDivId]);
  }
  if(elem) {
    if(res == 0) elem.innerHTML = msg1; else elem.innerHTML = msg2;
  }

}

function toggleAllBoxes() {
  if (document.getElementsByTagName) {
    d = document.getElementsByTagName('div');
    for (i = 0; i < d.length; i++) {
      if (d[i].className == 'log') {
        flip(d[i]);
      }
    }
  }
}

// -->
</script>

</head>
<body>
<h2 align='center'>Default test</h2><table border='1' align="center">
<tr>
<td>Tests passed/Failed/Skipped:</td><td>207/36/0</td>
</tr><tr>
<td>Started on:</td><td>Tue Apr 15 19:53:55 EDT 2025</td>
</tr>
<tr><td>Total time:</td><td>116 seconds (116492 ms)</td>
</tr><tr>
<td>Included groups:</td><td></td>
</tr><tr>
<td>Excluded groups:</td><td></td>
</tr>
</table><p/>
<small><i>(Hover the method name to see the test class name)</i></small><p/>
<table width='100%' border='1' class='invocation-failed'>
<tr><td colspan='4' align='center'><b>FAILED TESTS</b></td></tr>
<tr><td><b>Test method</b></td>
<td><b>Attribute(s)</b></td>
<td width="30%"><b>Exception</b></td>
<td width="10%"><b>Time (seconds)</b></td>
<td><b>Instance</b></td>
</tr>
<tr>
<td title='dsAlgo_Runner.TestRunner.runScenario()'><b>runScenario</b><br>Test class: dsAlgo_Runner.TestRunner<br>Test method: Runs Cucumber Scenarios<br>Parameters: "Verify that user receives error message for invalid password field during registration", "Testing whether user is able to Registered into dsAlgo portal"</td>
<td><div><pre>java.lang.AssertionError: expected [Invalid password] but found [password_mismatch:The two password fields didn’t match.]
	at org.testng.Assert.fail(Assert.java:111)
	at org.testng.Assert.failNotEquals(Assert.java:1590)
	at org.testng.Assert.assertEqualsImpl(Assert.java:150)
	at org.testng.Assert.assertEquals(Assert.java:132)
	at org.testng.Assert.assertEquals(Assert.java:656)
	at org.testng.Assert.assertEquals(Assert.java:666)
	at org.testng.asserts.Assertion$11.doAssert(Assertion.java:186)
	at org.testng.asserts.Assertion.executeAssert(Assertion.java:25)
	at org.testng.asserts.Assertion.doAssert(Assertion.java:12)
	at org.testng.asserts.Assertion.assertEquals(Assertion.java:182)
	at dsAlgo_stepDefinition.Register_SD.the_user_is_not_able_to_see_error_msg_after_entering_invalid_password(Register_SD.java:127)
	at ✽.The user is not able to see error msg after entering invalid password(file:///C:/projectcompass/DsAlgo_ProjectCompass_BDD/src/test/resources/dsAlgo_FeatureFiles/MD02_Register.feature:44)
</pre></div><a href='#' onClick='toggleBox("stack-trace1977359388", this, "Click to show all stack frames", "Click to hide stack frames")'>Click to show all stack frames</a>
<div class='stack-trace' id='stack-trace1977359388'><pre>java.lang.AssertionError: expected [Invalid password] but found [password_mismatch:The two password fields didn’t match.]
	at org.testng.Assert.fail(Assert.java:111)
	at org.testng.Assert.failNotEquals(Assert.java:1590)
	at org.testng.Assert.assertEqualsImpl(Assert.java:150)
	at org.testng.Assert.assertEquals(Assert.java:132)
	at org.testng.Assert.assertEquals(Assert.java:656)
	at org.testng.Assert.assertEquals(Assert.java:666)
	at org.testng.asserts.Assertion$11.doAssert(Assertion.java:186)
	at org.testng.asserts.Assertion.executeAssert(Assertion.java:25)
	at org.testng.asserts.Assertion.doAssert(Assertion.java:12)
	at org.testng.asserts.Assertion.assertEquals(Assertion.java:182)
	at dsAlgo_stepDefinition.Register_SD.the_user_is_not_able_to_see_error_msg_after_entering_invalid_password(Register_SD.java:127)
	at ✽.The user is not able to see error msg after entering invalid password(file:///C:/projectcompass/DsAlgo_ProjectCompass_BDD/src/test/resources/dsAlgo_FeatureFiles/MD02_Register.feature:44)
</pre></div></td>
<td>0</td>
<td>dsAlgo_Runner.TestRunner@1613674b</td></tr>
<tr>
<td title='dsAlgo_Runner.TestRunner.runScenario()'><b>runScenario</b><br>Test class: dsAlgo_Runner.TestRunner<br>Test method: Runs Cucumber Scenarios<br>Parameters: "Verify that user receives error on submitting invalid python code for "Max Consecutive Ones" question", "The user can navigate to the array page in DsAlgo portal"</td>
<td><div><pre>java.lang.AssertionError: expected [Submission successful] but found []
	at org.testng.Assert.fail(Assert.java:111)
	at org.testng.Assert.failNotEquals(Assert.java:1590)
	at org.testng.Assert.assertEqualsImpl(Assert.java:150)
	at org.testng.Assert.assertEquals(Assert.java:132)
	at org.testng.Assert.assertEquals(Assert.java:656)
	at org.testng.Assert.assertEquals(Assert.java:666)
	at org.testng.asserts.Assertion$11.doAssert(Assertion.java:186)
	at org.testng.asserts.Assertion.executeAssert(Assertion.java:25)
	at org.testng.asserts.Assertion.doAssert(Assertion.java:12)
	at org.testng.asserts.Assertion.assertEquals(Assertion.java:182)
	at dsAlgo_stepDefinition.Array_SD.the_user_see_an_error_message(Array_SD.java:191)
	at ✽.The user see an error message &quot;Error occurred during submission&quot;(file:///C:/projectcompass/DsAlgo_ProjectCompass_BDD/src/test/resources/dsAlgo_FeatureFiles/MD05_Arrays.feature:207)
</pre></div><a href='#' onClick='toggleBox("stack-trace1749003390", this, "Click to show all stack frames", "Click to hide stack frames")'>Click to show all stack frames</a>
<div class='stack-trace' id='stack-trace1749003390'><pre>java.lang.AssertionError: expected [Submission successful] but found []
	at org.testng.Assert.fail(Assert.java:111)
	at org.testng.Assert.failNotEquals(Assert.java:1590)
	at org.testng.Assert.assertEqualsImpl(Assert.java:150)
	at org.testng.Assert.assertEquals(Assert.java:132)
	at org.testng.Assert.assertEquals(Assert.java:656)
	at org.testng.Assert.assertEquals(Assert.java:666)
	at org.testng.asserts.Assertion$11.doAssert(Assertion.java:186)
	at org.testng.asserts.Assertion.executeAssert(Assertion.java:25)
	at org.testng.asserts.Assertion.doAssert(Assertion.java:12)
	at org.testng.asserts.Assertion.assertEquals(Assertion.java:182)
	at dsAlgo_stepDefinition.Array_SD.the_user_see_an_error_message(Array_SD.java:191)
	at ✽.The user see an error message &quot;Error occurred during submission&quot;(file:///C:/projectcompass/DsAlgo_ProjectCompass_BDD/src/test/resources/dsAlgo_FeatureFiles/MD05_Arrays.feature:207)
</pre></div></td>
<td>0</td>
<td>dsAlgo_Runner.TestRunner@1613674b</td></tr>
<tr>
<td title='dsAlgo_Runner.TestRunner.runScenario()'><b>runScenario</b><br>Test class: dsAlgo_Runner.TestRunner<br>Test method: Runs Cucumber Scenarios<br>Parameters: "Verify that user receives error on submitting valid python code for "Square of a sorted array" question", "The user can navigate to the array page in DsAlgo portal"</td>
<td><div><pre>java.lang.AssertionError: expected [Submission successful] but found [hello]
	at org.testng.Assert.fail(Assert.java:111)
	at org.testng.Assert.failNotEquals(Assert.java:1590)
	at org.testng.Assert.assertEqualsImpl(Assert.java:150)
	at org.testng.Assert.assertEquals(Assert.java:132)
	at org.testng.Assert.assertEquals(Assert.java:656)
	at org.testng.Assert.assertEquals(Assert.java:666)
	at org.testng.asserts.Assertion$11.doAssert(Assertion.java:186)
	at org.testng.asserts.Assertion.executeAssert(Assertion.java:25)
	at org.testng.asserts.Assertion.doAssert(Assertion.java:12)
	at org.testng.asserts.Assertion.assertEquals(Assertion.java:182)
	at dsAlgo_stepDefinition.Array_SD.the_user_see_success_message(Array_SD.java:213)
	at ✽.The user see success message &quot;Submission successful&quot;(file:///C:/projectcompass/DsAlgo_ProjectCompass_BDD/src/test/resources/dsAlgo_FeatureFiles/MD05_Arrays.feature:267)
</pre></div><a href='#' onClick='toggleBox("stack-trace827092873", this, "Click to show all stack frames", "Click to hide stack frames")'>Click to show all stack frames</a>
<div class='stack-trace' id='stack-trace827092873'><pre>java.lang.AssertionError: expected [Submission successful] but found [hello]
	at org.testng.Assert.fail(Assert.java:111)
	at org.testng.Assert.failNotEquals(Assert.java:1590)
	at org.testng.Assert.assertEqualsImpl(Assert.java:150)
	at org.testng.Assert.assertEquals(Assert.java:132)
	at org.testng.Assert.assertEquals(Assert.java:656)
	at org.testng.Assert.assertEquals(Assert.java:666)
	at org.testng.asserts.Assertion$11.doAssert(Assertion.java:186)
	at org.testng.asserts.Assertion.executeAssert(Assertion.java:25)
	at org.testng.asserts.Assertion.doAssert(Assertion.java:12)
	at org.testng.asserts.Assertion.assertEquals(Assertion.java:182)
	at dsAlgo_stepDefinition.Array_SD.the_user_see_success_message(Array_SD.java:213)
	at ✽.The user see success message &quot;Submission successful&quot;(file:///C:/projectcompass/DsAlgo_ProjectCompass_BDD/src/test/resources/dsAlgo_FeatureFiles/MD05_Arrays.feature:267)
</pre></div></td>
<td>0</td>
<td>dsAlgo_Runner.TestRunner@1613674b</td></tr>
<tr>
<td title='dsAlgo_Runner.TestRunner.runScenario()'><b>runScenario</b><br>Test class: dsAlgo_Runner.TestRunner<br>Test method: Runs Cucumber Scenarios<br>Parameters: "Verify that user receives error on submitting valid python code for "Max Consecutive Ones" question", "The user can navigate to the array page in DsAlgo portal"</td>
<td><div><pre>java.lang.AssertionError: expected [Submission successful] but found [hello]
	at org.testng.Assert.fail(Assert.java:111)
	at org.testng.Assert.failNotEquals(Assert.java:1590)
	at org.testng.Assert.assertEqualsImpl(Assert.java:150)
	at org.testng.Assert.assertEquals(Assert.java:132)
	at org.testng.Assert.assertEquals(Assert.java:656)
	at org.testng.Assert.assertEquals(Assert.java:666)
	at org.testng.asserts.Assertion$11.doAssert(Assertion.java:186)
	at org.testng.asserts.Assertion.executeAssert(Assertion.java:25)
	at org.testng.asserts.Assertion.doAssert(Assertion.java:12)
	at org.testng.asserts.Assertion.assertEquals(Assertion.java:182)
	at dsAlgo_stepDefinition.Array_SD.the_user_see_success_message(Array_SD.java:213)
	at ✽.The user see success message &quot;Submission successful&quot;(file:///C:/projectcompass/DsAlgo_ProjectCompass_BDD/src/test/resources/dsAlgo_FeatureFiles/MD05_Arrays.feature:342)
</pre></div><a href='#' onClick='toggleBox("stack-trace921999281", this, "Click to show all stack frames", "Click to hide stack frames")'>Click to show all stack frames</a>
<div class='stack-trace' id='stack-trace921999281'><pre>java.lang.AssertionError: expected [Submission successful] but found [hello]
	at org.testng.Assert.fail(Assert.java:111)
	at org.testng.Assert.failNotEquals(Assert.java:1590)
	at org.testng.Assert.assertEqualsImpl(Assert.java:150)
	at org.testng.Assert.assertEquals(Assert.java:132)
	at org.testng.Assert.assertEquals(Assert.java:656)
	at org.testng.Assert.assertEquals(Assert.java:666)
	at org.testng.asserts.Assertion$11.doAssert(Assertion.java:186)
	at org.testng.asserts.Assertion.executeAssert(Assertion.java:25)
	at org.testng.asserts.Assertion.doAssert(Assertion.java:12)
	at org.testng.asserts.Assertion.assertEquals(Assertion.java:182)
	at dsAlgo_stepDefinition.Array_SD.the_user_see_success_message(Array_SD.java:213)
	at ✽.The user see success message &quot;Submission successful&quot;(file:///C:/projectcompass/DsAlgo_ProjectCompass_BDD/src/test/resources/dsAlgo_FeatureFiles/MD05_Arrays.feature:342)
</pre></div></td>
<td>0</td>
<td>dsAlgo_Runner.TestRunner@1613674b</td></tr>
<tr>
<td title='dsAlgo_Runner.TestRunner.runScenario()'><b>runScenario</b><br>Test class: dsAlgo_Runner.TestRunner<br>Test method: Runs Cucumber Scenarios<br>Parameters: "Verify that user receives error on submitting valid python code for "Max Consecutive Ones" question", "The user can navigate to the array page in DsAlgo portal"</td>
<td><div><pre>java.lang.AssertionError: expected [Submission successful] but found [hello]
	at org.testng.Assert.fail(Assert.java:111)
	at org.testng.Assert.failNotEquals(Assert.java:1590)
	at org.testng.Assert.assertEqualsImpl(Assert.java:150)
	at org.testng.Assert.assertEquals(Assert.java:132)
	at org.testng.Assert.assertEquals(Assert.java:656)
	at org.testng.Assert.assertEquals(Assert.java:666)
	at org.testng.asserts.Assertion$11.doAssert(Assertion.java:186)
	at org.testng.asserts.Assertion.executeAssert(Assertion.java:25)
	at org.testng.asserts.Assertion.doAssert(Assertion.java:12)
	at org.testng.asserts.Assertion.assertEquals(Assertion.java:182)
	at dsAlgo_stepDefinition.Array_SD.the_user_see_success_message(Array_SD.java:213)
	at ✽.The user see success message &quot;Submission successful&quot;(file:///C:/projectcompass/DsAlgo_ProjectCompass_BDD/src/test/resources/dsAlgo_FeatureFiles/MD05_Arrays.feature:87)
</pre></div><a href='#' onClick='toggleBox("stack-trace1632419524", this, "Click to show all stack frames", "Click to hide stack frames")'>Click to show all stack frames</a>
<div class='stack-trace' id='stack-trace1632419524'><pre>java.lang.AssertionError: expected [Submission successful] but found [hello]
	at org.testng.Assert.fail(Assert.java:111)
	at org.testng.Assert.failNotEquals(Assert.java:1590)
	at org.testng.Assert.assertEqualsImpl(Assert.java:150)
	at org.testng.Assert.assertEquals(Assert.java:132)
	at org.testng.Assert.assertEquals(Assert.java:656)
	at org.testng.Assert.assertEquals(Assert.java:666)
	at org.testng.asserts.Assertion$11.doAssert(Assertion.java:186)
	at org.testng.asserts.Assertion.executeAssert(Assertion.java:25)
	at org.testng.asserts.Assertion.doAssert(Assertion.java:12)
	at org.testng.asserts.Assertion.assertEquals(Assertion.java:182)
	at dsAlgo_stepDefinition.Array_SD.the_user_see_success_message(Array_SD.java:213)
	at ✽.The user see success message &quot;Submission successful&quot;(file:///C:/projectcompass/DsAlgo_ProjectCompass_BDD/src/test/resources/dsAlgo_FeatureFiles/MD05_Arrays.feature:87)
</pre></div></td>
<td>0</td>
<td>dsAlgo_Runner.TestRunner@1613674b</td></tr>
<tr>
<td title='dsAlgo_Runner.TestRunner.runScenario()'><b>runScenario</b><br>Test class: dsAlgo_Runner.TestRunner<br>Test method: Runs Cucumber Scenarios<br>Parameters: "Verify that user receives error on submitting invalid python code for "Search the array" question", "The user can navigate to the array page in DsAlgo portal"</td>
<td><div><pre>java.lang.AssertionError: expected [Submission successful] but found []
	at org.testng.Assert.fail(Assert.java:111)
	at org.testng.Assert.failNotEquals(Assert.java:1590)
	at org.testng.Assert.assertEqualsImpl(Assert.java:150)
	at org.testng.Assert.assertEquals(Assert.java:132)
	at org.testng.Assert.assertEquals(Assert.java:656)
	at org.testng.Assert.assertEquals(Assert.java:666)
	at org.testng.asserts.Assertion$11.doAssert(Assertion.java:186)
	at org.testng.asserts.Assertion.executeAssert(Assertion.java:25)
	at org.testng.asserts.Assertion.doAssert(Assertion.java:12)
	at org.testng.asserts.Assertion.assertEquals(Assertion.java:182)
	at dsAlgo_stepDefinition.Array_SD.the_user_see_an_error_message(Array_SD.java:191)
	at ✽.The user see an error message &quot;Error occurred during submission&quot;(file:///C:/projectcompass/DsAlgo_ProjectCompass_BDD/src/test/resources/dsAlgo_FeatureFiles/MD05_Arrays.feature:182)
</pre></div><a href='#' onClick='toggleBox("stack-trace943613748", this, "Click to show all stack frames", "Click to hide stack frames")'>Click to show all stack frames</a>
<div class='stack-trace' id='stack-trace943613748'><pre>java.lang.AssertionError: expected [Submission successful] but found []
	at org.testng.Assert.fail(Assert.java:111)
	at org.testng.Assert.failNotEquals(Assert.java:1590)
	at org.testng.Assert.assertEqualsImpl(Assert.java:150)
	at org.testng.Assert.assertEquals(Assert.java:132)
	at org.testng.Assert.assertEquals(Assert.java:656)
	at org.testng.Assert.assertEquals(Assert.java:666)
	at org.testng.asserts.Assertion$11.doAssert(Assertion.java:186)
	at org.testng.asserts.Assertion.executeAssert(Assertion.java:25)
	at org.testng.asserts.Assertion.doAssert(Assertion.java:12)
	at org.testng.asserts.Assertion.assertEquals(Assertion.java:182)
	at dsAlgo_stepDefinition.Array_SD.the_user_see_an_error_message(Array_SD.java:191)
	at ✽.The user see an error message &quot;Error occurred during submission&quot;(file:///C:/projectcompass/DsAlgo_ProjectCompass_BDD/src/test/resources/dsAlgo_FeatureFiles/MD05_Arrays.feature:182)
</pre></div></td>
<td>0</td>
<td>dsAlgo_Runner.TestRunner@1613674b</td></tr>
<tr>
<td title='dsAlgo_Runner.TestRunner.runScenario()'><b>runScenario</b><br>Test class: dsAlgo_Runner.TestRunner<br>Test method: Runs Cucumber Scenarios<br>Parameters: "Verify that user receives error on submitting valid python code for "Search the array" question", "The user can navigate to the array page in DsAlgo portal"</td>
<td><div><pre>java.lang.AssertionError: expected [Submission successful] but found [Error occurred during submission]
	at org.testng.Assert.fail(Assert.java:111)
	at org.testng.Assert.failNotEquals(Assert.java:1590)
	at org.testng.Assert.assertEqualsImpl(Assert.java:150)
	at org.testng.Assert.assertEquals(Assert.java:132)
	at org.testng.Assert.assertEquals(Assert.java:656)
	at org.testng.Assert.assertEquals(Assert.java:666)
	at org.testng.asserts.Assertion$11.doAssert(Assertion.java:186)
	at org.testng.asserts.Assertion.executeAssert(Assertion.java:25)
	at org.testng.asserts.Assertion.doAssert(Assertion.java:12)
	at org.testng.asserts.Assertion.assertEquals(Assertion.java:182)
	at dsAlgo_stepDefinition.Array_SD.the_user_see_success_message(Array_SD.java:213)
	at ✽.The user see success message &quot;Submission successful&quot;(file:///C:/projectcompass/DsAlgo_ProjectCompass_BDD/src/test/resources/dsAlgo_FeatureFiles/MD05_Arrays.feature:322)
</pre></div><a href='#' onClick='toggleBox("stack-trace127835156", this, "Click to show all stack frames", "Click to hide stack frames")'>Click to show all stack frames</a>
<div class='stack-trace' id='stack-trace127835156'><pre>java.lang.AssertionError: expected [Submission successful] but found [Error occurred during submission]
	at org.testng.Assert.fail(Assert.java:111)
	at org.testng.Assert.failNotEquals(Assert.java:1590)
	at org.testng.Assert.assertEqualsImpl(Assert.java:150)
	at org.testng.Assert.assertEquals(Assert.java:132)
	at org.testng.Assert.assertEquals(Assert.java:656)
	at org.testng.Assert.assertEquals(Assert.java:666)
	at org.testng.asserts.Assertion$11.doAssert(Assertion.java:186)
	at org.testng.asserts.Assertion.executeAssert(Assertion.java:25)
	at org.testng.asserts.Assertion.doAssert(Assertion.java:12)
	at org.testng.asserts.Assertion.assertEquals(Assertion.java:182)
	at dsAlgo_stepDefinition.Array_SD.the_user_see_success_message(Array_SD.java:213)
	at ✽.The user see success message &quot;Submission successful&quot;(file:///C:/projectcompass/DsAlgo_ProjectCompass_BDD/src/test/resources/dsAlgo_FeatureFiles/MD05_Arrays.feature:322)
</pre></div></td>
<td>0</td>
<td>dsAlgo_Runner.TestRunner@1613674b</td></tr>
<tr>
<td title='dsAlgo_Runner.TestRunner.runScenario()'><b>runScenario</b><br>Test class: dsAlgo_Runner.TestRunner<br>Test method: Runs Cucumber Scenarios<br>Parameters: "Verify that user receives error on submitting valid python code for "Square of a sorted array" question", "The user can navigate to the array page in DsAlgo portal"</td>
<td><div><pre>java.lang.AssertionError: expected [Submission successful] but found [hello]
	at org.testng.Assert.fail(Assert.java:111)
	at org.testng.Assert.failNotEquals(Assert.java:1590)
	at org.testng.Assert.assertEqualsImpl(Assert.java:150)
	at org.testng.Assert.assertEquals(Assert.java:132)
	at org.testng.Assert.assertEquals(Assert.java:656)
	at org.testng.Assert.assertEquals(Assert.java:666)
	at org.testng.asserts.Assertion$11.doAssert(Assertion.java:186)
	at org.testng.asserts.Assertion.executeAssert(Assertion.java:25)
	at org.testng.asserts.Assertion.doAssert(Assertion.java:12)
	at org.testng.asserts.Assertion.assertEquals(Assertion.java:182)
	at dsAlgo_stepDefinition.Array_SD.the_user_see_success_message(Array_SD.java:213)
	at ✽.The user see success message &quot;Submission successful&quot;(file:///C:/projectcompass/DsAlgo_ProjectCompass_BDD/src/test/resources/dsAlgo_FeatureFiles/MD05_Arrays.feature:527)
</pre></div><a href='#' onClick='toggleBox("stack-trace513761429", this, "Click to show all stack frames", "Click to hide stack frames")'>Click to show all stack frames</a>
<div class='stack-trace' id='stack-trace513761429'><pre>java.lang.AssertionError: expected [Submission successful] but found [hello]
	at org.testng.Assert.fail(Assert.java:111)
	at org.testng.Assert.failNotEquals(Assert.java:1590)
	at org.testng.Assert.assertEqualsImpl(Assert.java:150)
	at org.testng.Assert.assertEquals(Assert.java:132)
	at org.testng.Assert.assertEquals(Assert.java:656)
	at org.testng.Assert.assertEquals(Assert.java:666)
	at org.testng.asserts.Assertion$11.doAssert(Assertion.java:186)
	at org.testng.asserts.Assertion.executeAssert(Assertion.java:25)
	at org.testng.asserts.Assertion.doAssert(Assertion.java:12)
	at org.testng.asserts.Assertion.assertEquals(Assertion.java:182)
	at dsAlgo_stepDefinition.Array_SD.the_user_see_success_message(Array_SD.java:213)
	at ✽.The user see success message &quot;Submission successful&quot;(file:///C:/projectcompass/DsAlgo_ProjectCompass_BDD/src/test/resources/dsAlgo_FeatureFiles/MD05_Arrays.feature:527)
</pre></div></td>
<td>0</td>
<td>dsAlgo_Runner.TestRunner@1613674b</td></tr>
<tr>
<td title='dsAlgo_Runner.TestRunner.runScenario()'><b>runScenario</b><br>Test class: dsAlgo_Runner.TestRunner<br>Test method: Runs Cucumber Scenarios<br>Parameters: "Verify that user receives error message for invalid username field during registration", "Testing whether user is able to Registered into dsAlgo portal"</td>
<td><div><pre>java.lang.AssertionError: expected [Invalid username] but found [password_mismatch:The two password fields didn’t match.]
	at org.testng.Assert.fail(Assert.java:111)
	at org.testng.Assert.failNotEquals(Assert.java:1590)
	at org.testng.Assert.assertEqualsImpl(Assert.java:150)
	at org.testng.Assert.assertEquals(Assert.java:132)
	at org.testng.Assert.assertEquals(Assert.java:656)
	at org.testng.Assert.assertEquals(Assert.java:666)
	at org.testng.asserts.Assertion$11.doAssert(Assertion.java:186)
	at org.testng.asserts.Assertion.executeAssert(Assertion.java:25)
	at org.testng.asserts.Assertion.doAssert(Assertion.java:12)
	at org.testng.asserts.Assertion.assertEquals(Assertion.java:182)
	at dsAlgo_stepDefinition.Register_SD.the_user_is_not_able_to_see_error_msg_after_entering_invalid_data(Register_SD.java:107)
	at ✽.The user is not able to see error msg after entering invalid data(file:///C:/projectcompass/DsAlgo_ProjectCompass_BDD/src/test/resources/dsAlgo_FeatureFiles/MD02_Register.feature:37)
</pre></div><a href='#' onClick='toggleBox("stack-trace1207580273", this, "Click to show all stack frames", "Click to hide stack frames")'>Click to show all stack frames</a>
<div class='stack-trace' id='stack-trace1207580273'><pre>java.lang.AssertionError: expected [Invalid username] but found [password_mismatch:The two password fields didn’t match.]
	at org.testng.Assert.fail(Assert.java:111)
	at org.testng.Assert.failNotEquals(Assert.java:1590)
	at org.testng.Assert.assertEqualsImpl(Assert.java:150)
	at org.testng.Assert.assertEquals(Assert.java:132)
	at org.testng.Assert.assertEquals(Assert.java:656)
	at org.testng.Assert.assertEquals(Assert.java:666)
	at org.testng.asserts.Assertion$11.doAssert(Assertion.java:186)
	at org.testng.asserts.Assertion.executeAssert(Assertion.java:25)
	at org.testng.asserts.Assertion.doAssert(Assertion.java:12)
	at org.testng.asserts.Assertion.assertEquals(Assertion.java:182)
	at dsAlgo_stepDefinition.Register_SD.the_user_is_not_able_to_see_error_msg_after_entering_invalid_data(Register_SD.java:107)
	at ✽.The user is not able to see error msg after entering invalid data(file:///C:/projectcompass/DsAlgo_ProjectCompass_BDD/src/test/resources/dsAlgo_FeatureFiles/MD02_Register.feature:37)
</pre></div></td>
<td>0</td>
<td>dsAlgo_Runner.TestRunner@1613674b</td></tr>
<tr>
<td title='dsAlgo_Runner.TestRunner.runScenario()'><b>runScenario</b><br>Test class: dsAlgo_Runner.TestRunner<br>Test method: Runs Cucumber Scenarios<br>Parameters: "Verify that user receives error on submitting invalid python code for "Find numbers with even number of digits" question", "The user can navigate to the array page in DsAlgo portal"</td>
<td><div><pre>java.lang.AssertionError: expected [Submission successful] but found []
	at org.testng.Assert.fail(Assert.java:111)
	at org.testng.Assert.failNotEquals(Assert.java:1590)
	at org.testng.Assert.assertEqualsImpl(Assert.java:150)
	at org.testng.Assert.assertEquals(Assert.java:132)
	at org.testng.Assert.assertEquals(Assert.java:656)
	at org.testng.Assert.assertEquals(Assert.java:666)
	at org.testng.asserts.Assertion$11.doAssert(Assertion.java:186)
	at org.testng.asserts.Assertion.executeAssert(Assertion.java:25)
	at org.testng.asserts.Assertion.doAssert(Assertion.java:12)
	at org.testng.asserts.Assertion.assertEquals(Assertion.java:182)
	at dsAlgo_stepDefinition.Array_SD.the_user_see_an_error_message(Array_SD.java:191)
	at ✽.The user see an error message &quot;Error occurred during submission&quot;(file:///C:/projectcompass/DsAlgo_ProjectCompass_BDD/src/test/resources/dsAlgo_FeatureFiles/MD05_Arrays.feature:362)
</pre></div><a href='#' onClick='toggleBox("stack-trace2085764061", this, "Click to show all stack frames", "Click to hide stack frames")'>Click to show all stack frames</a>
<div class='stack-trace' id='stack-trace2085764061'><pre>java.lang.AssertionError: expected [Submission successful] but found []
	at org.testng.Assert.fail(Assert.java:111)
	at org.testng.Assert.failNotEquals(Assert.java:1590)
	at org.testng.Assert.assertEqualsImpl(Assert.java:150)
	at org.testng.Assert.assertEquals(Assert.java:132)
	at org.testng.Assert.assertEquals(Assert.java:656)
	at org.testng.Assert.assertEquals(Assert.java:666)
	at org.testng.asserts.Assertion$11.doAssert(Assertion.java:186)
	at org.testng.asserts.Assertion.executeAssert(Assertion.java:25)
	at org.testng.asserts.Assertion.doAssert(Assertion.java:12)
	at org.testng.asserts.Assertion.assertEquals(Assertion.java:182)
	at dsAlgo_stepDefinition.Array_SD.the_user_see_an_error_message(Array_SD.java:191)
	at ✽.The user see an error message &quot;Error occurred during submission&quot;(file:///C:/projectcompass/DsAlgo_ProjectCompass_BDD/src/test/resources/dsAlgo_FeatureFiles/MD05_Arrays.feature:362)
</pre></div></td>
<td>0</td>
<td>dsAlgo_Runner.TestRunner@1613674b</td></tr>
<tr>
<td title='dsAlgo_Runner.TestRunner.runScenario()'><b>runScenario</b><br>Test class: dsAlgo_Runner.TestRunner<br>Test method: Runs Cucumber Scenarios<br>Parameters: "Verify that user receives error on submitting valid python code for "Square of a sorted array" question", "The user can navigate to the array page in DsAlgo portal"</td>
<td><div><pre>java.lang.AssertionError: expected [Submission successful] but found [hello]
	at org.testng.Assert.fail(Assert.java:111)
	at org.testng.Assert.failNotEquals(Assert.java:1590)
	at org.testng.Assert.assertEqualsImpl(Assert.java:150)
	at org.testng.Assert.assertEquals(Assert.java:132)
	at org.testng.Assert.assertEquals(Assert.java:656)
	at org.testng.Assert.assertEquals(Assert.java:666)
	at org.testng.asserts.Assertion$11.doAssert(Assertion.java:186)
	at org.testng.asserts.Assertion.executeAssert(Assertion.java:25)
	at org.testng.asserts.Assertion.doAssert(Assertion.java:12)
	at org.testng.asserts.Assertion.assertEquals(Assertion.java:182)
	at dsAlgo_stepDefinition.Array_SD.the_user_see_success_message(Array_SD.java:213)
	at ✽.The user see success message &quot;Submission successful&quot;(file:///C:/projectcompass/DsAlgo_ProjectCompass_BDD/src/test/resources/dsAlgo_FeatureFiles/MD05_Arrays.feature:397)
</pre></div><a href='#' onClick='toggleBox("stack-trace179168674", this, "Click to show all stack frames", "Click to hide stack frames")'>Click to show all stack frames</a>
<div class='stack-trace' id='stack-trace179168674'><pre>java.lang.AssertionError: expected [Submission successful] but found [hello]
	at org.testng.Assert.fail(Assert.java:111)
	at org.testng.Assert.failNotEquals(Assert.java:1590)
	at org.testng.Assert.assertEqualsImpl(Assert.java:150)
	at org.testng.Assert.assertEquals(Assert.java:132)
	at org.testng.Assert.assertEquals(Assert.java:656)
	at org.testng.Assert.assertEquals(Assert.java:666)
	at org.testng.asserts.Assertion$11.doAssert(Assertion.java:186)
	at org.testng.asserts.Assertion.executeAssert(Assertion.java:25)
	at org.testng.asserts.Assertion.doAssert(Assertion.java:12)
	at org.testng.asserts.Assertion.assertEquals(Assertion.java:182)
	at dsAlgo_stepDefinition.Array_SD.the_user_see_success_message(Array_SD.java:213)
	at ✽.The user see success message &quot;Submission successful&quot;(file:///C:/projectcompass/DsAlgo_ProjectCompass_BDD/src/test/resources/dsAlgo_FeatureFiles/MD05_Arrays.feature:397)
</pre></div></td>
<td>0</td>
<td>dsAlgo_Runner.TestRunner@1613674b</td></tr>
<tr>
<td title='dsAlgo_Runner.TestRunner.runScenario()'><b>runScenario</b><br>Test class: dsAlgo_Runner.TestRunner<br>Test method: Runs Cucumber Scenarios<br>Parameters: "Verify that user receives error on submitting invalid python code for "Square of a sorted array" question", "The user can navigate to the array page in DsAlgo portal"</td>
<td><div><pre>java.lang.AssertionError: expected [Submission successful] but found []
	at org.testng.Assert.fail(Assert.java:111)
	at org.testng.Assert.failNotEquals(Assert.java:1590)
	at org.testng.Assert.assertEqualsImpl(Assert.java:150)
	at org.testng.Assert.assertEquals(Assert.java:132)
	at org.testng.Assert.assertEquals(Assert.java:656)
	at org.testng.Assert.assertEquals(Assert.java:666)
	at org.testng.asserts.Assertion$11.doAssert(Assertion.java:186)
	at org.testng.asserts.Assertion.executeAssert(Assertion.java:25)
	at org.testng.asserts.Assertion.doAssert(Assertion.java:12)
	at org.testng.asserts.Assertion.assertEquals(Assertion.java:182)
	at dsAlgo_stepDefinition.Array_SD.the_user_see_an_error_message_in_console(Array_SD.java:242)
	at ✽.The user see an error message &quot;No Tests were collected&quot; in console(file:///C:/projectcompass/DsAlgo_ProjectCompass_BDD/src/test/resources/dsAlgo_FeatureFiles/MD05_Arrays.feature:127)
</pre></div><a href='#' onClick='toggleBox("stack-trace1339630217", this, "Click to show all stack frames", "Click to hide stack frames")'>Click to show all stack frames</a>
<div class='stack-trace' id='stack-trace1339630217'><pre>java.lang.AssertionError: expected [Submission successful] but found []
	at org.testng.Assert.fail(Assert.java:111)
	at org.testng.Assert.failNotEquals(Assert.java:1590)
	at org.testng.Assert.assertEqualsImpl(Assert.java:150)
	at org.testng.Assert.assertEquals(Assert.java:132)
	at org.testng.Assert.assertEquals(Assert.java:656)
	at org.testng.Assert.assertEquals(Assert.java:666)
	at org.testng.asserts.Assertion$11.doAssert(Assertion.java:186)
	at org.testng.asserts.Assertion.executeAssert(Assertion.java:25)
	at org.testng.asserts.Assertion.doAssert(Assertion.java:12)
	at org.testng.asserts.Assertion.assertEquals(Assertion.java:182)
	at dsAlgo_stepDefinition.Array_SD.the_user_see_an_error_message_in_console(Array_SD.java:242)
	at ✽.The user see an error message &quot;No Tests were collected&quot; in console(file:///C:/projectcompass/DsAlgo_ProjectCompass_BDD/src/test/resources/dsAlgo_FeatureFiles/MD05_Arrays.feature:127)
</pre></div></td>
<td>0</td>
<td>dsAlgo_Runner.TestRunner@1613674b</td></tr>
<tr>
<td title='dsAlgo_Runner.TestRunner.runScenario()'><b>runScenario</b><br>Test class: dsAlgo_Runner.TestRunner<br>Test method: Runs Cucumber Scenarios<br>Parameters: "Verify that user is able to navigate to "Introduction" page", "Testing whether the user is navigating to Linked List Page and perform actions"</td>
<td><div><pre>java.lang.AssertionError: https://dsportalapp.herokuapp.com/linked-list/ expected [https://dsportalapp.herokuapp.com/linked-list/] but found [https://dsportalapp.herokuapp.com/question/4]
	at org.testng.Assert.fail(Assert.java:111)
	at org.testng.Assert.failNotEquals(Assert.java:1590)
	at org.testng.Assert.assertEqualsImpl(Assert.java:150)
	at org.testng.Assert.assertEquals(Assert.java:132)
	at org.testng.Assert.assertEquals(Assert.java:656)
	at org.testng.asserts.Assertion$10.doAssert(Assertion.java:176)
	at org.testng.asserts.Assertion.executeAssert(Assertion.java:25)
	at org.testng.asserts.Assertion.doAssert(Assertion.java:12)
	at org.testng.asserts.Assertion.assertEquals(Assertion.java:172)
	at dsAlgo_stepDefinition.LinkedList_SD.the_user_is_in_the_page_sign_in(LinkedList_SD.java:37)
	at ✽.The user is in the &quot;Linked list&quot; page Sign in(file:///C:/projectcompass/DsAlgo_ProjectCompass_BDD/src/test/resources/dsAlgo_FeatureFiles/MD06_LinkedList.feature:16)
</pre></div><a href='#' onClick='toggleBox("stack-trace1966075071", this, "Click to show all stack frames", "Click to hide stack frames")'>Click to show all stack frames</a>
<div class='stack-trace' id='stack-trace1966075071'><pre>java.lang.AssertionError: https://dsportalapp.herokuapp.com/linked-list/ expected [https://dsportalapp.herokuapp.com/linked-list/] but found [https://dsportalapp.herokuapp.com/question/4]
	at org.testng.Assert.fail(Assert.java:111)
	at org.testng.Assert.failNotEquals(Assert.java:1590)
	at org.testng.Assert.assertEqualsImpl(Assert.java:150)
	at org.testng.Assert.assertEquals(Assert.java:132)
	at org.testng.Assert.assertEquals(Assert.java:656)
	at org.testng.asserts.Assertion$10.doAssert(Assertion.java:176)
	at org.testng.asserts.Assertion.executeAssert(Assertion.java:25)
	at org.testng.asserts.Assertion.doAssert(Assertion.java:12)
	at org.testng.asserts.Assertion.assertEquals(Assertion.java:172)
	at dsAlgo_stepDefinition.LinkedList_SD.the_user_is_in_the_page_sign_in(LinkedList_SD.java:37)
	at ✽.The user is in the &quot;Linked list&quot; page Sign in(file:///C:/projectcompass/DsAlgo_ProjectCompass_BDD/src/test/resources/dsAlgo_FeatureFiles/MD06_LinkedList.feature:16)
</pre></div></td>
<td>0</td>
<td>dsAlgo_Runner.TestRunner@1613674b</td></tr>
<tr>
<td title='dsAlgo_Runner.TestRunner.runScenario()'><b>runScenario</b><br>Test class: dsAlgo_Runner.TestRunner<br>Test method: Runs Cucumber Scenarios<br>Parameters: "Verify that user is able to navigate to "Linked List" Data Structure page", "Testing whether the user is navigating to Linked List Page and perform actions"</td>
<td><div><pre>java.lang.AssertionError: https://dsportalapp.herokuapp.com/home expected [https://dsportalapp.herokuapp.com/home] but found [https://dsportalapp.herokuapp.com/question/4]
	at org.testng.Assert.fail(Assert.java:111)
	at org.testng.Assert.failNotEquals(Assert.java:1590)
	at org.testng.Assert.assertEqualsImpl(Assert.java:150)
	at org.testng.Assert.assertEquals(Assert.java:132)
	at org.testng.Assert.assertEquals(Assert.java:656)
	at org.testng.asserts.Assertion$10.doAssert(Assertion.java:176)
	at org.testng.asserts.Assertion.executeAssert(Assertion.java:25)
	at org.testng.asserts.Assertion.doAssert(Assertion.java:12)
	at org.testng.asserts.Assertion.assertEquals(Assertion.java:172)
	at dsAlgo_stepDefinition.DataStructure_SD.the_user_is_in_the_home_page_after_logged_in(DataStructure_SD.java:25)
	at ✽.The user is in the Home page after logged in(file:///C:/projectcompass/DsAlgo_ProjectCompass_BDD/src/test/resources/dsAlgo_FeatureFiles/MD06_LinkedList.feature:10)
</pre></div><a href='#' onClick='toggleBox("stack-trace1963645656", this, "Click to show all stack frames", "Click to hide stack frames")'>Click to show all stack frames</a>
<div class='stack-trace' id='stack-trace1963645656'><pre>java.lang.AssertionError: https://dsportalapp.herokuapp.com/home expected [https://dsportalapp.herokuapp.com/home] but found [https://dsportalapp.herokuapp.com/question/4]
	at org.testng.Assert.fail(Assert.java:111)
	at org.testng.Assert.failNotEquals(Assert.java:1590)
	at org.testng.Assert.assertEqualsImpl(Assert.java:150)
	at org.testng.Assert.assertEquals(Assert.java:132)
	at org.testng.Assert.assertEquals(Assert.java:656)
	at org.testng.asserts.Assertion$10.doAssert(Assertion.java:176)
	at org.testng.asserts.Assertion.executeAssert(Assertion.java:25)
	at org.testng.asserts.Assertion.doAssert(Assertion.java:12)
	at org.testng.asserts.Assertion.assertEquals(Assertion.java:172)
	at dsAlgo_stepDefinition.DataStructure_SD.the_user_is_in_the_home_page_after_logged_in(DataStructure_SD.java:25)
	at ✽.The user is in the Home page after logged in(file:///C:/projectcompass/DsAlgo_ProjectCompass_BDD/src/test/resources/dsAlgo_FeatureFiles/MD06_LinkedList.feature:10)
</pre></div></td>
<td>0</td>
<td>dsAlgo_Runner.TestRunner@1613674b</td></tr>
<tr>
<td title='dsAlgo_Runner.TestRunner.runScenario()'><b>runScenario</b><br>Test class: dsAlgo_Runner.TestRunner<br>Test method: Runs Cucumber Scenarios<br>Parameters: "Verify that user receives error on submitting invalid python code for "Max Consecutive Ones" question", "The user can navigate to the array page in DsAlgo portal"</td>
<td><div><pre>java.lang.AssertionError: expected [Submission successful] but found [hello]
	at org.testng.Assert.fail(Assert.java:111)
	at org.testng.Assert.failNotEquals(Assert.java:1590)
	at org.testng.Assert.assertEqualsImpl(Assert.java:150)
	at org.testng.Assert.assertEquals(Assert.java:132)
	at org.testng.Assert.assertEquals(Assert.java:656)
	at org.testng.Assert.assertEquals(Assert.java:666)
	at org.testng.asserts.Assertion$11.doAssert(Assertion.java:186)
	at org.testng.asserts.Assertion.executeAssert(Assertion.java:25)
	at org.testng.asserts.Assertion.doAssert(Assertion.java:12)
	at org.testng.asserts.Assertion.assertEquals(Assertion.java:182)
	at dsAlgo_stepDefinition.Array_SD.the_user_see_an_error_message(Array_SD.java:191)
	at ✽.The user see an error message &quot;Error occurred during submission&quot;(file:///C:/projectcompass/DsAlgo_ProjectCompass_BDD/src/test/resources/dsAlgo_FeatureFiles/MD05_Arrays.feature:347)
</pre></div><a href='#' onClick='toggleBox("stack-trace1156336184", this, "Click to show all stack frames", "Click to hide stack frames")'>Click to show all stack frames</a>
<div class='stack-trace' id='stack-trace1156336184'><pre>java.lang.AssertionError: expected [Submission successful] but found [hello]
	at org.testng.Assert.fail(Assert.java:111)
	at org.testng.Assert.failNotEquals(Assert.java:1590)
	at org.testng.Assert.assertEqualsImpl(Assert.java:150)
	at org.testng.Assert.assertEquals(Assert.java:132)
	at org.testng.Assert.assertEquals(Assert.java:656)
	at org.testng.Assert.assertEquals(Assert.java:666)
	at org.testng.asserts.Assertion$11.doAssert(Assertion.java:186)
	at org.testng.asserts.Assertion.executeAssert(Assertion.java:25)
	at org.testng.asserts.Assertion.doAssert(Assertion.java:12)
	at org.testng.asserts.Assertion.assertEquals(Assertion.java:182)
	at dsAlgo_stepDefinition.Array_SD.the_user_see_an_error_message(Array_SD.java:191)
	at ✽.The user see an error message &quot;Error occurred during submission&quot;(file:///C:/projectcompass/DsAlgo_ProjectCompass_BDD/src/test/resources/dsAlgo_FeatureFiles/MD05_Arrays.feature:347)
</pre></div></td>
<td>0</td>
<td>dsAlgo_Runner.TestRunner@1613674b</td></tr>
<tr>
<td title='dsAlgo_Runner.TestRunner.runScenario()'><b>runScenario</b><br>Test class: dsAlgo_Runner.TestRunner<br>Test method: Runs Cucumber Scenarios<br>Parameters: "Verify that user receives error on submitting valid python code for "Search the array" question", "The user can navigate to the array page in DsAlgo portal"</td>
<td><div><pre>java.lang.AssertionError: expected [Submission successful] but found [hello]
	at org.testng.Assert.fail(Assert.java:111)
	at org.testng.Assert.failNotEquals(Assert.java:1590)
	at org.testng.Assert.assertEqualsImpl(Assert.java:150)
	at org.testng.Assert.assertEquals(Assert.java:132)
	at org.testng.Assert.assertEquals(Assert.java:656)
	at org.testng.Assert.assertEquals(Assert.java:666)
	at org.testng.asserts.Assertion$11.doAssert(Assertion.java:186)
	at org.testng.asserts.Assertion.executeAssert(Assertion.java:25)
	at org.testng.asserts.Assertion.doAssert(Assertion.java:12)
	at org.testng.asserts.Assertion.assertEquals(Assertion.java:182)
	at dsAlgo_stepDefinition.Array_SD.the_user_see_success_message(Array_SD.java:213)
	at ✽.The user see success message &quot;Submission successful&quot;(file:///C:/projectcompass/DsAlgo_ProjectCompass_BDD/src/test/resources/dsAlgo_FeatureFiles/MD05_Arrays.feature:192)
</pre></div><a href='#' onClick='toggleBox("stack-trace1796597388", this, "Click to show all stack frames", "Click to hide stack frames")'>Click to show all stack frames</a>
<div class='stack-trace' id='stack-trace1796597388'><pre>java.lang.AssertionError: expected [Submission successful] but found [hello]
	at org.testng.Assert.fail(Assert.java:111)
	at org.testng.Assert.failNotEquals(Assert.java:1590)
	at org.testng.Assert.assertEqualsImpl(Assert.java:150)
	at org.testng.Assert.assertEquals(Assert.java:132)
	at org.testng.Assert.assertEquals(Assert.java:656)
	at org.testng.Assert.assertEquals(Assert.java:666)
	at org.testng.asserts.Assertion$11.doAssert(Assertion.java:186)
	at org.testng.asserts.Assertion.executeAssert(Assertion.java:25)
	at org.testng.asserts.Assertion.doAssert(Assertion.java:12)
	at org.testng.asserts.Assertion.assertEquals(Assertion.java:182)
	at dsAlgo_stepDefinition.Array_SD.the_user_see_success_message(Array_SD.java:213)
	at ✽.The user see success message &quot;Submission successful&quot;(file:///C:/projectcompass/DsAlgo_ProjectCompass_BDD/src/test/resources/dsAlgo_FeatureFiles/MD05_Arrays.feature:192)
</pre></div></td>
<td>0</td>
<td>dsAlgo_Runner.TestRunner@1613674b</td></tr>
<tr>
<td title='dsAlgo_Runner.TestRunner.runScenario()'><b>runScenario</b><br>Test class: dsAlgo_Runner.TestRunner<br>Test method: Runs Cucumber Scenarios<br>Parameters: "Verify that user receives error on submitting invalid python code for "Find numbers with even number of digits" question", "The user can navigate to the array page in DsAlgo portal"</td>
<td><div><pre>java.lang.AssertionError: expected [Submission successful] but found []
	at org.testng.Assert.fail(Assert.java:111)
	at org.testng.Assert.failNotEquals(Assert.java:1590)
	at org.testng.Assert.assertEqualsImpl(Assert.java:150)
	at org.testng.Assert.assertEquals(Assert.java:132)
	at org.testng.Assert.assertEquals(Assert.java:656)
	at org.testng.Assert.assertEquals(Assert.java:666)
	at org.testng.asserts.Assertion$11.doAssert(Assertion.java:186)
	at org.testng.asserts.Assertion.executeAssert(Assertion.java:25)
	at org.testng.asserts.Assertion.doAssert(Assertion.java:12)
	at org.testng.asserts.Assertion.assertEquals(Assertion.java:182)
	at dsAlgo_stepDefinition.Array_SD.the_user_see_an_error_message(Array_SD.java:191)
	at ✽.The user see an error message &quot;Error occurred during submission&quot;(file:///C:/projectcompass/DsAlgo_ProjectCompass_BDD/src/test/resources/dsAlgo_FeatureFiles/MD05_Arrays.feature:232)
</pre></div><a href='#' onClick='toggleBox("stack-trace1609562230", this, "Click to show all stack frames", "Click to hide stack frames")'>Click to show all stack frames</a>
<div class='stack-trace' id='stack-trace1609562230'><pre>java.lang.AssertionError: expected [Submission successful] but found []
	at org.testng.Assert.fail(Assert.java:111)
	at org.testng.Assert.failNotEquals(Assert.java:1590)
	at org.testng.Assert.assertEqualsImpl(Assert.java:150)
	at org.testng.Assert.assertEquals(Assert.java:132)
	at org.testng.Assert.assertEquals(Assert.java:656)
	at org.testng.Assert.assertEquals(Assert.java:666)
	at org.testng.asserts.Assertion$11.doAssert(Assertion.java:186)
	at org.testng.asserts.Assertion.executeAssert(Assertion.java:25)
	at org.testng.asserts.Assertion.doAssert(Assertion.java:12)
	at org.testng.asserts.Assertion.assertEquals(Assertion.java:182)
	at dsAlgo_stepDefinition.Array_SD.the_user_see_an_error_message(Array_SD.java:191)
	at ✽.The user see an error message &quot;Error occurred during submission&quot;(file:///C:/projectcompass/DsAlgo_ProjectCompass_BDD/src/test/resources/dsAlgo_FeatureFiles/MD05_Arrays.feature:232)
</pre></div></td>
<td>0</td>
<td>dsAlgo_Runner.TestRunner@1613674b</td></tr>
<tr>
<td title='dsAlgo_Runner.TestRunner.runScenario()'><b>runScenario</b><br>Test class: dsAlgo_Runner.TestRunner<br>Test method: Runs Cucumber Scenarios<br>Parameters: "Verify that user receives error on submitting invalid python code for "Search the array" question", "The user can navigate to the array page in DsAlgo portal"</td>
<td><div><pre>java.lang.AssertionError: expected [Submission successful] but found []
	at org.testng.Assert.fail(Assert.java:111)
	at org.testng.Assert.failNotEquals(Assert.java:1590)
	at org.testng.Assert.assertEqualsImpl(Assert.java:150)
	at org.testng.Assert.assertEquals(Assert.java:132)
	at org.testng.Assert.assertEquals(Assert.java:656)
	at org.testng.Assert.assertEquals(Assert.java:666)
	at org.testng.asserts.Assertion$11.doAssert(Assertion.java:186)
	at org.testng.asserts.Assertion.executeAssert(Assertion.java:25)
	at org.testng.asserts.Assertion.doAssert(Assertion.java:12)
	at org.testng.asserts.Assertion.assertEquals(Assertion.java:182)
	at dsAlgo_stepDefinition.Array_SD.the_user_see_an_error_message(Array_SD.java:191)
	at ✽.The user see an error message &quot;Error occurred during submission&quot;(file:///C:/projectcompass/DsAlgo_ProjectCompass_BDD/src/test/resources/dsAlgo_FeatureFiles/MD05_Arrays.feature:442)
</pre></div><a href='#' onClick='toggleBox("stack-trace1721002441", this, "Click to show all stack frames", "Click to hide stack frames")'>Click to show all stack frames</a>
<div class='stack-trace' id='stack-trace1721002441'><pre>java.lang.AssertionError: expected [Submission successful] but found []
	at org.testng.Assert.fail(Assert.java:111)
	at org.testng.Assert.failNotEquals(Assert.java:1590)
	at org.testng.Assert.assertEqualsImpl(Assert.java:150)
	at org.testng.Assert.assertEquals(Assert.java:132)
	at org.testng.Assert.assertEquals(Assert.java:656)
	at org.testng.Assert.assertEquals(Assert.java:666)
	at org.testng.asserts.Assertion$11.doAssert(Assertion.java:186)
	at org.testng.asserts.Assertion.executeAssert(Assertion.java:25)
	at org.testng.asserts.Assertion.doAssert(Assertion.java:12)
	at org.testng.asserts.Assertion.assertEquals(Assertion.java:182)
	at dsAlgo_stepDefinition.Array_SD.the_user_see_an_error_message(Array_SD.java:191)
	at ✽.The user see an error message &quot;Error occurred during submission&quot;(file:///C:/projectcompass/DsAlgo_ProjectCompass_BDD/src/test/resources/dsAlgo_FeatureFiles/MD05_Arrays.feature:442)
</pre></div></td>
<td>0</td>
<td>dsAlgo_Runner.TestRunner@1613674b</td></tr>
<tr>
<td title='dsAlgo_Runner.TestRunner.runScenario()'><b>runScenario</b><br>Test class: dsAlgo_Runner.TestRunner<br>Test method: Runs Cucumber Scenarios<br>Parameters: "Verify that user receives error on submitting invalid python code for "Square of a sorted array" question", "The user can navigate to the array page in DsAlgo portal"</td>
<td><div><pre>java.lang.AssertionError: expected [Submission successful] but found []
	at org.testng.Assert.fail(Assert.java:111)
	at org.testng.Assert.failNotEquals(Assert.java:1590)
	at org.testng.Assert.assertEqualsImpl(Assert.java:150)
	at org.testng.Assert.assertEquals(Assert.java:132)
	at org.testng.Assert.assertEquals(Assert.java:656)
	at org.testng.Assert.assertEquals(Assert.java:666)
	at org.testng.asserts.Assertion$11.doAssert(Assertion.java:186)
	at org.testng.asserts.Assertion.executeAssert(Assertion.java:25)
	at org.testng.asserts.Assertion.doAssert(Assertion.java:12)
	at org.testng.asserts.Assertion.assertEquals(Assertion.java:182)
	at dsAlgo_stepDefinition.Array_SD.the_user_see_an_error_message_in_console(Array_SD.java:242)
	at ✽.The user see an error message &quot;No Tests were collected&quot; in console(file:///C:/projectcompass/DsAlgo_ProjectCompass_BDD/src/test/resources/dsAlgo_FeatureFiles/MD05_Arrays.feature:257)
</pre></div><a href='#' onClick='toggleBox("stack-trace1768140989", this, "Click to show all stack frames", "Click to hide stack frames")'>Click to show all stack frames</a>
<div class='stack-trace' id='stack-trace1768140989'><pre>java.lang.AssertionError: expected [Submission successful] but found []
	at org.testng.Assert.fail(Assert.java:111)
	at org.testng.Assert.failNotEquals(Assert.java:1590)
	at org.testng.Assert.assertEqualsImpl(Assert.java:150)
	at org.testng.Assert.assertEquals(Assert.java:132)
	at org.testng.Assert.assertEquals(Assert.java:656)
	at org.testng.Assert.assertEquals(Assert.java:666)
	at org.testng.asserts.Assertion$11.doAssert(Assertion.java:186)
	at org.testng.asserts.Assertion.executeAssert(Assertion.java:25)
	at org.testng.asserts.Assertion.doAssert(Assertion.java:12)
	at org.testng.asserts.Assertion.assertEquals(Assertion.java:182)
	at dsAlgo_stepDefinition.Array_SD.the_user_see_an_error_message_in_console(Array_SD.java:242)
	at ✽.The user see an error message &quot;No Tests were collected&quot; in console(file:///C:/projectcompass/DsAlgo_ProjectCompass_BDD/src/test/resources/dsAlgo_FeatureFiles/MD05_Arrays.feature:257)
</pre></div></td>
<td>0</td>
<td>dsAlgo_Runner.TestRunner@1613674b</td></tr>
<tr>
<td title='dsAlgo_Runner.TestRunner.runScenario()'><b>runScenario</b><br>Test class: dsAlgo_Runner.TestRunner<br>Test method: Runs Cucumber Scenarios<br>Parameters: "Verify that user receives error on submitting invalid python code for "Square of a sorted array" question", "The user can navigate to the array page in DsAlgo portal"</td>
<td><div><pre>java.lang.AssertionError: expected [Submission successful] but found []
	at org.testng.Assert.fail(Assert.java:111)
	at org.testng.Assert.failNotEquals(Assert.java:1590)
	at org.testng.Assert.assertEqualsImpl(Assert.java:150)
	at org.testng.Assert.assertEquals(Assert.java:132)
	at org.testng.Assert.assertEquals(Assert.java:656)
	at org.testng.Assert.assertEquals(Assert.java:666)
	at org.testng.asserts.Assertion$11.doAssert(Assertion.java:186)
	at org.testng.asserts.Assertion.executeAssert(Assertion.java:25)
	at org.testng.asserts.Assertion.doAssert(Assertion.java:12)
	at org.testng.asserts.Assertion.assertEquals(Assertion.java:182)
	at dsAlgo_stepDefinition.Array_SD.the_user_see_an_error_message_in_console(Array_SD.java:242)
	at ✽.The user see an error message &quot;No tests were Collected&quot; in console(file:///C:/projectcompass/DsAlgo_ProjectCompass_BDD/src/test/resources/dsAlgo_FeatureFiles/MD05_Arrays.feature:517)
</pre></div><a href='#' onClick='toggleBox("stack-trace1885867912", this, "Click to show all stack frames", "Click to hide stack frames")'>Click to show all stack frames</a>
<div class='stack-trace' id='stack-trace1885867912'><pre>java.lang.AssertionError: expected [Submission successful] but found []
	at org.testng.Assert.fail(Assert.java:111)
	at org.testng.Assert.failNotEquals(Assert.java:1590)
	at org.testng.Assert.assertEqualsImpl(Assert.java:150)
	at org.testng.Assert.assertEquals(Assert.java:132)
	at org.testng.Assert.assertEquals(Assert.java:656)
	at org.testng.Assert.assertEquals(Assert.java:666)
	at org.testng.asserts.Assertion$11.doAssert(Assertion.java:186)
	at org.testng.asserts.Assertion.executeAssert(Assertion.java:25)
	at org.testng.asserts.Assertion.doAssert(Assertion.java:12)
	at org.testng.asserts.Assertion.assertEquals(Assertion.java:182)
	at dsAlgo_stepDefinition.Array_SD.the_user_see_an_error_message_in_console(Array_SD.java:242)
	at ✽.The user see an error message &quot;No tests were Collected&quot; in console(file:///C:/projectcompass/DsAlgo_ProjectCompass_BDD/src/test/resources/dsAlgo_FeatureFiles/MD05_Arrays.feature:517)
</pre></div></td>
<td>0</td>
<td>dsAlgo_Runner.TestRunner@1613674b</td></tr>
<tr>
<td title='dsAlgo_Runner.TestRunner.runScenario()'><b>runScenario</b><br>Test class: dsAlgo_Runner.TestRunner<br>Test method: Runs Cucumber Scenarios<br>Parameters: "Verify that user receives error on submitting valid python code for "Square of a sorted array" question", "The user can navigate to the array page in DsAlgo portal"</td>
<td><div><pre>java.lang.AssertionError: expected [Submission successful] but found [hello]
	at org.testng.Assert.fail(Assert.java:111)
	at org.testng.Assert.failNotEquals(Assert.java:1590)
	at org.testng.Assert.assertEqualsImpl(Assert.java:150)
	at org.testng.Assert.assertEquals(Assert.java:132)
	at org.testng.Assert.assertEquals(Assert.java:656)
	at org.testng.Assert.assertEquals(Assert.java:666)
	at org.testng.asserts.Assertion$11.doAssert(Assertion.java:186)
	at org.testng.asserts.Assertion.executeAssert(Assertion.java:25)
	at org.testng.asserts.Assertion.doAssert(Assertion.java:12)
	at org.testng.asserts.Assertion.assertEquals(Assertion.java:182)
	at dsAlgo_stepDefinition.Array_SD.the_user_see_success_message(Array_SD.java:213)
	at ✽.The user see success message &quot;Submission successful&quot;(file:///C:/projectcompass/DsAlgo_ProjectCompass_BDD/src/test/resources/dsAlgo_FeatureFiles/MD05_Arrays.feature:137)
</pre></div><a href='#' onClick='toggleBox("stack-trace732108994", this, "Click to show all stack frames", "Click to hide stack frames")'>Click to show all stack frames</a>
<div class='stack-trace' id='stack-trace732108994'><pre>java.lang.AssertionError: expected [Submission successful] but found [hello]
	at org.testng.Assert.fail(Assert.java:111)
	at org.testng.Assert.failNotEquals(Assert.java:1590)
	at org.testng.Assert.assertEqualsImpl(Assert.java:150)
	at org.testng.Assert.assertEquals(Assert.java:132)
	at org.testng.Assert.assertEquals(Assert.java:656)
	at org.testng.Assert.assertEquals(Assert.java:666)
	at org.testng.asserts.Assertion$11.doAssert(Assertion.java:186)
	at org.testng.asserts.Assertion.executeAssert(Assertion.java:25)
	at org.testng.asserts.Assertion.doAssert(Assertion.java:12)
	at org.testng.asserts.Assertion.assertEquals(Assertion.java:182)
	at dsAlgo_stepDefinition.Array_SD.the_user_see_success_message(Array_SD.java:213)
	at ✽.The user see success message &quot;Submission successful&quot;(file:///C:/projectcompass/DsAlgo_ProjectCompass_BDD/src/test/resources/dsAlgo_FeatureFiles/MD05_Arrays.feature:137)
</pre></div></td>
<td>0</td>
<td>dsAlgo_Runner.TestRunner@1613674b</td></tr>
<tr>
<td title='dsAlgo_Runner.TestRunner.runScenario()'><b>runScenario</b><br>Test class: dsAlgo_Runner.TestRunner<br>Test method: Runs Cucumber Scenarios<br>Parameters: "Verify that user receives error on submitting valid python code for "Search the array" question", "The user can navigate to the array page in DsAlgo portal"</td>
<td><div><pre>java.lang.AssertionError: expected [Submission successful] but found [Error occurred during submission]
	at org.testng.Assert.fail(Assert.java:111)
	at org.testng.Assert.failNotEquals(Assert.java:1590)
	at org.testng.Assert.assertEqualsImpl(Assert.java:150)
	at org.testng.Assert.assertEquals(Assert.java:132)
	at org.testng.Assert.assertEquals(Assert.java:656)
	at org.testng.Assert.assertEquals(Assert.java:666)
	at org.testng.asserts.Assertion$11.doAssert(Assertion.java:186)
	at org.testng.asserts.Assertion.executeAssert(Assertion.java:25)
	at org.testng.asserts.Assertion.doAssert(Assertion.java:12)
	at org.testng.asserts.Assertion.assertEquals(Assertion.java:182)
	at dsAlgo_stepDefinition.Array_SD.the_user_see_success_message(Array_SD.java:213)
	at ✽.The user see success message &quot;Submission successful&quot;(file:///C:/projectcompass/DsAlgo_ProjectCompass_BDD/src/test/resources/dsAlgo_FeatureFiles/MD05_Arrays.feature:452)
</pre></div><a href='#' onClick='toggleBox("stack-trace1765724317", this, "Click to show all stack frames", "Click to hide stack frames")'>Click to show all stack frames</a>
<div class='stack-trace' id='stack-trace1765724317'><pre>java.lang.AssertionError: expected [Submission successful] but found [Error occurred during submission]
	at org.testng.Assert.fail(Assert.java:111)
	at org.testng.Assert.failNotEquals(Assert.java:1590)
	at org.testng.Assert.assertEqualsImpl(Assert.java:150)
	at org.testng.Assert.assertEquals(Assert.java:132)
	at org.testng.Assert.assertEquals(Assert.java:656)
	at org.testng.Assert.assertEquals(Assert.java:666)
	at org.testng.asserts.Assertion$11.doAssert(Assertion.java:186)
	at org.testng.asserts.Assertion.executeAssert(Assertion.java:25)
	at org.testng.asserts.Assertion.doAssert(Assertion.java:12)
	at org.testng.asserts.Assertion.assertEquals(Assertion.java:182)
	at dsAlgo_stepDefinition.Array_SD.the_user_see_success_message(Array_SD.java:213)
	at ✽.The user see success message &quot;Submission successful&quot;(file:///C:/projectcompass/DsAlgo_ProjectCompass_BDD/src/test/resources/dsAlgo_FeatureFiles/MD05_Arrays.feature:452)
</pre></div></td>
<td>0</td>
<td>dsAlgo_Runner.TestRunner@1613674b</td></tr>
<tr>
<td title='dsAlgo_Runner.TestRunner.runScenario()'><b>runScenario</b><br>Test class: dsAlgo_Runner.TestRunner<br>Test method: Runs Cucumber Scenarios<br>Parameters: "Verify that user receives error on submitting invalid python code for "Square of a sorted array" question", "The user can navigate to the array page in DsAlgo portal"</td>
<td><div><pre>java.lang.AssertionError: expected [Submission successful] but found []
	at org.testng.Assert.fail(Assert.java:111)
	at org.testng.Assert.failNotEquals(Assert.java:1590)
	at org.testng.Assert.assertEqualsImpl(Assert.java:150)
	at org.testng.Assert.assertEquals(Assert.java:132)
	at org.testng.Assert.assertEquals(Assert.java:656)
	at org.testng.Assert.assertEquals(Assert.java:666)
	at org.testng.asserts.Assertion$11.doAssert(Assertion.java:186)
	at org.testng.asserts.Assertion.executeAssert(Assertion.java:25)
	at org.testng.asserts.Assertion.doAssert(Assertion.java:12)
	at org.testng.asserts.Assertion.assertEquals(Assertion.java:182)
	at dsAlgo_stepDefinition.Array_SD.the_user_see_an_error_message_in_console(Array_SD.java:242)
	at ✽.The user see an error message &quot;No Tests were Collected&quot; in console(file:///C:/projectcompass/DsAlgo_ProjectCompass_BDD/src/test/resources/dsAlgo_FeatureFiles/MD05_Arrays.feature:387)
</pre></div><a href='#' onClick='toggleBox("stack-trace1126178692", this, "Click to show all stack frames", "Click to hide stack frames")'>Click to show all stack frames</a>
<div class='stack-trace' id='stack-trace1126178692'><pre>java.lang.AssertionError: expected [Submission successful] but found []
	at org.testng.Assert.fail(Assert.java:111)
	at org.testng.Assert.failNotEquals(Assert.java:1590)
	at org.testng.Assert.assertEqualsImpl(Assert.java:150)
	at org.testng.Assert.assertEquals(Assert.java:132)
	at org.testng.Assert.assertEquals(Assert.java:656)
	at org.testng.Assert.assertEquals(Assert.java:666)
	at org.testng.asserts.Assertion$11.doAssert(Assertion.java:186)
	at org.testng.asserts.Assertion.executeAssert(Assertion.java:25)
	at org.testng.asserts.Assertion.doAssert(Assertion.java:12)
	at org.testng.asserts.Assertion.assertEquals(Assertion.java:182)
	at dsAlgo_stepDefinition.Array_SD.the_user_see_an_error_message_in_console(Array_SD.java:242)
	at ✽.The user see an error message &quot;No Tests were Collected&quot; in console(file:///C:/projectcompass/DsAlgo_ProjectCompass_BDD/src/test/resources/dsAlgo_FeatureFiles/MD05_Arrays.feature:387)
</pre></div></td>
<td>0</td>
<td>dsAlgo_Runner.TestRunner@1613674b</td></tr>
<tr>
<td title='dsAlgo_Runner.TestRunner.runScenario()'><b>runScenario</b><br>Test class: dsAlgo_Runner.TestRunner<br>Test method: Runs Cucumber Scenarios<br>Parameters: "Verify that user receives error on submitting valid python code for "Find numbers with even number of digits" question", "The user can navigate to the array page in DsAlgo portal"</td>
<td><div><pre>java.lang.AssertionError: expected [Submission successful] but found [hello]
	at org.testng.Assert.fail(Assert.java:111)
	at org.testng.Assert.failNotEquals(Assert.java:1590)
	at org.testng.Assert.assertEqualsImpl(Assert.java:150)
	at org.testng.Assert.assertEquals(Assert.java:132)
	at org.testng.Assert.assertEquals(Assert.java:656)
	at org.testng.Assert.assertEquals(Assert.java:666)
	at org.testng.asserts.Assertion$11.doAssert(Assertion.java:186)
	at org.testng.asserts.Assertion.executeAssert(Assertion.java:25)
	at org.testng.asserts.Assertion.doAssert(Assertion.java:12)
	at org.testng.asserts.Assertion.assertEquals(Assertion.java:182)
	at dsAlgo_stepDefinition.Array_SD.the_user_see_success_message(Array_SD.java:213)
	at ✽.The user see success message &quot;Submission successful&quot;(file:///C:/projectcompass/DsAlgo_ProjectCompass_BDD/src/test/resources/dsAlgo_FeatureFiles/MD05_Arrays.feature:502)
</pre></div><a href='#' onClick='toggleBox("stack-trace1881420492", this, "Click to show all stack frames", "Click to hide stack frames")'>Click to show all stack frames</a>
<div class='stack-trace' id='stack-trace1881420492'><pre>java.lang.AssertionError: expected [Submission successful] but found [hello]
	at org.testng.Assert.fail(Assert.java:111)
	at org.testng.Assert.failNotEquals(Assert.java:1590)
	at org.testng.Assert.assertEqualsImpl(Assert.java:150)
	at org.testng.Assert.assertEquals(Assert.java:132)
	at org.testng.Assert.assertEquals(Assert.java:656)
	at org.testng.Assert.assertEquals(Assert.java:666)
	at org.testng.asserts.Assertion$11.doAssert(Assertion.java:186)
	at org.testng.asserts.Assertion.executeAssert(Assertion.java:25)
	at org.testng.asserts.Assertion.doAssert(Assertion.java:12)
	at org.testng.asserts.Assertion.assertEquals(Assertion.java:182)
	at dsAlgo_stepDefinition.Array_SD.the_user_see_success_message(Array_SD.java:213)
	at ✽.The user see success message &quot;Submission successful&quot;(file:///C:/projectcompass/DsAlgo_ProjectCompass_BDD/src/test/resources/dsAlgo_FeatureFiles/MD05_Arrays.feature:502)
</pre></div></td>
<td>0</td>
<td>dsAlgo_Runner.TestRunner@1613674b</td></tr>
<tr>
<td title='dsAlgo_Runner.TestRunner.runScenario()'><b>runScenario</b><br>Test class: dsAlgo_Runner.TestRunner<br>Test method: Runs Cucumber Scenarios<br>Parameters: "Verify that user receives error on submitting valid python code for "Find numbers with even number of digits" question", "The user can navigate to the array page in DsAlgo portal"</td>
<td><div><pre>java.lang.AssertionError: expected [Submission successful] but found [hello]
	at org.testng.Assert.fail(Assert.java:111)
	at org.testng.Assert.failNotEquals(Assert.java:1590)
	at org.testng.Assert.assertEqualsImpl(Assert.java:150)
	at org.testng.Assert.assertEquals(Assert.java:132)
	at org.testng.Assert.assertEquals(Assert.java:656)
	at org.testng.Assert.assertEquals(Assert.java:666)
	at org.testng.asserts.Assertion$11.doAssert(Assertion.java:186)
	at org.testng.asserts.Assertion.executeAssert(Assertion.java:25)
	at org.testng.asserts.Assertion.doAssert(Assertion.java:12)
	at org.testng.asserts.Assertion.assertEquals(Assertion.java:182)
	at dsAlgo_stepDefinition.Array_SD.the_user_see_success_message(Array_SD.java:213)
	at ✽.The user see success message &quot;Submission successful&quot;(file:///C:/projectcompass/DsAlgo_ProjectCompass_BDD/src/test/resources/dsAlgo_FeatureFiles/MD05_Arrays.feature:112)
</pre></div><a href='#' onClick='toggleBox("stack-trace124900571", this, "Click to show all stack frames", "Click to hide stack frames")'>Click to show all stack frames</a>
<div class='stack-trace' id='stack-trace124900571'><pre>java.lang.AssertionError: expected [Submission successful] but found [hello]
	at org.testng.Assert.fail(Assert.java:111)
	at org.testng.Assert.failNotEquals(Assert.java:1590)
	at org.testng.Assert.assertEqualsImpl(Assert.java:150)
	at org.testng.Assert.assertEquals(Assert.java:132)
	at org.testng.Assert.assertEquals(Assert.java:656)
	at org.testng.Assert.assertEquals(Assert.java:666)
	at org.testng.asserts.Assertion$11.doAssert(Assertion.java:186)
	at org.testng.asserts.Assertion.executeAssert(Assertion.java:25)
	at org.testng.asserts.Assertion.doAssert(Assertion.java:12)
	at org.testng.asserts.Assertion.assertEquals(Assertion.java:182)
	at dsAlgo_stepDefinition.Array_SD.the_user_see_success_message(Array_SD.java:213)
	at ✽.The user see success message &quot;Submission successful&quot;(file:///C:/projectcompass/DsAlgo_ProjectCompass_BDD/src/test/resources/dsAlgo_FeatureFiles/MD05_Arrays.feature:112)
</pre></div></td>
<td>0</td>
<td>dsAlgo_Runner.TestRunner@1613674b</td></tr>
<tr>
<td title='dsAlgo_Runner.TestRunner.runScenario()'><b>runScenario</b><br>Test class: dsAlgo_Runner.TestRunner<br>Test method: Runs Cucumber Scenarios<br>Parameters: "Verify that user receives error on submitting valid python code for "Search the array" question", "The user can navigate to the array page in DsAlgo portal"</td>
<td><div><pre>java.lang.AssertionError: expected [Submission successful] but found [hello]
	at org.testng.Assert.fail(Assert.java:111)
	at org.testng.Assert.failNotEquals(Assert.java:1590)
	at org.testng.Assert.assertEqualsImpl(Assert.java:150)
	at org.testng.Assert.assertEquals(Assert.java:132)
	at org.testng.Assert.assertEquals(Assert.java:656)
	at org.testng.Assert.assertEquals(Assert.java:666)
	at org.testng.asserts.Assertion$11.doAssert(Assertion.java:186)
	at org.testng.asserts.Assertion.executeAssert(Assertion.java:25)
	at org.testng.asserts.Assertion.doAssert(Assertion.java:12)
	at org.testng.asserts.Assertion.assertEquals(Assertion.java:182)
	at dsAlgo_stepDefinition.Array_SD.the_user_see_success_message(Array_SD.java:213)
	at ✽.The user see success message &quot;Submission successful&quot;(file:///C:/projectcompass/DsAlgo_ProjectCompass_BDD/src/test/resources/dsAlgo_FeatureFiles/MD05_Arrays.feature:62)
</pre></div><a href='#' onClick='toggleBox("stack-trace949107966", this, "Click to show all stack frames", "Click to hide stack frames")'>Click to show all stack frames</a>
<div class='stack-trace' id='stack-trace949107966'><pre>java.lang.AssertionError: expected [Submission successful] but found [hello]
	at org.testng.Assert.fail(Assert.java:111)
	at org.testng.Assert.failNotEquals(Assert.java:1590)
	at org.testng.Assert.assertEqualsImpl(Assert.java:150)
	at org.testng.Assert.assertEquals(Assert.java:132)
	at org.testng.Assert.assertEquals(Assert.java:656)
	at org.testng.Assert.assertEquals(Assert.java:666)
	at org.testng.asserts.Assertion$11.doAssert(Assertion.java:186)
	at org.testng.asserts.Assertion.executeAssert(Assertion.java:25)
	at org.testng.asserts.Assertion.doAssert(Assertion.java:12)
	at org.testng.asserts.Assertion.assertEquals(Assertion.java:182)
	at dsAlgo_stepDefinition.Array_SD.the_user_see_success_message(Array_SD.java:213)
	at ✽.The user see success message &quot;Submission successful&quot;(file:///C:/projectcompass/DsAlgo_ProjectCompass_BDD/src/test/resources/dsAlgo_FeatureFiles/MD05_Arrays.feature:62)
</pre></div></td>
<td>0</td>
<td>dsAlgo_Runner.TestRunner@1613674b</td></tr>
<tr>
<td title='dsAlgo_Runner.TestRunner.runScenario()'><b>runScenario</b><br>Test class: dsAlgo_Runner.TestRunner<br>Test method: Runs Cucumber Scenarios<br>Parameters: "Verify that user receives error on submitting valid python code for "Max Consecutive Ones" question", "The user can navigate to the array page in DsAlgo portal"</td>
<td><div><pre>java.lang.AssertionError: expected [Submission successful] but found [hello]
	at org.testng.Assert.fail(Assert.java:111)
	at org.testng.Assert.failNotEquals(Assert.java:1590)
	at org.testng.Assert.assertEqualsImpl(Assert.java:150)
	at org.testng.Assert.assertEquals(Assert.java:132)
	at org.testng.Assert.assertEquals(Assert.java:656)
	at org.testng.Assert.assertEquals(Assert.java:666)
	at org.testng.asserts.Assertion$11.doAssert(Assertion.java:186)
	at org.testng.asserts.Assertion.executeAssert(Assertion.java:25)
	at org.testng.asserts.Assertion.doAssert(Assertion.java:12)
	at org.testng.asserts.Assertion.assertEquals(Assertion.java:182)
	at dsAlgo_stepDefinition.Array_SD.the_user_see_success_message(Array_SD.java:213)
	at ✽.The user see success message &quot;Submission successful&quot;(file:///C:/projectcompass/DsAlgo_ProjectCompass_BDD/src/test/resources/dsAlgo_FeatureFiles/MD05_Arrays.feature:217)
</pre></div><a href='#' onClick='toggleBox("stack-trace1672524765", this, "Click to show all stack frames", "Click to hide stack frames")'>Click to show all stack frames</a>
<div class='stack-trace' id='stack-trace1672524765'><pre>java.lang.AssertionError: expected [Submission successful] but found [hello]
	at org.testng.Assert.fail(Assert.java:111)
	at org.testng.Assert.failNotEquals(Assert.java:1590)
	at org.testng.Assert.assertEqualsImpl(Assert.java:150)
	at org.testng.Assert.assertEquals(Assert.java:132)
	at org.testng.Assert.assertEquals(Assert.java:656)
	at org.testng.Assert.assertEquals(Assert.java:666)
	at org.testng.asserts.Assertion$11.doAssert(Assertion.java:186)
	at org.testng.asserts.Assertion.executeAssert(Assertion.java:25)
	at org.testng.asserts.Assertion.doAssert(Assertion.java:12)
	at org.testng.asserts.Assertion.assertEquals(Assertion.java:182)
	at dsAlgo_stepDefinition.Array_SD.the_user_see_success_message(Array_SD.java:213)
	at ✽.The user see success message &quot;Submission successful&quot;(file:///C:/projectcompass/DsAlgo_ProjectCompass_BDD/src/test/resources/dsAlgo_FeatureFiles/MD05_Arrays.feature:217)
</pre></div></td>
<td>0</td>
<td>dsAlgo_Runner.TestRunner@1613674b</td></tr>
<tr>
<td title='dsAlgo_Runner.TestRunner.runScenario()'><b>runScenario</b><br>Test class: dsAlgo_Runner.TestRunner<br>Test method: Runs Cucumber Scenarios<br>Parameters: "Verify that user receives error on submitting invalid python code for "Find numbers with even number of digits" question", "The user can navigate to the array page in DsAlgo portal"</td>
<td><div><pre>java.lang.AssertionError: expected [Submission successful] but found []
	at org.testng.Assert.fail(Assert.java:111)
	at org.testng.Assert.failNotEquals(Assert.java:1590)
	at org.testng.Assert.assertEqualsImpl(Assert.java:150)
	at org.testng.Assert.assertEquals(Assert.java:132)
	at org.testng.Assert.assertEquals(Assert.java:656)
	at org.testng.Assert.assertEquals(Assert.java:666)
	at org.testng.asserts.Assertion$11.doAssert(Assertion.java:186)
	at org.testng.asserts.Assertion.executeAssert(Assertion.java:25)
	at org.testng.asserts.Assertion.doAssert(Assertion.java:12)
	at org.testng.asserts.Assertion.assertEquals(Assertion.java:182)
	at dsAlgo_stepDefinition.Array_SD.the_user_see_an_error_message(Array_SD.java:191)
	at ✽.The user see an error message &quot;Error occurred during submission&quot;(file:///C:/projectcompass/DsAlgo_ProjectCompass_BDD/src/test/resources/dsAlgo_FeatureFiles/MD05_Arrays.feature:102)
</pre></div><a href='#' onClick='toggleBox("stack-trace861310502", this, "Click to show all stack frames", "Click to hide stack frames")'>Click to show all stack frames</a>
<div class='stack-trace' id='stack-trace861310502'><pre>java.lang.AssertionError: expected [Submission successful] but found []
	at org.testng.Assert.fail(Assert.java:111)
	at org.testng.Assert.failNotEquals(Assert.java:1590)
	at org.testng.Assert.assertEqualsImpl(Assert.java:150)
	at org.testng.Assert.assertEquals(Assert.java:132)
	at org.testng.Assert.assertEquals(Assert.java:656)
	at org.testng.Assert.assertEquals(Assert.java:666)
	at org.testng.asserts.Assertion$11.doAssert(Assertion.java:186)
	at org.testng.asserts.Assertion.executeAssert(Assertion.java:25)
	at org.testng.asserts.Assertion.doAssert(Assertion.java:12)
	at org.testng.asserts.Assertion.assertEquals(Assertion.java:182)
	at dsAlgo_stepDefinition.Array_SD.the_user_see_an_error_message(Array_SD.java:191)
	at ✽.The user see an error message &quot;Error occurred during submission&quot;(file:///C:/projectcompass/DsAlgo_ProjectCompass_BDD/src/test/resources/dsAlgo_FeatureFiles/MD05_Arrays.feature:102)
</pre></div></td>
<td>0</td>
<td>dsAlgo_Runner.TestRunner@1613674b</td></tr>
<tr>
<td title='dsAlgo_Runner.TestRunner.runScenario()'><b>runScenario</b><br>Test class: dsAlgo_Runner.TestRunner<br>Test method: Runs Cucumber Scenarios<br>Parameters: "Verify that user receives error on submitting invalid python code for "Max Consecutive Ones" question", "The user can navigate to the array page in DsAlgo portal"</td>
<td><div><pre>java.lang.AssertionError: expected [Submission successful] but found []
	at org.testng.Assert.fail(Assert.java:111)
	at org.testng.Assert.failNotEquals(Assert.java:1590)
	at org.testng.Assert.assertEqualsImpl(Assert.java:150)
	at org.testng.Assert.assertEquals(Assert.java:132)
	at org.testng.Assert.assertEquals(Assert.java:656)
	at org.testng.Assert.assertEquals(Assert.java:666)
	at org.testng.asserts.Assertion$11.doAssert(Assertion.java:186)
	at org.testng.asserts.Assertion.executeAssert(Assertion.java:25)
	at org.testng.asserts.Assertion.doAssert(Assertion.java:12)
	at org.testng.asserts.Assertion.assertEquals(Assertion.java:182)
	at dsAlgo_stepDefinition.Array_SD.the_user_see_an_error_message(Array_SD.java:191)
	at ✽.The user see an error message &quot;Error occurred during submission&quot;(file:///C:/projectcompass/DsAlgo_ProjectCompass_BDD/src/test/resources/dsAlgo_FeatureFiles/MD05_Arrays.feature:77)
</pre></div><a href='#' onClick='toggleBox("stack-trace90480469", this, "Click to show all stack frames", "Click to hide stack frames")'>Click to show all stack frames</a>
<div class='stack-trace' id='stack-trace90480469'><pre>java.lang.AssertionError: expected [Submission successful] but found []
	at org.testng.Assert.fail(Assert.java:111)
	at org.testng.Assert.failNotEquals(Assert.java:1590)
	at org.testng.Assert.assertEqualsImpl(Assert.java:150)
	at org.testng.Assert.assertEquals(Assert.java:132)
	at org.testng.Assert.assertEquals(Assert.java:656)
	at org.testng.Assert.assertEquals(Assert.java:666)
	at org.testng.asserts.Assertion$11.doAssert(Assertion.java:186)
	at org.testng.asserts.Assertion.executeAssert(Assertion.java:25)
	at org.testng.asserts.Assertion.doAssert(Assertion.java:12)
	at org.testng.asserts.Assertion.assertEquals(Assertion.java:182)
	at dsAlgo_stepDefinition.Array_SD.the_user_see_an_error_message(Array_SD.java:191)
	at ✽.The user see an error message &quot;Error occurred during submission&quot;(file:///C:/projectcompass/DsAlgo_ProjectCompass_BDD/src/test/resources/dsAlgo_FeatureFiles/MD05_Arrays.feature:77)
</pre></div></td>
<td>0</td>
<td>dsAlgo_Runner.TestRunner@1613674b</td></tr>
<tr>
<td title='dsAlgo_Runner.TestRunner.runScenario()'><b>runScenario</b><br>Test class: dsAlgo_Runner.TestRunner<br>Test method: Runs Cucumber Scenarios<br>Parameters: "Verify that user receives error on submitting valid python code for "Find numbers with even number of digits" question", "The user can navigate to the array page in DsAlgo portal"</td>
<td><div><pre>java.lang.AssertionError: expected [Submission successful] but found [Error occurred during submission]
	at org.testng.Assert.fail(Assert.java:111)
	at org.testng.Assert.failNotEquals(Assert.java:1590)
	at org.testng.Assert.assertEqualsImpl(Assert.java:150)
	at org.testng.Assert.assertEquals(Assert.java:132)
	at org.testng.Assert.assertEquals(Assert.java:656)
	at org.testng.Assert.assertEquals(Assert.java:666)
	at org.testng.asserts.Assertion$11.doAssert(Assertion.java:186)
	at org.testng.asserts.Assertion.executeAssert(Assertion.java:25)
	at org.testng.asserts.Assertion.doAssert(Assertion.java:12)
	at org.testng.asserts.Assertion.assertEquals(Assertion.java:182)
	at dsAlgo_stepDefinition.Array_SD.the_user_see_success_message(Array_SD.java:213)
	at ✽.The user see success message &quot;Submission successful&quot;(file:///C:/projectcompass/DsAlgo_ProjectCompass_BDD/src/test/resources/dsAlgo_FeatureFiles/MD05_Arrays.feature:242)
</pre></div><a href='#' onClick='toggleBox("stack-trace1370106456", this, "Click to show all stack frames", "Click to hide stack frames")'>Click to show all stack frames</a>
<div class='stack-trace' id='stack-trace1370106456'><pre>java.lang.AssertionError: expected [Submission successful] but found [Error occurred during submission]
	at org.testng.Assert.fail(Assert.java:111)
	at org.testng.Assert.failNotEquals(Assert.java:1590)
	at org.testng.Assert.assertEqualsImpl(Assert.java:150)
	at org.testng.Assert.assertEquals(Assert.java:132)
	at org.testng.Assert.assertEquals(Assert.java:656)
	at org.testng.Assert.assertEquals(Assert.java:666)
	at org.testng.asserts.Assertion$11.doAssert(Assertion.java:186)
	at org.testng.asserts.Assertion.executeAssert(Assertion.java:25)
	at org.testng.asserts.Assertion.doAssert(Assertion.java:12)
	at org.testng.asserts.Assertion.assertEquals(Assertion.java:182)
	at dsAlgo_stepDefinition.Array_SD.the_user_see_success_message(Array_SD.java:213)
	at ✽.The user see success message &quot;Submission successful&quot;(file:///C:/projectcompass/DsAlgo_ProjectCompass_BDD/src/test/resources/dsAlgo_FeatureFiles/MD05_Arrays.feature:242)
</pre></div></td>
<td>0</td>
<td>dsAlgo_Runner.TestRunner@1613674b</td></tr>
<tr>
<td title='dsAlgo_Runner.TestRunner.runScenario()'><b>runScenario</b><br>Test class: dsAlgo_Runner.TestRunner<br>Test method: Runs Cucumber Scenarios<br>Parameters: "Verify that user receives error on submitting valid python code for "Max Consecutive Ones" question", "The user can navigate to the array page in DsAlgo portal"</td>
<td><div><pre>java.lang.AssertionError: expected [Submission successful] but found [Error occurred during submission]
	at org.testng.Assert.fail(Assert.java:111)
	at org.testng.Assert.failNotEquals(Assert.java:1590)
	at org.testng.Assert.assertEqualsImpl(Assert.java:150)
	at org.testng.Assert.assertEquals(Assert.java:132)
	at org.testng.Assert.assertEquals(Assert.java:656)
	at org.testng.Assert.assertEquals(Assert.java:666)
	at org.testng.asserts.Assertion$11.doAssert(Assertion.java:186)
	at org.testng.asserts.Assertion.executeAssert(Assertion.java:25)
	at org.testng.asserts.Assertion.doAssert(Assertion.java:12)
	at org.testng.asserts.Assertion.assertEquals(Assertion.java:182)
	at dsAlgo_stepDefinition.Array_SD.the_user_see_success_message(Array_SD.java:213)
	at ✽.The user see success message &quot;Submission successful&quot;(file:///C:/projectcompass/DsAlgo_ProjectCompass_BDD/src/test/resources/dsAlgo_FeatureFiles/MD05_Arrays.feature:477)
</pre></div><a href='#' onClick='toggleBox("stack-trace349629923", this, "Click to show all stack frames", "Click to hide stack frames")'>Click to show all stack frames</a>
<div class='stack-trace' id='stack-trace349629923'><pre>java.lang.AssertionError: expected [Submission successful] but found [Error occurred during submission]
	at org.testng.Assert.fail(Assert.java:111)
	at org.testng.Assert.failNotEquals(Assert.java:1590)
	at org.testng.Assert.assertEqualsImpl(Assert.java:150)
	at org.testng.Assert.assertEquals(Assert.java:132)
	at org.testng.Assert.assertEquals(Assert.java:656)
	at org.testng.Assert.assertEquals(Assert.java:666)
	at org.testng.asserts.Assertion$11.doAssert(Assertion.java:186)
	at org.testng.asserts.Assertion.executeAssert(Assertion.java:25)
	at org.testng.asserts.Assertion.doAssert(Assertion.java:12)
	at org.testng.asserts.Assertion.assertEquals(Assertion.java:182)
	at dsAlgo_stepDefinition.Array_SD.the_user_see_success_message(Array_SD.java:213)
	at ✽.The user see success message &quot;Submission successful&quot;(file:///C:/projectcompass/DsAlgo_ProjectCompass_BDD/src/test/resources/dsAlgo_FeatureFiles/MD05_Arrays.feature:477)
</pre></div></td>
<td>0</td>
<td>dsAlgo_Runner.TestRunner@1613674b</td></tr>
<tr>
<td title='dsAlgo_Runner.TestRunner.runScenario()'><b>runScenario</b><br>Test class: dsAlgo_Runner.TestRunner<br>Test method: Runs Cucumber Scenarios<br>Parameters: "Verify that user receives error on submitting invalid python code for "Find numbers with even number of digits" question", "The user can navigate to the array page in DsAlgo portal"</td>
<td><div><pre>java.lang.AssertionError: expected [Submission successful] but found []
	at org.testng.Assert.fail(Assert.java:111)
	at org.testng.Assert.failNotEquals(Assert.java:1590)
	at org.testng.Assert.assertEqualsImpl(Assert.java:150)
	at org.testng.Assert.assertEquals(Assert.java:132)
	at org.testng.Assert.assertEquals(Assert.java:656)
	at org.testng.Assert.assertEquals(Assert.java:666)
	at org.testng.asserts.Assertion$11.doAssert(Assertion.java:186)
	at org.testng.asserts.Assertion.executeAssert(Assertion.java:25)
	at org.testng.asserts.Assertion.doAssert(Assertion.java:12)
	at org.testng.asserts.Assertion.assertEquals(Assertion.java:182)
	at dsAlgo_stepDefinition.Array_SD.the_user_see_an_error_message(Array_SD.java:191)
	at ✽.The user see an error message &quot;Error occurred during submission&quot;(file:///C:/projectcompass/DsAlgo_ProjectCompass_BDD/src/test/resources/dsAlgo_FeatureFiles/MD05_Arrays.feature:492)
</pre></div><a href='#' onClick='toggleBox("stack-trace798555759", this, "Click to show all stack frames", "Click to hide stack frames")'>Click to show all stack frames</a>
<div class='stack-trace' id='stack-trace798555759'><pre>java.lang.AssertionError: expected [Submission successful] but found []
	at org.testng.Assert.fail(Assert.java:111)
	at org.testng.Assert.failNotEquals(Assert.java:1590)
	at org.testng.Assert.assertEqualsImpl(Assert.java:150)
	at org.testng.Assert.assertEquals(Assert.java:132)
	at org.testng.Assert.assertEquals(Assert.java:656)
	at org.testng.Assert.assertEquals(Assert.java:666)
	at org.testng.asserts.Assertion$11.doAssert(Assertion.java:186)
	at org.testng.asserts.Assertion.executeAssert(Assertion.java:25)
	at org.testng.asserts.Assertion.doAssert(Assertion.java:12)
	at org.testng.asserts.Assertion.assertEquals(Assertion.java:182)
	at dsAlgo_stepDefinition.Array_SD.the_user_see_an_error_message(Array_SD.java:191)
	at ✽.The user see an error message &quot;Error occurred during submission&quot;(file:///C:/projectcompass/DsAlgo_ProjectCompass_BDD/src/test/resources/dsAlgo_FeatureFiles/MD05_Arrays.feature:492)
</pre></div></td>
<td>0</td>
<td>dsAlgo_Runner.TestRunner@1613674b</td></tr>
<tr>
<td title='dsAlgo_Runner.TestRunner.runScenario()'><b>runScenario</b><br>Test class: dsAlgo_Runner.TestRunner<br>Test method: Runs Cucumber Scenarios<br>Parameters: "Verify that user receives error on submitting valid python code for "Find numbers with even number of digits" question", "The user can navigate to the array page in DsAlgo portal"</td>
<td><div><pre>java.lang.AssertionError: expected [Submission successful] but found [hello]
	at org.testng.Assert.fail(Assert.java:111)
	at org.testng.Assert.failNotEquals(Assert.java:1590)
	at org.testng.Assert.assertEqualsImpl(Assert.java:150)
	at org.testng.Assert.assertEquals(Assert.java:132)
	at org.testng.Assert.assertEquals(Assert.java:656)
	at org.testng.Assert.assertEquals(Assert.java:666)
	at org.testng.asserts.Assertion$11.doAssert(Assertion.java:186)
	at org.testng.asserts.Assertion.executeAssert(Assertion.java:25)
	at org.testng.asserts.Assertion.doAssert(Assertion.java:12)
	at org.testng.asserts.Assertion.assertEquals(Assertion.java:182)
	at dsAlgo_stepDefinition.Array_SD.the_user_see_success_message(Array_SD.java:213)
	at ✽.The user see success message &quot;Submission successful&quot;(file:///C:/projectcompass/DsAlgo_ProjectCompass_BDD/src/test/resources/dsAlgo_FeatureFiles/MD05_Arrays.feature:372)
</pre></div><a href='#' onClick='toggleBox("stack-trace23862545", this, "Click to show all stack frames", "Click to hide stack frames")'>Click to show all stack frames</a>
<div class='stack-trace' id='stack-trace23862545'><pre>java.lang.AssertionError: expected [Submission successful] but found [hello]
	at org.testng.Assert.fail(Assert.java:111)
	at org.testng.Assert.failNotEquals(Assert.java:1590)
	at org.testng.Assert.assertEqualsImpl(Assert.java:150)
	at org.testng.Assert.assertEquals(Assert.java:132)
	at org.testng.Assert.assertEquals(Assert.java:656)
	at org.testng.Assert.assertEquals(Assert.java:666)
	at org.testng.asserts.Assertion$11.doAssert(Assertion.java:186)
	at org.testng.asserts.Assertion.executeAssert(Assertion.java:25)
	at org.testng.asserts.Assertion.doAssert(Assertion.java:12)
	at org.testng.asserts.Assertion.assertEquals(Assertion.java:182)
	at dsAlgo_stepDefinition.Array_SD.the_user_see_success_message(Array_SD.java:213)
	at ✽.The user see success message &quot;Submission successful&quot;(file:///C:/projectcompass/DsAlgo_ProjectCompass_BDD/src/test/resources/dsAlgo_FeatureFiles/MD05_Arrays.feature:372)
</pre></div></td>
<td>0</td>
<td>dsAlgo_Runner.TestRunner@1613674b</td></tr>
<tr>
<td title='dsAlgo_Runner.TestRunner.runScenario()'><b>runScenario</b><br>Test class: dsAlgo_Runner.TestRunner<br>Test method: Runs Cucumber Scenarios<br>Parameters: "Verify that user receives error on submitting invalid python code for "Search the array" question", "The user can navigate to the array page in DsAlgo portal"</td>
<td><div><pre>java.lang.AssertionError: expected [Submission successful] but found []
	at org.testng.Assert.fail(Assert.java:111)
	at org.testng.Assert.failNotEquals(Assert.java:1590)
	at org.testng.Assert.assertEqualsImpl(Assert.java:150)
	at org.testng.Assert.assertEquals(Assert.java:132)
	at org.testng.Assert.assertEquals(Assert.java:656)
	at org.testng.Assert.assertEquals(Assert.java:666)
	at org.testng.asserts.Assertion$11.doAssert(Assertion.java:186)
	at org.testng.asserts.Assertion.executeAssert(Assertion.java:25)
	at org.testng.asserts.Assertion.doAssert(Assertion.java:12)
	at org.testng.asserts.Assertion.assertEquals(Assertion.java:182)
	at dsAlgo_stepDefinition.Array_SD.the_user_see_an_error_message(Array_SD.java:191)
	at ✽.The user see an error message &quot;Error occurred during submission&quot;(file:///C:/projectcompass/DsAlgo_ProjectCompass_BDD/src/test/resources/dsAlgo_FeatureFiles/MD05_Arrays.feature:312)
</pre></div><a href='#' onClick='toggleBox("stack-trace815124587", this, "Click to show all stack frames", "Click to hide stack frames")'>Click to show all stack frames</a>
<div class='stack-trace' id='stack-trace815124587'><pre>java.lang.AssertionError: expected [Submission successful] but found []
	at org.testng.Assert.fail(Assert.java:111)
	at org.testng.Assert.failNotEquals(Assert.java:1590)
	at org.testng.Assert.assertEqualsImpl(Assert.java:150)
	at org.testng.Assert.assertEquals(Assert.java:132)
	at org.testng.Assert.assertEquals(Assert.java:656)
	at org.testng.Assert.assertEquals(Assert.java:666)
	at org.testng.asserts.Assertion$11.doAssert(Assertion.java:186)
	at org.testng.asserts.Assertion.executeAssert(Assertion.java:25)
	at org.testng.asserts.Assertion.doAssert(Assertion.java:12)
	at org.testng.asserts.Assertion.assertEquals(Assertion.java:182)
	at dsAlgo_stepDefinition.Array_SD.the_user_see_an_error_message(Array_SD.java:191)
	at ✽.The user see an error message &quot;Error occurred during submission&quot;(file:///C:/projectcompass/DsAlgo_ProjectCompass_BDD/src/test/resources/dsAlgo_FeatureFiles/MD05_Arrays.feature:312)
</pre></div></td>
<td>0</td>
<td>dsAlgo_Runner.TestRunner@1613674b</td></tr>
<tr>
<td title='dsAlgo_Runner.TestRunner.runScenario()'><b>runScenario</b><br>Test class: dsAlgo_Runner.TestRunner<br>Test method: Runs Cucumber Scenarios<br>Parameters: "Verify that user receives error on submitting invalid python code for "Search the array" question", "The user can navigate to the array page in DsAlgo portal"</td>
<td><div><pre>java.lang.AssertionError: expected [Submission successful] but found []
	at org.testng.Assert.fail(Assert.java:111)
	at org.testng.Assert.failNotEquals(Assert.java:1590)
	at org.testng.Assert.assertEqualsImpl(Assert.java:150)
	at org.testng.Assert.assertEquals(Assert.java:132)
	at org.testng.Assert.assertEquals(Assert.java:656)
	at org.testng.Assert.assertEquals(Assert.java:666)
	at org.testng.asserts.Assertion$11.doAssert(Assertion.java:186)
	at org.testng.asserts.Assertion.executeAssert(Assertion.java:25)
	at org.testng.asserts.Assertion.doAssert(Assertion.java:12)
	at org.testng.asserts.Assertion.assertEquals(Assertion.java:182)
	at dsAlgo_stepDefinition.Array_SD.the_user_see_an_error_message(Array_SD.java:191)
	at ✽.The user see an error message &quot;Error occurred during submission&quot;(file:///C:/projectcompass/DsAlgo_ProjectCompass_BDD/src/test/resources/dsAlgo_FeatureFiles/MD05_Arrays.feature:52)
</pre></div><a href='#' onClick='toggleBox("stack-trace286720552", this, "Click to show all stack frames", "Click to hide stack frames")'>Click to show all stack frames</a>
<div class='stack-trace' id='stack-trace286720552'><pre>java.lang.AssertionError: expected [Submission successful] but found []
	at org.testng.Assert.fail(Assert.java:111)
	at org.testng.Assert.failNotEquals(Assert.java:1590)
	at org.testng.Assert.assertEqualsImpl(Assert.java:150)
	at org.testng.Assert.assertEquals(Assert.java:132)
	at org.testng.Assert.assertEquals(Assert.java:656)
	at org.testng.Assert.assertEquals(Assert.java:666)
	at org.testng.asserts.Assertion$11.doAssert(Assertion.java:186)
	at org.testng.asserts.Assertion.executeAssert(Assertion.java:25)
	at org.testng.asserts.Assertion.doAssert(Assertion.java:12)
	at org.testng.asserts.Assertion.assertEquals(Assertion.java:182)
	at dsAlgo_stepDefinition.Array_SD.the_user_see_an_error_message(Array_SD.java:191)
	at ✽.The user see an error message &quot;Error occurred during submission&quot;(file:///C:/projectcompass/DsAlgo_ProjectCompass_BDD/src/test/resources/dsAlgo_FeatureFiles/MD05_Arrays.feature:52)
</pre></div></td>
<td>0</td>
<td>dsAlgo_Runner.TestRunner@1613674b</td></tr>
<tr>
<td title='dsAlgo_Runner.TestRunner.runScenario()'><b>runScenario</b><br>Test class: dsAlgo_Runner.TestRunner<br>Test method: Runs Cucumber Scenarios<br>Parameters: "Verify that user receives error on submitting invalid python code for "Max Consecutive Ones" question", "The user can navigate to the array page in DsAlgo portal"</td>
<td><div><pre>java.lang.AssertionError: expected [Submission successful] but found []
	at org.testng.Assert.fail(Assert.java:111)
	at org.testng.Assert.failNotEquals(Assert.java:1590)
	at org.testng.Assert.assertEqualsImpl(Assert.java:150)
	at org.testng.Assert.assertEquals(Assert.java:132)
	at org.testng.Assert.assertEquals(Assert.java:656)
	at org.testng.Assert.assertEquals(Assert.java:666)
	at org.testng.asserts.Assertion$11.doAssert(Assertion.java:186)
	at org.testng.asserts.Assertion.executeAssert(Assertion.java:25)
	at org.testng.asserts.Assertion.doAssert(Assertion.java:12)
	at org.testng.asserts.Assertion.assertEquals(Assertion.java:182)
	at dsAlgo_stepDefinition.Array_SD.the_user_see_an_error_message(Array_SD.java:191)
	at ✽.The user see an error message &quot;Error occurred during submission&quot;(file:///C:/projectcompass/DsAlgo_ProjectCompass_BDD/src/test/resources/dsAlgo_FeatureFiles/MD05_Arrays.feature:467)
</pre></div><a href='#' onClick='toggleBox("stack-trace294218486", this, "Click to show all stack frames", "Click to hide stack frames")'>Click to show all stack frames</a>
<div class='stack-trace' id='stack-trace294218486'><pre>java.lang.AssertionError: expected [Submission successful] but found []
	at org.testng.Assert.fail(Assert.java:111)
	at org.testng.Assert.failNotEquals(Assert.java:1590)
	at org.testng.Assert.assertEqualsImpl(Assert.java:150)
	at org.testng.Assert.assertEquals(Assert.java:132)
	at org.testng.Assert.assertEquals(Assert.java:656)
	at org.testng.Assert.assertEquals(Assert.java:666)
	at org.testng.asserts.Assertion$11.doAssert(Assertion.java:186)
	at org.testng.asserts.Assertion.executeAssert(Assertion.java:25)
	at org.testng.asserts.Assertion.doAssert(Assertion.java:12)
	at org.testng.asserts.Assertion.assertEquals(Assertion.java:182)
	at dsAlgo_stepDefinition.Array_SD.the_user_see_an_error_message(Array_SD.java:191)
	at ✽.The user see an error message &quot;Error occurred during submission&quot;(file:///C:/projectcompass/DsAlgo_ProjectCompass_BDD/src/test/resources/dsAlgo_FeatureFiles/MD05_Arrays.feature:467)
</pre></div></td>
<td>0</td>
<td>dsAlgo_Runner.TestRunner@1613674b</td></tr>
</table><p>
<table width='100%' border='1' class='invocation-passed'>
<tr><td colspan='4' align='center'><b>PASSED TESTS</b></td></tr>
<tr><td><b>Test method</b></td>
<td><b>Attribute(s)</b></td>
<td width="30%"><b>Exception</b></td>
<td width="10%"><b>Time (seconds)</b></td>
<td><b>Instance</b></td>
</tr>
<tr>
<td title='dsAlgo_Runner.TestRunner.runScenario()'><b>runScenario</b><br>Test class: dsAlgo_Runner.TestRunner<br>Test method: Runs Cucumber Scenarios<br>Parameters: "Verify that user is able to see output for valid python code", "Testing whether the user is navigating to Linked List Page and perform actions"</td>
<td></td>
<td>0</td>
<td>dsAlgo_Runner.TestRunner@1613674b</td></tr>
<tr>
<td title='dsAlgo_Runner.TestRunner.runScenario()'><b>runScenario</b><br>Test class: dsAlgo_Runner.TestRunner<br>Test method: Runs Cucumber Scenarios<br>Parameters: "Verify that user is able to see output for valid python code for "Arrays in Python" page", "The user can navigate to the array page in DsAlgo portal"</td>
<td></td>
<td>0</td>
<td>dsAlgo_Runner.TestRunner@1613674b</td></tr>
<tr>
<td title='dsAlgo_Runner.TestRunner.runScenario()'><b>runScenario</b><br>Test class: dsAlgo_Runner.TestRunner<br>Test method: Runs Cucumber Scenarios<br>Parameters: "Verify that user able to see warning message on clicking "Get Started" buttons of "Graph" on the home page without Sign in", "TC01 - TC16 - Verify user access to the dsAlgo portal"</td>
<td></td>
<td>0</td>
<td>dsAlgo_Runner.TestRunner@1613674b</td></tr>
<tr>
<td title='dsAlgo_Runner.TestRunner.runScenario()'><b>runScenario</b><br>Test class: dsAlgo_Runner.TestRunner<br>Test method: Runs Cucumber Scenarios<br>Parameters: "Verify that user receives error for invalid python code", "Testing whether the user is navigating to Linked List Page and perform actions"</td>
<td></td>
<td>0</td>
<td>dsAlgo_Runner.TestRunner@1613674b</td></tr>
<tr>
<td title='dsAlgo_Runner.TestRunner.runScenario()'><b>runScenario</b><br>Test class: dsAlgo_Runner.TestRunner<br>Test method: Runs Cucumber Scenarios<br>Parameters: "Verify that user is able to see output for valid python code for "Graph" page", "Testing whether the user is navigating to Graph Page and perform actions"</td>
<td></td>
<td>0</td>
<td>dsAlgo_Runner.TestRunner@1613674b</td></tr>
<tr>
<td title='dsAlgo_Runner.TestRunner.runScenario()'><b>runScenario</b><br>Test class: dsAlgo_Runner.TestRunner<br>Test method: Runs Cucumber Scenarios<br>Parameters: "Verify that user is able to see output for valid python code", "Testing whether the user is navigating to Linked List Page and perform actions"</td>
<td></td>
<td>0</td>
<td>dsAlgo_Runner.TestRunner@1613674b</td></tr>
<tr>
<td title='dsAlgo_Runner.TestRunner.runScenario()'><b>runScenario</b><br>Test class: dsAlgo_Runner.TestRunner<br>Test method: Runs Cucumber Scenarios<br>Parameters: "Verify that user is able to see output for valid python code", "Testing whether the user is navigating to DataStructures Page and perform actions"</td>
<td></td>
<td>0</td>
<td>dsAlgo_Runner.TestRunner@1613674b</td></tr>
<tr>
<td title='dsAlgo_Runner.TestRunner.runScenario()'><b>runScenario</b><br>Test class: dsAlgo_Runner.TestRunner<br>Test method: Runs Cucumber Scenarios<br>Parameters: "Verify that user is able to navigate to "Practice Questions" Page for "Implementation of Queue in Python" page", "Testing Whether user is directed to "Queue" Data Structure Page"</td>
<td></td>
<td>0</td>
<td>dsAlgo_Runner.TestRunner@1613674b</td></tr>
<tr>
<td title='dsAlgo_Runner.TestRunner.runScenario()'><b>runScenario</b><br>Test class: dsAlgo_Runner.TestRunner<br>Test method: Runs Cucumber Scenarios<br>Parameters: "Verify that user is able to navigate to "try Editor" page for "Operations in Stack" page", "Testing Whether user is directed to "Stack" Data Structure Page"</td>
<td></td>
<td>0</td>
<td>dsAlgo_Runner.TestRunner@1613674b</td></tr>
<tr>
<td title='dsAlgo_Runner.TestRunner.runScenario()'><b>runScenario</b><br>Test class: dsAlgo_Runner.TestRunner<br>Test method: Runs Cucumber Scenarios<br>Parameters: "Verify that user receives error message for empty Password field during Login", "Testing whether user is able to login and perform actions"</td>
<td></td>
<td>0</td>
<td>dsAlgo_Runner.TestRunner@1613674b</td></tr>
<tr>
<td title='dsAlgo_Runner.TestRunner.runScenario()'><b>runScenario</b><br>Test class: dsAlgo_Runner.TestRunner<br>Test method: Runs Cucumber Scenarios<br>Parameters: "Verify that user receives error for invalid python code for "Queue Operations" page", "Testing Whether user is directed to "Queue" Data Structure Page"</td>
<td></td>
<td>0</td>
<td>dsAlgo_Runner.TestRunner@1613674b</td></tr>
<tr>
<td title='dsAlgo_Runner.TestRunner.runScenario()'><b>runScenario</b><br>Test class: dsAlgo_Runner.TestRunner<br>Test method: Runs Cucumber Scenarios<br>Parameters: "Verify that user is able to run valid python code for "Find numbers with even number of digits" question", "The user can navigate to the array page in DsAlgo portal"</td>
<td></td>
<td>0</td>
<td>dsAlgo_Runner.TestRunner@1613674b</td></tr>
<tr>
<td title='dsAlgo_Runner.TestRunner.runScenario()'><b>runScenario</b><br>Test class: dsAlgo_Runner.TestRunner<br>Test method: Runs Cucumber Scenarios<br>Parameters: "Verify that user is able to navigate to "try Editor" page for "Queue Operations" page", "Testing Whether user is directed to "Queue" Data Structure Page"</td>
<td></td>
<td>0</td>
<td>dsAlgo_Runner.TestRunner@1613674b</td></tr>
<tr>
<td title='dsAlgo_Runner.TestRunner.runScenario()'><b>runScenario</b><br>Test class: dsAlgo_Runner.TestRunner<br>Test method: Runs Cucumber Scenarios<br>Parameters: "Verify that user receives error for invalid python code on running "Square of a sorted array" question", "The user can navigate to the array page in DsAlgo portal"</td>
<td></td>
<td>0</td>
<td>dsAlgo_Runner.TestRunner@1613674b</td></tr>
<tr>
<td title='dsAlgo_Runner.TestRunner.runScenario()'><b>runScenario</b><br>Test class: dsAlgo_Runner.TestRunner<br>Test method: Runs Cucumber Scenarios<br>Parameters: "Verify that user is able to navigate to "Square of a sorted array" Page from Practice question page of "Arrays using list" page", "The user can navigate to the array page in DsAlgo portal"</td>
<td></td>
<td>0</td>
<td>dsAlgo_Runner.TestRunner@1613674b</td></tr>
<tr>
<td title='dsAlgo_Runner.TestRunner.runScenario()'><b>runScenario</b><br>Test class: dsAlgo_Runner.TestRunner<br>Test method: Runs Cucumber Scenarios<br>Parameters: "Verify that user receives error for invalid python code on running "Search the array" question", "The user can navigate to the array page in DsAlgo portal"</td>
<td></td>
<td>0</td>
<td>dsAlgo_Runner.TestRunner@1613674b</td></tr>
<tr>
<td title='dsAlgo_Runner.TestRunner.runScenario()'><b>runScenario</b><br>Test class: dsAlgo_Runner.TestRunner<br>Test method: Runs Cucumber Scenarios<br>Parameters: "Verify that user is able to navigate to "try Editor" try Editor page", "Testing whether the user is navigating to DataStructures Page and perform actions"</td>
<td></td>
<td>4</td>
<td>dsAlgo_Runner.TestRunner@1613674b</td></tr>
<tr>
<td title='dsAlgo_Runner.TestRunner.runScenario()'><b>runScenario</b><br>Test class: dsAlgo_Runner.TestRunner<br>Test method: Runs Cucumber Scenarios<br>Parameters: "Verify that user is able to run valid python code for "Search the array" question", "The user can navigate to the array page in DsAlgo portal"</td>
<td></td>
<td>0</td>
<td>dsAlgo_Runner.TestRunner@1613674b</td></tr>
<tr>
<td title='dsAlgo_Runner.TestRunner.runScenario()'><b>runScenario</b><br>Test class: dsAlgo_Runner.TestRunner<br>Test method: Runs Cucumber Scenarios<br>Parameters: "Verify that user is able to navigate to "Queue Operations" page", "Testing Whether user is directed to "Queue" Data Structure Page"</td>
<td></td>
<td>0</td>
<td>dsAlgo_Runner.TestRunner@1613674b</td></tr>
<tr>
<td title='dsAlgo_Runner.TestRunner.runScenario()'><b>runScenario</b><br>Test class: dsAlgo_Runner.TestRunner<br>Test method: Runs Cucumber Scenarios<br>Parameters: "Verify that user is able to navigate to "Practice Questions" page", "Testing whether the user is navigating to Linked List Page and perform actions"</td>
<td></td>
<td>0</td>
<td>dsAlgo_Runner.TestRunner@1613674b</td></tr>
<tr>
<td title='dsAlgo_Runner.TestRunner.runScenario()'><b>runScenario</b><br>Test class: dsAlgo_Runner.TestRunner<br>Test method: Runs Cucumber Scenarios<br>Parameters: "Verify that user is able to navigate to Practice Questions "Applications of array"  page", "The user can navigate to the array page in DsAlgo portal"</td>
<td></td>
<td>0</td>
<td>dsAlgo_Runner.TestRunner@1613674b</td></tr>
<tr>
<td title='dsAlgo_Runner.TestRunner.runScenario()'><b>runScenario</b><br>Test class: dsAlgo_Runner.TestRunner<br>Test method: Runs Cucumber Scenarios<br>Parameters: "Verify that user able to navigate the practice question page", "Testing whether the user is navigating to Graph Page and perform actions"</td>
<td></td>
<td>0</td>
<td>dsAlgo_Runner.TestRunner@1613674b</td></tr>
<tr>
<td title='dsAlgo_Runner.TestRunner.runScenario()'><b>runScenario</b><br>Test class: dsAlgo_Runner.TestRunner<br>Test method: Runs Cucumber Scenarios<br>Parameters: "Verify that user is able to navigate to "Search the array" Page from Practice question page of "Arrays in Python" page", "The user can navigate to the array page in DsAlgo portal"</td>
<td></td>
<td>0</td>
<td>dsAlgo_Runner.TestRunner@1613674b</td></tr>
<tr>
<td title='dsAlgo_Runner.TestRunner.runScenario()'><b>runScenario</b><br>Test class: dsAlgo_Runner.TestRunner<br>Test method: Runs Cucumber Scenarios<br>Parameters: "Verify that user is able to navigate to "try Editor" page for "Arrays in Python" page", "The user can navigate to the array page in DsAlgo portal"</td>
<td></td>
<td>0</td>
<td>dsAlgo_Runner.TestRunner@1613674b</td></tr>
<tr>
<td title='dsAlgo_Runner.TestRunner.runScenario()'><b>runScenario</b><br>Test class: dsAlgo_Runner.TestRunner<br>Test method: Runs Cucumber Scenarios<br>Parameters: "Verify that user is able to run valid python code for "Max Consecutive Ones" question", "The user can navigate to the array page in DsAlgo portal"</td>
<td></td>
<td>0</td>
<td>dsAlgo_Runner.TestRunner@1613674b</td></tr>
<tr>
<td title='dsAlgo_Runner.TestRunner.runScenario()'><b>runScenario</b><br>Test class: dsAlgo_Runner.TestRunner<br>Test method: Runs Cucumber Scenarios<br>Parameters: "Verify that user receives error for invalid python code on running "Search the array" question", "The user can navigate to the array page in DsAlgo portal"</td>
<td></td>
<td>0</td>
<td>dsAlgo_Runner.TestRunner@1613674b</td></tr>
<tr>
<td title='dsAlgo_Runner.TestRunner.runScenario()'><b>runScenario</b><br>Test class: dsAlgo_Runner.TestRunner<br>Test method: Runs Cucumber Scenarios<br>Parameters: "Verify that user is able to run valid python code for "Max Consecutive Ones" question", "The user can navigate to the array page in DsAlgo portal"</td>
<td></td>
<td>0</td>
<td>dsAlgo_Runner.TestRunner@1613674b</td></tr>
<tr>
<td title='dsAlgo_Runner.TestRunner.runScenario()'><b>runScenario</b><br>Test class: dsAlgo_Runner.TestRunner<br>Test method: Runs Cucumber Scenarios<br>Parameters: "Verify that user is able to navigate to "Types of Linked List" page", "Testing whether the user is navigating to Linked List Page and perform actions"</td>
<td></td>
<td>1</td>
<td>dsAlgo_Runner.TestRunner@1613674b</td></tr>
<tr>
<td title='dsAlgo_Runner.TestRunner.runScenario()'><b>runScenario</b><br>Test class: dsAlgo_Runner.TestRunner<br>Test method: Runs Cucumber Scenarios<br>Parameters: "Verify that user receives error when click on Run button without entering code for "Operations in Stack" page", "Testing Whether user is directed to "Stack" Data Structure Page"</td>
<td></td>
<td>0</td>
<td>dsAlgo_Runner.TestRunner@1613674b</td></tr>
<tr>
<td title='dsAlgo_Runner.TestRunner.runScenario()'><b>runScenario</b><br>Test class: dsAlgo_Runner.TestRunner<br>Test method: Runs Cucumber Scenarios<br>Parameters: "Verify that user is able to navigate to Practice Questions "Basic operations in lists"  page", "The user can navigate to the array page in DsAlgo portal"</td>
<td></td>
<td>1</td>
<td>dsAlgo_Runner.TestRunner@1613674b</td></tr>
<tr>
<td title='dsAlgo_Runner.TestRunner.runScenario()'><b>runScenario</b><br>Test class: dsAlgo_Runner.TestRunner<br>Test method: Runs Cucumber Scenarios<br>Parameters: "Verify that user is able to navigate to "Graph" page", "Testing whether the user is navigating to Graph Page and perform actions"</td>
<td></td>
<td>0</td>
<td>dsAlgo_Runner.TestRunner@1613674b</td></tr>
<tr>
<td title='dsAlgo_Runner.TestRunner.runScenario()'><b>runScenario</b><br>Test class: dsAlgo_Runner.TestRunner<br>Test method: Runs Cucumber Scenarios<br>Parameters: "Verify that user is able to navigate to "Arrays using list" page", "The user can navigate to the array page in DsAlgo portal"</td>
<td></td>
<td>0</td>
<td>dsAlgo_Runner.TestRunner@1613674b</td></tr>
<tr>
<td title='dsAlgo_Runner.TestRunner.runScenario()'><b>runScenario</b><br>Test class: dsAlgo_Runner.TestRunner<br>Test method: Runs Cucumber Scenarios<br>Parameters: "Verify that user receives error for invalid python code", "Testing whether the user is navigating to Linked List Page and perform actions"</td>
<td></td>
<td>0</td>
<td>dsAlgo_Runner.TestRunner@1613674b</td></tr>
<tr>
<td title='dsAlgo_Runner.TestRunner.runScenario()'><b>runScenario</b><br>Test class: dsAlgo_Runner.TestRunner<br>Test method: Runs Cucumber Scenarios<br>Parameters: "Verify that user receives error when click on Run button without entering code for "Implementation" page", "Testing Whether user is directed to "Stack" Data Structure Page"</td>
<td></td>
<td>0</td>
<td>dsAlgo_Runner.TestRunner@1613674b</td></tr>
<tr>
<td title='dsAlgo_Runner.TestRunner.runScenario()'><b>runScenario</b><br>Test class: dsAlgo_Runner.TestRunner<br>Test method: Runs Cucumber Scenarios<br>Parameters: "Verify that user is able to see output for valid python code", "Testing whether the user is navigating to Linked List Page and perform actions"</td>
<td></td>
<td>0</td>
<td>dsAlgo_Runner.TestRunner@1613674b</td></tr>
<tr>
<td title='dsAlgo_Runner.TestRunner.runScenario()'><b>runScenario</b><br>Test class: dsAlgo_Runner.TestRunner<br>Test method: Runs Cucumber Scenarios<br>Parameters: "Verify that user receives error when click on Run button without entering code for "Implementation using collections.deque" page", "Testing Whether user is directed to "Queue" Data Structure Page"</td>
<td></td>
<td>0</td>
<td>dsAlgo_Runner.TestRunner@1613674b</td></tr>
<tr>
<td title='dsAlgo_Runner.TestRunner.runScenario()'><b>runScenario</b><br>Test class: dsAlgo_Runner.TestRunner<br>Test method: Runs Cucumber Scenarios<br>Parameters: "Verify that user is able to see output for valid python code for "Basic operations in lists" page", "The user can navigate to the array page in DsAlgo portal"</td>
<td></td>
<td>0</td>
<td>dsAlgo_Runner.TestRunner@1613674b</td></tr>
<tr>
<td title='dsAlgo_Runner.TestRunner.runScenario()'><b>runScenario</b><br>Test class: dsAlgo_Runner.TestRunner<br>Test method: Runs Cucumber Scenarios<br>Parameters: "Verify that user is able to run valid python code for "Max Consecutive Ones" question", "The user can navigate to the array page in DsAlgo portal"</td>
<td></td>
<td>0</td>
<td>dsAlgo_Runner.TestRunner@1613674b</td></tr>
<tr>
<td title='dsAlgo_Runner.TestRunner.runScenario()'><b>runScenario</b><br>Test class: dsAlgo_Runner.TestRunner<br>Test method: Runs Cucumber Scenarios<br>Parameters: "Verify that user receives error for invalid python code on running "Square of a sorted array" question", "The user can navigate to the array page in DsAlgo portal"</td>
<td></td>
<td>0</td>
<td>dsAlgo_Runner.TestRunner@1613674b</td></tr>
<tr>
<td title='dsAlgo_Runner.TestRunner.runScenario()'><b>runScenario</b><br>Test class: dsAlgo_Runner.TestRunner<br>Test method: Runs Cucumber Scenarios<br>Parameters: "Verify that user receives error for invalid python code", "Testing whether the user is navigating to Linked List Page and perform actions"</td>
<td></td>
<td>0</td>
<td>dsAlgo_Runner.TestRunner@1613674b</td></tr>
<tr>
<td title='dsAlgo_Runner.TestRunner.runScenario()'><b>runScenario</b><br>Test class: dsAlgo_Runner.TestRunner<br>Test method: Runs Cucumber Scenarios<br>Parameters: "Verify that user is able to navigate to "try Editor" page", "Testing whether the user is navigating to Linked List Page and perform actions"</td>
<td></td>
<td>0</td>
<td>dsAlgo_Runner.TestRunner@1613674b</td></tr>
<tr>
<td title='dsAlgo_Runner.TestRunner.runScenario()'><b>runScenario</b><br>Test class: dsAlgo_Runner.TestRunner<br>Test method: Runs Cucumber Scenarios<br>Parameters: "Verify that user is able to navigate to "try Editor" page", "Testing whether the user is navigating to Linked List Page and perform actions"</td>
<td></td>
<td>0</td>
<td>dsAlgo_Runner.TestRunner@1613674b</td></tr>
<tr>
<td title='dsAlgo_Runner.TestRunner.runScenario()'><b>runScenario</b><br>Test class: dsAlgo_Runner.TestRunner<br>Test method: Runs Cucumber Scenarios<br>Parameters: "Verify that user receives error when click on Run button without entering code", "Testing whether the user is navigating to Linked List Page and perform actions"</td>
<td></td>
<td>0</td>
<td>dsAlgo_Runner.TestRunner@1613674b</td></tr>
<tr>
<td title='dsAlgo_Runner.TestRunner.runScenario()'><b>runScenario</b><br>Test class: dsAlgo_Runner.TestRunner<br>Test method: Runs Cucumber Scenarios<br>Parameters: "Verify that user receives error message for invalid Username field during Login", "Testing whether user is able to login and perform actions"</td>
<td></td>
<td>1</td>
<td>dsAlgo_Runner.TestRunner@1613674b</td></tr>
<tr>
<td title='dsAlgo_Runner.TestRunner.runScenario()'><b>runScenario</b><br>Test class: dsAlgo_Runner.TestRunner<br>Test method: Runs Cucumber Scenarios<br>Parameters: "Verify that user is able to navigate to "try Editor" page for "Graph" page", "Testing whether the user is navigating to Graph Page and perform actions"</td>
<td></td>
<td>0</td>
<td>dsAlgo_Runner.TestRunner@1613674b</td></tr>
<tr>
<td title='dsAlgo_Runner.TestRunner.runScenario()'><b>runScenario</b><br>Test class: dsAlgo_Runner.TestRunner<br>Test method: Runs Cucumber Scenarios<br>Parameters: "Verify that user is able to navigate to "Practice Questions" Page for "Implementation using array" page", "Testing Whether user is directed to "Queue" Data Structure Page"</td>
<td></td>
<td>1</td>
<td>dsAlgo_Runner.TestRunner@1613674b</td></tr>
<tr>
<td title='dsAlgo_Runner.TestRunner.runScenario()'><b>runScenario</b><br>Test class: dsAlgo_Runner.TestRunner<br>Test method: Runs Cucumber Scenarios<br>Parameters: "Verify that user receives error for invalid python code", "Testing whether the user is navigating to Linked List Page and perform actions"</td>
<td></td>
<td>0</td>
<td>dsAlgo_Runner.TestRunner@1613674b</td></tr>
<tr>
<td title='dsAlgo_Runner.TestRunner.runScenario()'><b>runScenario</b><br>Test class: dsAlgo_Runner.TestRunner<br>Test method: Runs Cucumber Scenarios<br>Parameters: "Verify that user is able to navigate to "Implementation using collections.deque" page", "Testing Whether user is directed to "Queue" Data Structure Page"</td>
<td></td>
<td>0</td>
<td>dsAlgo_Runner.TestRunner@1613674b</td></tr>
<tr>
<td title='dsAlgo_Runner.TestRunner.runScenario()'><b>runScenario</b><br>Test class: dsAlgo_Runner.TestRunner<br>Test method: Runs Cucumber Scenarios<br>Parameters: "Verify that user able to see warning message on clicking "Get Started" buttons of "Linked List" on the home page without Sign in", "TC01 - TC16 - Verify user access to the dsAlgo portal"</td>
<td></td>
<td>0</td>
<td>dsAlgo_Runner.TestRunner@1613674b</td></tr>
<tr>
<td title='dsAlgo_Runner.TestRunner.runScenario()'><b>runScenario</b><br>Test class: dsAlgo_Runner.TestRunner<br>Test method: Runs Cucumber Scenarios<br>Parameters: "Verify that user receives error for invalid python code for "Graph" page", "Testing whether the user is navigating to Graph Page and perform actions"</td>
<td></td>
<td>0</td>
<td>dsAlgo_Runner.TestRunner@1613674b</td></tr>
<tr>
<td title='dsAlgo_Runner.TestRunner.runScenario()'><b>runScenario</b><br>Test class: dsAlgo_Runner.TestRunner<br>Test method: Runs Cucumber Scenarios<br>Parameters: "Verify that user receives error for invalid python code on running "Max Consecutive Ones" question", "The user can navigate to the array page in DsAlgo portal"</td>
<td></td>
<td>0</td>
<td>dsAlgo_Runner.TestRunner@1613674b</td></tr>
<tr>
<td title='dsAlgo_Runner.TestRunner.runScenario()'><b>runScenario</b><br>Test class: dsAlgo_Runner.TestRunner<br>Test method: Runs Cucumber Scenarios<br>Parameters: "Verify that user is able to run valid python code for "Square of a sorted array" question", "The user can navigate to the array page in DsAlgo portal"</td>
<td></td>
<td>0</td>
<td>dsAlgo_Runner.TestRunner@1613674b</td></tr>
<tr>
<td title='dsAlgo_Runner.TestRunner.runScenario()'><b>runScenario</b><br>Test class: dsAlgo_Runner.TestRunner<br>Test method: Runs Cucumber Scenarios<br>Parameters: "Verify that user receives error for invalid python code on running "Find numbers with even number of digits" question", "The user can navigate to the array page in DsAlgo portal"</td>
<td></td>
<td>0</td>
<td>dsAlgo_Runner.TestRunner@1613674b</td></tr>
<tr>
<td title='dsAlgo_Runner.TestRunner.runScenario()'><b>runScenario</b><br>Test class: dsAlgo_Runner.TestRunner<br>Test method: Runs Cucumber Scenarios<br>Parameters: "Verify that user is able to navigate to "Practice Questions" page", "Testing whether the user is navigating to Linked List Page and perform actions"</td>
<td></td>
<td>0</td>
<td>dsAlgo_Runner.TestRunner@1613674b</td></tr>
<tr>
<td title='dsAlgo_Runner.TestRunner.runScenario()'><b>runScenario</b><br>Test class: dsAlgo_Runner.TestRunner<br>Test method: Runs Cucumber Scenarios<br>Parameters: "Verify that user receives error for invalid python code for "Implementation" page", "Testing Whether user is directed to "Stack" Data Structure Page"</td>
<td></td>
<td>0</td>
<td>dsAlgo_Runner.TestRunner@1613674b</td></tr>
<tr>
<td title='dsAlgo_Runner.TestRunner.runScenario()'><b>runScenario</b><br>Test class: dsAlgo_Runner.TestRunner<br>Test method: Runs Cucumber Scenarios<br>Parameters: "Verify that user receives error when click on Run button without entering code for "Queue Operations" page", "Testing Whether user is directed to "Queue" Data Structure Page"</td>
<td></td>
<td>0</td>
<td>dsAlgo_Runner.TestRunner@1613674b</td></tr>
<tr>
<td title='dsAlgo_Runner.TestRunner.runScenario()'><b>runScenario</b><br>Test class: dsAlgo_Runner.TestRunner<br>Test method: Runs Cucumber Scenarios<br>Parameters: "Verify that user is able to navigate to "Implementation of Queue in Python" page", "Testing Whether user is directed to "Queue" Data Structure Page"</td>
<td></td>
<td>0</td>
<td>dsAlgo_Runner.TestRunner@1613674b</td></tr>
<tr>
<td title='dsAlgo_Runner.TestRunner.runScenario()'><b>runScenario</b><br>Test class: dsAlgo_Runner.TestRunner<br>Test method: Runs Cucumber Scenarios<br>Parameters: "Verify that user receives error for invalid python code for "Operations in Stack" page", "Testing Whether user is directed to "Stack" Data Structure Page"</td>
<td></td>
<td>0</td>
<td>dsAlgo_Runner.TestRunner@1613674b</td></tr>
<tr>
<td title='dsAlgo_Runner.TestRunner.runScenario()'><b>runScenario</b><br>Test class: dsAlgo_Runner.TestRunner<br>Test method: Runs Cucumber Scenarios<br>Parameters: "Verify that user receives error when click on Run button without entering code for "Applications" page", "Testing Whether user is directed to "Stack" Data Structure Page"</td>
<td></td>
<td>0</td>
<td>dsAlgo_Runner.TestRunner@1613674b</td></tr>
<tr>
<td title='dsAlgo_Runner.TestRunner.runScenario()'><b>runScenario</b><br>Test class: dsAlgo_Runner.TestRunner<br>Test method: Runs Cucumber Scenarios<br>Parameters: "Verify that user receives error for invalid python code on running "Find numbers with even number of digits" question", "The user can navigate to the array page in DsAlgo portal"</td>
<td></td>
<td>0</td>
<td>dsAlgo_Runner.TestRunner@1613674b</td></tr>
<tr>
<td title='dsAlgo_Runner.TestRunner.runScenario()'><b>runScenario</b><br>Test class: dsAlgo_Runner.TestRunner<br>Test method: Runs Cucumber Scenarios<br>Parameters: "Verify that user able to see warning message on clicking "Get Started" buttons of "Queue" on the home page without Sign in", "TC01 - TC16 - Verify user access to the dsAlgo portal"</td>
<td></td>
<td>0</td>
<td>dsAlgo_Runner.TestRunner@1613674b</td></tr>
<tr>
<td title='dsAlgo_Runner.TestRunner.runScenario()'><b>runScenario</b><br>Test class: dsAlgo_Runner.TestRunner<br>Test method: Runs Cucumber Scenarios<br>Parameters: "Verify that user is able to navigate to "Implement Linked List in phyton" page", "Testing whether the user is navigating to Linked List Page and perform actions"</td>
<td></td>
<td>1</td>
<td>dsAlgo_Runner.TestRunner@1613674b</td></tr>
<tr>
<td title='dsAlgo_Runner.TestRunner.runScenario()'><b>runScenario</b><br>Test class: dsAlgo_Runner.TestRunner<br>Test method: Runs Cucumber Scenarios<br>Parameters: "Verify that user receives error for invalid python code for "Implementation of Queue in Python" page", "Testing Whether user is directed to "Queue" Data Structure Page"</td>
<td></td>
<td>0</td>
<td>dsAlgo_Runner.TestRunner@1613674b</td></tr>
<tr>
<td title='dsAlgo_Runner.TestRunner.runScenario()'><b>runScenario</b><br>Test class: dsAlgo_Runner.TestRunner<br>Test method: Runs Cucumber Scenarios<br>Parameters: "Verify that user is able to navigate to "Find numbers with even number of digits" Page from Practice question page of "Arrays using list" page", "The user can navigate to the array page in DsAlgo portal"</td>
<td></td>
<td>0</td>
<td>dsAlgo_Runner.TestRunner@1613674b</td></tr>
<tr>
<td title='dsAlgo_Runner.TestRunner.runScenario()'><b>runScenario</b><br>Test class: dsAlgo_Runner.TestRunner<br>Test method: Runs Cucumber Scenarios<br>Parameters: "Verify that user is able to see output for valid python code for "Implementation using array" page", "Testing Whether user is directed to "Queue" Data Structure Page"</td>
<td></td>
<td>0</td>
<td>dsAlgo_Runner.TestRunner@1613674b</td></tr>
<tr>
<td title='dsAlgo_Runner.TestRunner.runScenario()'><b>runScenario</b><br>Test class: dsAlgo_Runner.TestRunner<br>Test method: Runs Cucumber Scenarios<br>Parameters: "Verify that user is able to navigate to "creating Linked List" page", "Testing whether the user is navigating to Linked List Page and perform actions"</td>
<td></td>
<td>0</td>
<td>dsAlgo_Runner.TestRunner@1613674b</td></tr>
<tr>
<td title='dsAlgo_Runner.TestRunner.runScenario()'><b>runScenario</b><br>Test class: dsAlgo_Runner.TestRunner<br>Test method: Runs Cucumber Scenarios<br>Parameters: "Verify that user is able to navigate to "Max Consecutive Ones" Page from Practice question page of "Basic operations in lists" page", "The user can navigate to the array page in DsAlgo portal"</td>
<td></td>
<td>0</td>
<td>dsAlgo_Runner.TestRunner@1613674b</td></tr>
<tr>
<td title='dsAlgo_Runner.TestRunner.runScenario()'><b>runScenario</b><br>Test class: dsAlgo_Runner.TestRunner<br>Test method: Runs Cucumber Scenarios<br>Parameters: "Verify that user receives error when click on Run button without entering code for "Applications of array" page", "The user can navigate to the array page in DsAlgo portal"</td>
<td></td>
<td>0</td>
<td>dsAlgo_Runner.TestRunner@1613674b</td></tr>
<tr>
<td title='dsAlgo_Runner.TestRunner.runScenario()'><b>runScenario</b><br>Test class: dsAlgo_Runner.TestRunner<br>Test method: Runs Cucumber Scenarios<br>Parameters: "Verify that user receives error for invalid python code for "Applications" page", "Testing Whether user is directed to "Stack" Data Structure Page"</td>
<td></td>
<td>0</td>
<td>dsAlgo_Runner.TestRunner@1613674b</td></tr>
<tr>
<td title='dsAlgo_Runner.TestRunner.runScenario()'><b>runScenario</b><br>Test class: dsAlgo_Runner.TestRunner<br>Test method: Runs Cucumber Scenarios<br>Parameters: "Verify that user receives error when click on Run button without entering code for "Graph" page", "Testing whether the user is navigating to Graph Page and perform actions"</td>
<td></td>
<td>0</td>
<td>dsAlgo_Runner.TestRunner@1613674b</td></tr>
<tr>
<td title='dsAlgo_Runner.TestRunner.runScenario()'><b>runScenario</b><br>Test class: dsAlgo_Runner.TestRunner<br>Test method: Runs Cucumber Scenarios<br>Parameters: "Verify that user is able to land on Homepage after registration with valid fields", "Testing whether user is able to Registered into dsAlgo portal"</td>
<td></td>
<td>1</td>
<td>dsAlgo_Runner.TestRunner@1613674b</td></tr>
<tr>
<td title='dsAlgo_Runner.TestRunner.runScenario()'><b>runScenario</b><br>Test class: dsAlgo_Runner.TestRunner<br>Test method: Runs Cucumber Scenarios<br>Parameters: "Verify that user is able to navigate to "try Editor" page for "Applications of array" page", "The user can navigate to the array page in DsAlgo portal"</td>
<td></td>
<td>0</td>
<td>dsAlgo_Runner.TestRunner@1613674b</td></tr>
<tr>
<td title='dsAlgo_Runner.TestRunner.runScenario()'><b>runScenario</b><br>Test class: dsAlgo_Runner.TestRunner<br>Test method: Runs Cucumber Scenarios<br>Parameters: "Verify that user is able to run valid python code for "Search the array" question", "The user can navigate to the array page in DsAlgo portal"</td>
<td></td>
<td>0</td>
<td>dsAlgo_Runner.TestRunner@1613674b</td></tr>
<tr>
<td title='dsAlgo_Runner.TestRunner.runScenario()'><b>runScenario</b><br>Test class: dsAlgo_Runner.TestRunner<br>Test method: Runs Cucumber Scenarios<br>Parameters: "Verify that user is able to navigate to "Arrays in Python" page", "The user can navigate to the array page in DsAlgo portal"</td>
<td></td>
<td>0</td>
<td>dsAlgo_Runner.TestRunner@1613674b</td></tr>
<tr>
<td title='dsAlgo_Runner.TestRunner.runScenario()'><b>runScenario</b><br>Test class: dsAlgo_Runner.TestRunner<br>Test method: Runs Cucumber Scenarios<br>Parameters: "Verify that user is able to run valid python code for "Find numbers with even number of digits" question", "The user can navigate to the array page in DsAlgo portal"</td>
<td></td>
<td>0</td>
<td>dsAlgo_Runner.TestRunner@1613674b</td></tr>
<tr>
<td title='dsAlgo_Runner.TestRunner.runScenario()'><b>runScenario</b><br>Test class: dsAlgo_Runner.TestRunner<br>Test method: Runs Cucumber Scenarios<br>Parameters: "Verify that user receives error when click on Run button without entering code for "Arrays in Python" page", "The user can navigate to the array page in DsAlgo portal"</td>
<td></td>
<td>0</td>
<td>dsAlgo_Runner.TestRunner@1613674b</td></tr>
<tr>
<td title='dsAlgo_Runner.TestRunner.runScenario()'><b>runScenario</b><br>Test class: dsAlgo_Runner.TestRunner<br>Test method: Runs Cucumber Scenarios<br>Parameters: "Verify that user is able to see output for valid python code", "Testing whether the user is navigating to Linked List Page and perform actions"</td>
<td></td>
<td>0</td>
<td>dsAlgo_Runner.TestRunner@1613674b</td></tr>
<tr>
<td title='dsAlgo_Runner.TestRunner.runScenario()'><b>runScenario</b><br>Test class: dsAlgo_Runner.TestRunner<br>Test method: Runs Cucumber Scenarios<br>Parameters: "Verify that user receives error for invalid python code on running "Square of a sorted array" question", "The user can navigate to the array page in DsAlgo portal"</td>
<td></td>
<td>0</td>
<td>dsAlgo_Runner.TestRunner@1613674b</td></tr>
<tr>
<td title='dsAlgo_Runner.TestRunner.runScenario()'><b>runScenario</b><br>Test class: dsAlgo_Runner.TestRunner<br>Test method: Runs Cucumber Scenarios<br>Parameters: "Verify that user is able to navigate to "Practice Questions" Page for "Arrays in Python" page", "The user can navigate to the array page in DsAlgo portal"</td>
<td></td>
<td>0</td>
<td>dsAlgo_Runner.TestRunner@1613674b</td></tr>
<tr>
<td title='dsAlgo_Runner.TestRunner.runScenario()'><b>runScenario</b><br>Test class: dsAlgo_Runner.TestRunner<br>Test method: Runs Cucumber Scenarios<br>Parameters: "Verify that user able to see warning message while selecting "Stack" from the drop down without Sign in.", "TC01 - TC16 - Verify user access to the dsAlgo portal"</td>
<td></td>
<td>0</td>
<td>dsAlgo_Runner.TestRunner@1613674b</td></tr>
<tr>
<td title='dsAlgo_Runner.TestRunner.runScenario()'><b>runScenario</b><br>Test class: dsAlgo_Runner.TestRunner<br>Test method: Runs Cucumber Scenarios<br>Parameters: "Verify that user is able to run valid python code for "Max Consecutive Ones" question", "The user can navigate to the array page in DsAlgo portal"</td>
<td></td>
<td>0</td>
<td>dsAlgo_Runner.TestRunner@1613674b</td></tr>
<tr>
<td title='dsAlgo_Runner.TestRunner.runScenario()'><b>runScenario</b><br>Test class: dsAlgo_Runner.TestRunner<br>Test method: Runs Cucumber Scenarios<br>Parameters: "Verify that user receives error when click on Run button without entering code", "Testing whether the user is navigating to Linked List Page and perform actions"</td>
<td></td>
<td>0</td>
<td>dsAlgo_Runner.TestRunner@1613674b</td></tr>
<tr>
<td title='dsAlgo_Runner.TestRunner.runScenario()'><b>runScenario</b><br>Test class: dsAlgo_Runner.TestRunner<br>Test method: Runs Cucumber Scenarios<br>Parameters: "Verify that user is able to see output for valid python code", "Testing whether the user is navigating to Linked List Page and perform actions"</td>
<td></td>
<td>0</td>
<td>dsAlgo_Runner.TestRunner@1613674b</td></tr>
<tr>
<td title='dsAlgo_Runner.TestRunner.runScenario()'><b>runScenario</b><br>Test class: dsAlgo_Runner.TestRunner<br>Test method: Runs Cucumber Scenarios<br>Parameters: "Verify that user is able to navigate to "Practice Questions" page", "Testing whether the user is navigating to Linked List Page and perform actions"</td>
<td></td>
<td>0</td>
<td>dsAlgo_Runner.TestRunner@1613674b</td></tr>
<tr>
<td title='dsAlgo_Runner.TestRunner.runScenario()'><b>runScenario</b><br>Test class: dsAlgo_Runner.TestRunner<br>Test method: Runs Cucumber Scenarios<br>Parameters: "Verify that user is able to see output for valid python code for "Applications" page", "Testing Whether user is directed to "Stack" Data Structure Page"</td>
<td></td>
<td>0</td>
<td>dsAlgo_Runner.TestRunner@1613674b</td></tr>
<tr>
<td title='dsAlgo_Runner.TestRunner.runScenario()'><b>runScenario</b><br>Test class: dsAlgo_Runner.TestRunner<br>Test method: Runs Cucumber Scenarios<br>Parameters: "Verify that user is able to navigate to "Stack" data structure page", "Testing Whether user is directed to "Stack" Data Structure Page"</td>
<td></td>
<td>1</td>
<td>dsAlgo_Runner.TestRunner@1613674b</td></tr>
<tr>
<td title='dsAlgo_Runner.TestRunner.runScenario()'><b>runScenario</b><br>Test class: dsAlgo_Runner.TestRunner<br>Test method: Runs Cucumber Scenarios<br>Parameters: "Verify that user is able to navigate to "try Editor" page for "Implementation of Queue in Python" page", "Testing Whether user is directed to "Queue" Data Structure Page"</td>
<td></td>
<td>0</td>
<td>dsAlgo_Runner.TestRunner@1613674b</td></tr>
<tr>
<td title='dsAlgo_Runner.TestRunner.runScenario()'><b>runScenario</b><br>Test class: dsAlgo_Runner.TestRunner<br>Test method: Runs Cucumber Scenarios<br>Parameters: "Verify that user receives error for invalid python code on running "Square of a sorted array" question", "The user can navigate to the array page in DsAlgo portal"</td>
<td></td>
<td>0</td>
<td>dsAlgo_Runner.TestRunner@1613674b</td></tr>
<tr>
<td title='dsAlgo_Runner.TestRunner.runScenario()'><b>runScenario</b><br>Test class: dsAlgo_Runner.TestRunner<br>Test method: Runs Cucumber Scenarios<br>Parameters: "Verify that user is able to navigate to "try Editor" page", "Testing whether the user is navigating to Linked List Page and perform actions"</td>
<td></td>
<td>0</td>
<td>dsAlgo_Runner.TestRunner@1613674b</td></tr>
<tr>
<td title='dsAlgo_Runner.TestRunner.runScenario()'><b>runScenario</b><br>Test class: dsAlgo_Runner.TestRunner<br>Test method: Runs Cucumber Scenarios<br>Parameters: "Verify that user able to see warning message while selecting "Queue" from the drop down without Sign in.", "TC01 - TC16 - Verify user access to the dsAlgo portal"</td>
<td></td>
<td>0</td>
<td>dsAlgo_Runner.TestRunner@1613674b</td></tr>
<tr>
<td title='dsAlgo_Runner.TestRunner.runScenario()'><b>runScenario</b><br>Test class: dsAlgo_Runner.TestRunner<br>Test method: Runs Cucumber Scenarios<br>Parameters: "Verify that user receives error for invalid python code on running "Max Consecutive Ones" question", "The user can navigate to the array page in DsAlgo portal"</td>
<td></td>
<td>0</td>
<td>dsAlgo_Runner.TestRunner@1613674b</td></tr>
<tr>
<td title='dsAlgo_Runner.TestRunner.runScenario()'><b>runScenario</b><br>Test class: dsAlgo_Runner.TestRunner<br>Test method: Runs Cucumber Scenarios<br>Parameters: "Verify that user is able to navigate to "try Editor" page for "Applications" page", "Testing Whether user is directed to "Stack" Data Structure Page"</td>
<td></td>
<td>0</td>
<td>dsAlgo_Runner.TestRunner@1613674b</td></tr>
<tr>
<td title='dsAlgo_Runner.TestRunner.runScenario()'><b>runScenario</b><br>Test class: dsAlgo_Runner.TestRunner<br>Test method: Runs Cucumber Scenarios<br>Parameters: "Verify that user is able to navigate to "try Editor" page", "Testing whether the user is navigating to Linked List Page and perform actions"</td>
<td></td>
<td>1</td>
<td>dsAlgo_Runner.TestRunner@1613674b</td></tr>
<tr>
<td title='dsAlgo_Runner.TestRunner.runScenario()'><b>runScenario</b><br>Test class: dsAlgo_Runner.TestRunner<br>Test method: Runs Cucumber Scenarios<br>Parameters: "Verify that user able to land on Home page after entering valid Username and Password fields", "Testing whether user is able to login and perform actions"</td>
<td></td>
<td>0</td>
<td>dsAlgo_Runner.TestRunner@1613674b</td></tr>
<tr>
<td title='dsAlgo_Runner.TestRunner.runScenario()'><b>runScenario</b><br>Test class: dsAlgo_Runner.TestRunner<br>Test method: Runs Cucumber Scenarios<br>Parameters: "Verify that user is able to navigate to "try Editor" page for "Implementation" page", "Testing Whether user is directed to "Stack" Data Structure Page"</td>
<td></td>
<td>0</td>
<td>dsAlgo_Runner.TestRunner@1613674b</td></tr>
<tr>
<td title='dsAlgo_Runner.TestRunner.runScenario()'><b>runScenario</b><br>Test class: dsAlgo_Runner.TestRunner<br>Test method: Runs Cucumber Scenarios<br>Parameters: "Verify that user is able to navigate to "Queue" data structure page", "Testing Whether user is directed to "Queue" Data Structure Page"</td>
<td></td>
<td>1</td>
<td>dsAlgo_Runner.TestRunner@1613674b</td></tr>
<tr>
<td title='dsAlgo_Runner.TestRunner.runScenario()'><b>runScenario</b><br>Test class: dsAlgo_Runner.TestRunner<br>Test method: Runs Cucumber Scenarios<br>Parameters: "Verify that user is able to navigate to "Practice Questions" page", "Testing whether the user is navigating to DataStructures Page and perform actions"</td>
<td></td>
<td>0</td>
<td>dsAlgo_Runner.TestRunner@1613674b</td></tr>
<tr>
<td title='dsAlgo_Runner.TestRunner.runScenario()'><b>runScenario</b><br>Test class: dsAlgo_Runner.TestRunner<br>Test method: Runs Cucumber Scenarios<br>Parameters: "Verify that user receives error message for empty Password field during registration", "Testing whether user is able to Registered into dsAlgo portal"</td>
<td></td>
<td>1</td>
<td>dsAlgo_Runner.TestRunner@1613674b</td></tr>
<tr>
<td title='dsAlgo_Runner.TestRunner.runScenario()'><b>runScenario</b><br>Test class: dsAlgo_Runner.TestRunner<br>Test method: Runs Cucumber Scenarios<br>Parameters: "Verify that user is able to see output for valid python code", "Testing whether the user is navigating to Linked List Page and perform actions"</td>
<td></td>
<td>0</td>
<td>dsAlgo_Runner.TestRunner@1613674b</td></tr>
<tr>
<td title='dsAlgo_Runner.TestRunner.runScenario()'><b>runScenario</b><br>Test class: dsAlgo_Runner.TestRunner<br>Test method: Runs Cucumber Scenarios<br>Parameters: "Verify that user is able to navigate to "try Editor" page", "Testing whether the user is navigating to Linked List Page and perform actions"</td>
<td></td>
<td>0</td>
<td>dsAlgo_Runner.TestRunner@1613674b</td></tr>
<tr>
<td title='dsAlgo_Runner.TestRunner.runScenario()'><b>runScenario</b><br>Test class: dsAlgo_Runner.TestRunner<br>Test method: Runs Cucumber Scenarios<br>Parameters: "Verify that user is able to navigate to "Practice Questions" Page for "Queue Operations" page", "Testing Whether user is directed to "Queue" Data Structure Page"</td>
<td></td>
<td>0</td>
<td>dsAlgo_Runner.TestRunner@1613674b</td></tr>
<tr>
<td title='dsAlgo_Runner.TestRunner.runScenario()'><b>runScenario</b><br>Test class: dsAlgo_Runner.TestRunner<br>Test method: Runs Cucumber Scenarios<br>Parameters: "Verify that user is able to navigate to "Practice Questions" Page for "Implementation" page", "Testing Whether user is directed to "Stack" Data Structure Page"</td>
<td></td>
<td>0</td>
<td>dsAlgo_Runner.TestRunner@1613674b</td></tr>
<tr>
<td title='dsAlgo_Runner.TestRunner.runScenario()'><b>runScenario</b><br>Test class: dsAlgo_Runner.TestRunner<br>Test method: Runs Cucumber Scenarios<br>Parameters: "Verify that user receives error for invalid python code for "Arrays in Python" page", "The user can navigate to the array page in DsAlgo portal"</td>
<td></td>
<td>0</td>
<td>dsAlgo_Runner.TestRunner@1613674b</td></tr>
<tr>
<td title='dsAlgo_Runner.TestRunner.runScenario()'><b>runScenario</b><br>Test class: dsAlgo_Runner.TestRunner<br>Test method: Runs Cucumber Scenarios<br>Parameters: "Verify that user is able to see output for valid python code", "Testing whether the user is navigating to Linked List Page and perform actions"</td>
<td></td>
<td>0</td>
<td>dsAlgo_Runner.TestRunner@1613674b</td></tr>
<tr>
<td title='dsAlgo_Runner.TestRunner.runScenario()'><b>runScenario</b><br>Test class: dsAlgo_Runner.TestRunner<br>Test method: Runs Cucumber Scenarios<br>Parameters: "Verify that user is able to navigate to "Practice Questions" page", "Testing whether the user is navigating to Linked List Page and perform actions"</td>
<td></td>
<td>0</td>
<td>dsAlgo_Runner.TestRunner@1613674b</td></tr>
<tr>
<td title='dsAlgo_Runner.TestRunner.runScenario()'><b>runScenario</b><br>Test class: dsAlgo_Runner.TestRunner<br>Test method: Runs Cucumber Scenarios<br>Parameters: "Verify that user receives error for invalid python code", "Testing whether the user is navigating to DataStructures Page and perform actions"</td>
<td></td>
<td>0</td>
<td>dsAlgo_Runner.TestRunner@1613674b</td></tr>
<tr>
<td title='dsAlgo_Runner.TestRunner.runScenario()'><b>runScenario</b><br>Test class: dsAlgo_Runner.TestRunner<br>Test method: Runs Cucumber Scenarios<br>Parameters: "Verify that user is able to navigate to "try Editor" page", "Testing whether the user is navigating to Linked List Page and perform actions"</td>
<td></td>
<td>0</td>
<td>dsAlgo_Runner.TestRunner@1613674b</td></tr>
<tr>
<td title='dsAlgo_Runner.TestRunner.runScenario()'><b>runScenario</b><br>Test class: dsAlgo_Runner.TestRunner<br>Test method: Runs Cucumber Scenarios<br>Parameters: "Verify that user is able to navigate to "Search the array" Page from Practice question page of "Applications of array"  page", "The user can navigate to the array page in DsAlgo portal"</td>
<td></td>
<td>0</td>
<td>dsAlgo_Runner.TestRunner@1613674b</td></tr>
<tr>
<td title='dsAlgo_Runner.TestRunner.runScenario()'><b>runScenario</b><br>Test class: dsAlgo_Runner.TestRunner<br>Test method: Runs Cucumber Scenarios<br>Parameters: "Verify that user is able to navigate to "try Editor" page for "Implementation using array" page", "Testing Whether user is directed to "Queue" Data Structure Page"</td>
<td></td>
<td>1</td>
<td>dsAlgo_Runner.TestRunner@1613674b</td></tr>
<tr>
<td title='dsAlgo_Runner.TestRunner.runScenario()'><b>runScenario</b><br>Test class: dsAlgo_Runner.TestRunner<br>Test method: Runs Cucumber Scenarios<br>Parameters: "Verify that user receives error for invalid python code for "Applications of array" page", "The user can navigate to the array page in DsAlgo portal"</td>
<td></td>
<td>0</td>
<td>dsAlgo_Runner.TestRunner@1613674b</td></tr>
<tr>
<td title='dsAlgo_Runner.TestRunner.runScenario()'><b>runScenario</b><br>Test class: dsAlgo_Runner.TestRunner<br>Test method: Runs Cucumber Scenarios<br>Parameters: "Verify that user receives error for invalid python code for "Arrays using list" page", "The user can navigate to the array page in DsAlgo portal"</td>
<td></td>
<td>0</td>
<td>dsAlgo_Runner.TestRunner@1613674b</td></tr>
<tr>
<td title='dsAlgo_Runner.TestRunner.runScenario()'><b>runScenario</b><br>Test class: dsAlgo_Runner.TestRunner<br>Test method: Runs Cucumber Scenarios<br>Parameters: "Verify that user is able to see output for valid python code for "Implementation using collections.deque" page", "Testing Whether user is directed to "Queue" Data Structure Page"</td>
<td></td>
<td>0</td>
<td>dsAlgo_Runner.TestRunner@1613674b</td></tr>
<tr>
<td title='dsAlgo_Runner.TestRunner.runScenario()'><b>runScenario</b><br>Test class: dsAlgo_Runner.TestRunner<br>Test method: Runs Cucumber Scenarios<br>Parameters: "Verify that user is able to navigate to "try Editor" page", "Testing whether the user is navigating to Linked List Page and perform actions"</td>
<td></td>
<td>0</td>
<td>dsAlgo_Runner.TestRunner@1613674b</td></tr>
<tr>
<td title='dsAlgo_Runner.TestRunner.runScenario()'><b>runScenario</b><br>Test class: dsAlgo_Runner.TestRunner<br>Test method: Runs Cucumber Scenarios<br>Parameters: "Verify that user receives error message for empty Username field during Login", "Testing whether user is able to login and perform actions"</td>
<td></td>
<td>0</td>
<td>dsAlgo_Runner.TestRunner@1613674b</td></tr>
<tr>
<td title='dsAlgo_Runner.TestRunner.runScenario()'><b>runScenario</b><br>Test class: dsAlgo_Runner.TestRunner<br>Test method: Runs Cucumber Scenarios<br>Parameters: "Verify that user is able to navigate to "Traversal" page", "Testing whether the user is navigating to Linked List Page and perform actions"</td>
<td></td>
<td>1</td>
<td>dsAlgo_Runner.TestRunner@1613674b</td></tr>
<tr>
<td title='dsAlgo_Runner.TestRunner.runScenario()'><b>runScenario</b><br>Test class: dsAlgo_Runner.TestRunner<br>Test method: Runs Cucumber Scenarios<br>Parameters: "Verify that user is able to run valid python code for "Search the array" question", "The user can navigate to the array page in DsAlgo portal"</td>
<td></td>
<td>0</td>
<td>dsAlgo_Runner.TestRunner@1613674b</td></tr>
<tr>
<td title='dsAlgo_Runner.TestRunner.runScenario()'><b>runScenario</b><br>Test class: dsAlgo_Runner.TestRunner<br>Test method: Runs Cucumber Scenarios<br>Parameters: "Verify that user receives error for invalid python code on running "Max Consecutive Ones" question", "The user can navigate to the array page in DsAlgo portal"</td>
<td></td>
<td>0</td>
<td>dsAlgo_Runner.TestRunner@1613674b</td></tr>
<tr>
<td title='dsAlgo_Runner.TestRunner.runScenario()'><b>runScenario</b><br>Test class: dsAlgo_Runner.TestRunner<br>Test method: Runs Cucumber Scenarios<br>Parameters: "Verify that user receives error for invalid python code for "Implementation using array" page", "Testing Whether user is directed to "Queue" Data Structure Page"</td>
<td></td>
<td>0</td>
<td>dsAlgo_Runner.TestRunner@1613674b</td></tr>
<tr>
<td title='dsAlgo_Runner.TestRunner.runScenario()'><b>runScenario</b><br>Test class: dsAlgo_Runner.TestRunner<br>Test method: Runs Cucumber Scenarios<br>Parameters: "Verify that user is able to navigate to "Graph" data structure page", "Testing whether the user is navigating to Graph Page and perform actions"</td>
<td></td>
<td>0</td>
<td>dsAlgo_Runner.TestRunner@1613674b</td></tr>
<tr>
<td title='dsAlgo_Runner.TestRunner.runScenario()'><b>runScenario</b><br>Test class: dsAlgo_Runner.TestRunner<br>Test method: Runs Cucumber Scenarios<br>Parameters: "Verify that user is able to navigate to "Graph Representations" page", "Testing whether the user is navigating to Graph Page and perform actions"</td>
<td></td>
<td>0</td>
<td>dsAlgo_Runner.TestRunner@1613674b</td></tr>
<tr>
<td title='dsAlgo_Runner.TestRunner.runScenario()'><b>runScenario</b><br>Test class: dsAlgo_Runner.TestRunner<br>Test method: Runs Cucumber Scenarios<br>Parameters: "Verify that user is able to run valid python code for "Square of a sorted array" question", "The user can navigate to the array page in DsAlgo portal"</td>
<td></td>
<td>0</td>
<td>dsAlgo_Runner.TestRunner@1613674b</td></tr>
<tr>
<td title='dsAlgo_Runner.TestRunner.runScenario()'><b>runScenario</b><br>Test class: dsAlgo_Runner.TestRunner<br>Test method: Runs Cucumber Scenarios<br>Parameters: "Verify that user is able to navigate to "Implementation" page", "Testing Whether user is directed to "Stack" Data Structure Page"</td>
<td></td>
<td>0</td>
<td>dsAlgo_Runner.TestRunner@1613674b</td></tr>
<tr>
<td title='dsAlgo_Runner.TestRunner.runScenario()'><b>runScenario</b><br>Test class: dsAlgo_Runner.TestRunner<br>Test method: Runs Cucumber Scenarios<br>Parameters: "Verify that user receives error message for all empty fields during registration", "Testing whether user is able to Registered into dsAlgo portal"</td>
<td></td>
<td>0</td>
<td>dsAlgo_Runner.TestRunner@1613674b</td></tr>
<tr>
<td title='dsAlgo_Runner.TestRunner.runScenario()'><b>runScenario</b><br>Test class: dsAlgo_Runner.TestRunner<br>Test method: Runs Cucumber Scenarios<br>Parameters: "Verify that user is able to navigate to "Find numbers with even number of digits" Page from Practice question page of "Applications of array" page", "The user can navigate to the array page in DsAlgo portal"</td>
<td></td>
<td>0</td>
<td>dsAlgo_Runner.TestRunner@1613674b</td></tr>
<tr>
<td title='dsAlgo_Runner.TestRunner.runScenario()'><b>runScenario</b><br>Test class: dsAlgo_Runner.TestRunner<br>Test method: Runs Cucumber Scenarios<br>Parameters: "Verify that user is able to navigate to "Practice Questions" Page for "Implementation using collections.deque" page", "Testing Whether user is directed to "Queue" Data Structure Page"</td>
<td></td>
<td>0</td>
<td>dsAlgo_Runner.TestRunner@1613674b</td></tr>
<tr>
<td title='dsAlgo_Runner.TestRunner.runScenario()'><b>runScenario</b><br>Test class: dsAlgo_Runner.TestRunner<br>Test method: Runs Cucumber Scenarios<br>Parameters: "Verify that user is able to open the dsAlgo Portal", "TC01 - TC16 - Verify user access to the dsAlgo portal"</td>
<td></td>
<td>0</td>
<td>dsAlgo_Runner.TestRunner@1613674b</td></tr>
<tr>
<td title='dsAlgo_Runner.TestRunner.runScenario()'><b>runScenario</b><br>Test class: dsAlgo_Runner.TestRunner<br>Test method: Runs Cucumber Scenarios<br>Parameters: "Verify that user able to see warning message on clicking "Get Started" buttons of "Array" on the home page without Sign in", "TC01 - TC16 - Verify user access to the dsAlgo portal"</td>
<td></td>
<td>0</td>
<td>dsAlgo_Runner.TestRunner@1613674b</td></tr>
<tr>
<td title='dsAlgo_Runner.TestRunner.runScenario()'><b>runScenario</b><br>Test class: dsAlgo_Runner.TestRunner<br>Test method: Runs Cucumber Scenarios<br>Parameters: "Verify that user receives error for invalid python code", "Testing whether the user is navigating to Linked List Page and perform actions"</td>
<td></td>
<td>0</td>
<td>dsAlgo_Runner.TestRunner@1613674b</td></tr>
<tr>
<td title='dsAlgo_Runner.TestRunner.runScenario()'><b>runScenario</b><br>Test class: dsAlgo_Runner.TestRunner<br>Test method: Runs Cucumber Scenarios<br>Parameters: "Verify that user is able to see output for valid python code for "Implementation" page", "Testing Whether user is directed to "Stack" Data Structure Page"</td>
<td></td>
<td>0</td>
<td>dsAlgo_Runner.TestRunner@1613674b</td></tr>
<tr>
<td title='dsAlgo_Runner.TestRunner.runScenario()'><b>runScenario</b><br>Test class: dsAlgo_Runner.TestRunner<br>Test method: Runs Cucumber Scenarios<br>Parameters: "Verify that user able to see warning message on clicking "Get Started" buttons of "Stack" on the home page without Sign in", "TC01 - TC16 - Verify user access to the dsAlgo portal"</td>
<td></td>
<td>0</td>
<td>dsAlgo_Runner.TestRunner@1613674b</td></tr>
<tr>
<td title='dsAlgo_Runner.TestRunner.runScenario()'><b>runScenario</b><br>Test class: dsAlgo_Runner.TestRunner<br>Test method: Runs Cucumber Scenarios<br>Parameters: "Verify that user is able to navigate to "Basic operations in lists" page", "The user can navigate to the array page in DsAlgo portal"</td>
<td></td>
<td>0</td>
<td>dsAlgo_Runner.TestRunner@1613674b</td></tr>
<tr>
<td title='dsAlgo_Runner.TestRunner.runScenario()'><b>runScenario</b><br>Test class: dsAlgo_Runner.TestRunner<br>Test method: Runs Cucumber Scenarios<br>Parameters: "Verify that user able to see warning message on clicking "Get Started" buttons of "Tree" on the home page without Sign in", "TC01 - TC16 - Verify user access to the dsAlgo portal"</td>
<td></td>
<td>0</td>
<td>dsAlgo_Runner.TestRunner@1613674b</td></tr>
<tr>
<td title='dsAlgo_Runner.TestRunner.runScenario()'><b>runScenario</b><br>Test class: dsAlgo_Runner.TestRunner<br>Test method: Runs Cucumber Scenarios<br>Parameters: "Verify that user is able to navigate to "Insertion" page", "Testing whether the user is navigating to Linked List Page and perform actions"</td>
<td></td>
<td>1</td>
<td>dsAlgo_Runner.TestRunner@1613674b</td></tr>
<tr>
<td title='dsAlgo_Runner.TestRunner.runScenario()'><b>runScenario</b><br>Test class: dsAlgo_Runner.TestRunner<br>Test method: Runs Cucumber Scenarios<br>Parameters: "Verify that user receives error", "Testing whether the user is navigating to Linked List Page and perform actions"</td>
<td></td>
<td>0</td>
<td>dsAlgo_Runner.TestRunner@1613674b</td></tr>
<tr>
<td title='dsAlgo_Runner.TestRunner.runScenario()'><b>runScenario</b><br>Test class: dsAlgo_Runner.TestRunner<br>Test method: Runs Cucumber Scenarios<br>Parameters: "Verify the Home page for an user without Sign in", "TC01 - TC16 - Verify user access to the dsAlgo portal"</td>
<td></td>
<td>0</td>
<td>dsAlgo_Runner.TestRunner@1613674b</td></tr>
<tr>
<td title='dsAlgo_Runner.TestRunner.runScenario()'><b>runScenario</b><br>Test class: dsAlgo_Runner.TestRunner<br>Test method: Runs Cucumber Scenarios<br>Parameters: "Verify that user is able to view options for "Data Structures" dropdown on home page without Sign in", "TC01 - TC16 - Verify user access to the dsAlgo portal"</td>
<td></td>
<td>0</td>
<td>dsAlgo_Runner.TestRunner@1613674b</td></tr>
<tr>
<td title='dsAlgo_Runner.TestRunner.runScenario()'><b>runScenario</b><br>Test class: dsAlgo_Runner.TestRunner<br>Test method: Runs Cucumber Scenarios<br>Parameters: "Verify that user is able to run valid python code for "Find numbers with even number of digits" question", "The user can navigate to the array page in DsAlgo portal"</td>
<td></td>
<td>0</td>
<td>dsAlgo_Runner.TestRunner@1613674b</td></tr>
<tr>
<td title='dsAlgo_Runner.TestRunner.runScenario()'><b>runScenario</b><br>Test class: dsAlgo_Runner.TestRunner<br>Test method: Runs Cucumber Scenarios<br>Parameters: "Verify that user receives error for invalid python code for "Implementation using collections.deque" page", "Testing Whether user is directed to "Queue" Data Structure Page"</td>
<td></td>
<td>0</td>
<td>dsAlgo_Runner.TestRunner@1613674b</td></tr>
<tr>
<td title='dsAlgo_Runner.TestRunner.runScenario()'><b>runScenario</b><br>Test class: dsAlgo_Runner.TestRunner<br>Test method: Runs Cucumber Scenarios<br>Parameters: "Verify that user is able to navigate to "Data Structures - Introduction" page", "Testing whether the user is navigating to DataStructures Page and perform actions"</td>
<td></td>
<td>0</td>
<td>dsAlgo_Runner.TestRunner@1613674b</td></tr>
<tr>
<td title='dsAlgo_Runner.TestRunner.runScenario()'><b>runScenario</b><br>Test class: dsAlgo_Runner.TestRunner<br>Test method: Runs Cucumber Scenarios<br>Parameters: "Verify that user is able to navigate to "Applications" page", "Testing Whether user is directed to "Stack" Data Structure Page"</td>
<td></td>
<td>0</td>
<td>dsAlgo_Runner.TestRunner@1613674b</td></tr>
<tr>
<td title='dsAlgo_Runner.TestRunner.runScenario()'><b>runScenario</b><br>Test class: dsAlgo_Runner.TestRunner<br>Test method: Runs Cucumber Scenarios<br>Parameters: "Verify that user receives error for invalid python code on running "Find numbers with even number of digits" question", "The user can navigate to the array page in DsAlgo portal"</td>
<td></td>
<td>0</td>
<td>dsAlgo_Runner.TestRunner@1613674b</td></tr>
<tr>
<td title='dsAlgo_Runner.TestRunner.runScenario()'><b>runScenario</b><br>Test class: dsAlgo_Runner.TestRunner<br>Test method: Runs Cucumber Scenarios<br>Parameters: "Verify that user is able to navigate to "Practice Questions" Page for "Operations in Stack" page", "Testing Whether user is directed to "Stack" Data Structure Page"</td>
<td></td>
<td>0</td>
<td>dsAlgo_Runner.TestRunner@1613674b</td></tr>
<tr>
<td title='dsAlgo_Runner.TestRunner.runScenario()'><b>runScenario</b><br>Test class: dsAlgo_Runner.TestRunner<br>Test method: Runs Cucumber Scenarios<br>Parameters: "Verify that user is able to navigate to "Time Complexity" time complexity page", "Testing whether the user is navigating to DataStructures Page and perform actions"</td>
<td></td>
<td>0</td>
<td>dsAlgo_Runner.TestRunner@1613674b</td></tr>
<tr>
<td title='dsAlgo_Runner.TestRunner.runScenario()'><b>runScenario</b><br>Test class: dsAlgo_Runner.TestRunner<br>Test method: Runs Cucumber Scenarios<br>Parameters: "Verify that user is able to navigate to "try Editor" page for "Implementation using collections.deque" page", "Testing Whether user is directed to "Queue" Data Structure Page"</td>
<td></td>
<td>0</td>
<td>dsAlgo_Runner.TestRunner@1613674b</td></tr>
<tr>
<td title='dsAlgo_Runner.TestRunner.runScenario()'><b>runScenario</b><br>Test class: dsAlgo_Runner.TestRunner<br>Test method: Runs Cucumber Scenarios<br>Parameters: "Verify that user receives error for invalid python code on running "Search the array" question", "The user can navigate to the array page in DsAlgo portal"</td>
<td></td>
<td>0</td>
<td>dsAlgo_Runner.TestRunner@1613674b</td></tr>
<tr>
<td title='dsAlgo_Runner.TestRunner.runScenario()'><b>runScenario</b><br>Test class: dsAlgo_Runner.TestRunner<br>Test method: Runs Cucumber Scenarios<br>Parameters: "Verify that user is able to navigate to "Practice Questions" Page for "Applications" page", "Testing Whether user is directed to "Stack" Data Structure Page"</td>
<td></td>
<td>0</td>
<td>dsAlgo_Runner.TestRunner@1613674b</td></tr>
<tr>
<td title='dsAlgo_Runner.TestRunner.runScenario()'><b>runScenario</b><br>Test class: dsAlgo_Runner.TestRunner<br>Test method: Runs Cucumber Scenarios<br>Parameters: "Verify that user able to navigate the practice question page", "Testing whether the user is navigating to Graph Page and perform actions"</td>
<td></td>
<td>0</td>
<td>dsAlgo_Runner.TestRunner@1613674b</td></tr>
<tr>
<td title='dsAlgo_Runner.TestRunner.runScenario()'><b>runScenario</b><br>Test class: dsAlgo_Runner.TestRunner<br>Test method: Runs Cucumber Scenarios<br>Parameters: "Verify that user receives error for invalid python code on running "Find numbers with even number of digits" question", "The user can navigate to the array page in DsAlgo portal"</td>
<td></td>
<td>0</td>
<td>dsAlgo_Runner.TestRunner@1613674b</td></tr>
<tr>
<td title='dsAlgo_Runner.TestRunner.runScenario()'><b>runScenario</b><br>Test class: dsAlgo_Runner.TestRunner<br>Test method: Runs Cucumber Scenarios<br>Parameters: "Verify that user able to see warning message while selecting "Arrays" from the drop down without Sign in.", "TC01 - TC16 - Verify user access to the dsAlgo portal"</td>
<td></td>
<td>0</td>
<td>dsAlgo_Runner.TestRunner@1613674b</td></tr>
<tr>
<td title='dsAlgo_Runner.TestRunner.runScenario()'><b>runScenario</b><br>Test class: dsAlgo_Runner.TestRunner<br>Test method: Runs Cucumber Scenarios<br>Parameters: "Verify that user receives error for invalid python code", "Testing whether the user is navigating to Linked List Page and perform actions"</td>
<td></td>
<td>0</td>
<td>dsAlgo_Runner.TestRunner@1613674b</td></tr>
<tr>
<td title='dsAlgo_Runner.TestRunner.runScenario()'><b>runScenario</b><br>Test class: dsAlgo_Runner.TestRunner<br>Test method: Runs Cucumber Scenarios<br>Parameters: "Verify that user receives error when click on Run button without entering code for "Graph Representations" page", "Testing whether the user is navigating to Graph Page and perform actions"</td>
<td></td>
<td>0</td>
<td>dsAlgo_Runner.TestRunner@1613674b</td></tr>
<tr>
<td title='dsAlgo_Runner.TestRunner.runScenario()'><b>runScenario</b><br>Test class: dsAlgo_Runner.TestRunner<br>Test method: Runs Cucumber Scenarios<br>Parameters: "Verify that user is able to see output for valid python code for "Graph Representations" page", "Testing whether the user is navigating to Graph Page and perform actions"</td>
<td></td>
<td>0</td>
<td>dsAlgo_Runner.TestRunner@1613674b</td></tr>
<tr>
<td title='dsAlgo_Runner.TestRunner.runScenario()'><b>runScenario</b><br>Test class: dsAlgo_Runner.TestRunner<br>Test method: Runs Cucumber Scenarios<br>Parameters: "Verify that user is able to land on Register Page", "Testing whether user is able to Registered into dsAlgo portal"</td>
<td></td>
<td>0</td>
<td>dsAlgo_Runner.TestRunner@1613674b</td></tr>
<tr>
<td title='dsAlgo_Runner.TestRunner.runScenario()'><b>runScenario</b><br>Test class: dsAlgo_Runner.TestRunner<br>Test method: Runs Cucumber Scenarios<br>Parameters: "Verify that user receives error for invalid python code", "Testing whether the user is navigating to Linked List Page and perform actions"</td>
<td></td>
<td>0</td>
<td>dsAlgo_Runner.TestRunner@1613674b</td></tr>
<tr>
<td title='dsAlgo_Runner.TestRunner.runScenario()'><b>runScenario</b><br>Test class: dsAlgo_Runner.TestRunner<br>Test method: Runs Cucumber Scenarios<br>Parameters: "Verify that user is able to land on Login Page", "Testing whether user is able to login and perform actions"</td>
<td></td>
<td>0</td>
<td>dsAlgo_Runner.TestRunner@1613674b</td></tr>
<tr>
<td title='dsAlgo_Runner.TestRunner.runScenario()'><b>runScenario</b><br>Test class: dsAlgo_Runner.TestRunner<br>Test method: Runs Cucumber Scenarios<br>Parameters: "Verify that user is able to navigate to "try Editor" page for "Graph" page", "Testing whether the user is navigating to Graph Page and perform actions"</td>
<td></td>
<td>0</td>
<td>dsAlgo_Runner.TestRunner@1613674b</td></tr>
<tr>
<td title='dsAlgo_Runner.TestRunner.runScenario()'><b>runScenario</b><br>Test class: dsAlgo_Runner.TestRunner<br>Test method: Runs Cucumber Scenarios<br>Parameters: "Verify that user receives error message for empty Password Confirmation field during registration", "Testing whether user is able to Registered into dsAlgo portal"</td>
<td></td>
<td>0</td>
<td>dsAlgo_Runner.TestRunner@1613674b</td></tr>
<tr>
<td title='dsAlgo_Runner.TestRunner.runScenario()'><b>runScenario</b><br>Test class: dsAlgo_Runner.TestRunner<br>Test method: Runs Cucumber Scenarios<br>Parameters: "Verify that user receives error for invalid python code on running "Max Consecutive Ones" question", "The user can navigate to the array page in DsAlgo portal"</td>
<td></td>
<td>0</td>
<td>dsAlgo_Runner.TestRunner@1613674b</td></tr>
<tr>
<td title='dsAlgo_Runner.TestRunner.runScenario()'><b>runScenario</b><br>Test class: dsAlgo_Runner.TestRunner<br>Test method: Runs Cucumber Scenarios<br>Parameters: "Verify that user is able to navigate to "Find numbers with even number of digits" Page from Practice question page of "Arrays in Python" page", "The user can navigate to the array page in DsAlgo portal"</td>
<td></td>
<td>0</td>
<td>dsAlgo_Runner.TestRunner@1613674b</td></tr>
<tr>
<td title='dsAlgo_Runner.TestRunner.runScenario()'><b>runScenario</b><br>Test class: dsAlgo_Runner.TestRunner<br>Test method: Runs Cucumber Scenarios<br>Parameters: "Verify that user receives error message for mismatched Password and Password Confirmation field during registration", "Testing whether user is able to Registered into dsAlgo portal"</td>
<td></td>
<td>0</td>
<td>dsAlgo_Runner.TestRunner@1613674b</td></tr>
<tr>
<td title='dsAlgo_Runner.TestRunner.runScenario()'><b>runScenario</b><br>Test class: dsAlgo_Runner.TestRunner<br>Test method: Runs Cucumber Scenarios<br>Parameters: "Verify that user is able to see output for valid python code for "Implementation of Queue in Python" page", "Testing Whether user is directed to "Queue" Data Structure Page"</td>
<td></td>
<td>0</td>
<td>dsAlgo_Runner.TestRunner@1613674b</td></tr>
<tr>
<td title='dsAlgo_Runner.TestRunner.runScenario()'><b>runScenario</b><br>Test class: dsAlgo_Runner.TestRunner<br>Test method: Runs Cucumber Scenarios<br>Parameters: "Verify that user is able to navigate to "Operations in Stack" page", "Testing Whether user is directed to "Stack" Data Structure Page"</td>
<td></td>
<td>0</td>
<td>dsAlgo_Runner.TestRunner@1613674b</td></tr>
<tr>
<td title='dsAlgo_Runner.TestRunner.runScenario()'><b>runScenario</b><br>Test class: dsAlgo_Runner.TestRunner<br>Test method: Runs Cucumber Scenarios<br>Parameters: "Verify that user is able to see output for valid python code for "Applications of array"  page", "The user can navigate to the array page in DsAlgo portal"</td>
<td></td>
<td>0</td>
<td>dsAlgo_Runner.TestRunner@1613674b</td></tr>
<tr>
<td title='dsAlgo_Runner.TestRunner.runScenario()'><b>runScenario</b><br>Test class: dsAlgo_Runner.TestRunner<br>Test method: Runs Cucumber Scenarios<br>Parameters: "Verify that user able to see warning message while selecting "Linked List" from the drop down without Sign in.", "TC01 - TC16 - Verify user access to the dsAlgo portal"</td>
<td></td>
<td>0</td>
<td>dsAlgo_Runner.TestRunner@1613674b</td></tr>
<tr>
<td title='dsAlgo_Runner.TestRunner.runScenario()'><b>runScenario</b><br>Test class: dsAlgo_Runner.TestRunner<br>Test method: Runs Cucumber Scenarios<br>Parameters: "Verify that user receives error when click on Run button without entering code for "Basic operations in lists" page", "The user can navigate to the array page in DsAlgo portal"</td>
<td></td>
<td>0</td>
<td>dsAlgo_Runner.TestRunner@1613674b</td></tr>
<tr>
<td title='dsAlgo_Runner.TestRunner.runScenario()'><b>runScenario</b><br>Test class: dsAlgo_Runner.TestRunner<br>Test method: Runs Cucumber Scenarios<br>Parameters: "Verify that user able to see warning message while selecting "Tree" from the drop down without Sign in.", "TC01 - TC16 - Verify user access to the dsAlgo portal"</td>
<td></td>
<td>0</td>
<td>dsAlgo_Runner.TestRunner@1613674b</td></tr>
<tr>
<td title='dsAlgo_Runner.TestRunner.runScenario()'><b>runScenario</b><br>Test class: dsAlgo_Runner.TestRunner<br>Test method: Runs Cucumber Scenarios<br>Parameters: "Verify that user receives error when click on Run button without entering code", "Testing whether the user is navigating to Linked List Page and perform actions"</td>
<td></td>
<td>0</td>
<td>dsAlgo_Runner.TestRunner@1613674b</td></tr>
<tr>
<td title='dsAlgo_Runner.TestRunner.runScenario()'><b>runScenario</b><br>Test class: dsAlgo_Runner.TestRunner<br>Test method: Runs Cucumber Scenarios<br>Parameters: "Verify that user receives error for invalid python code for "Graph Representations" page", "Testing whether the user is navigating to Graph Page and perform actions"</td>
<td></td>
<td>0</td>
<td>dsAlgo_Runner.TestRunner@1613674b</td></tr>
<tr>
<td title='dsAlgo_Runner.TestRunner.runScenario()'><b>runScenario</b><br>Test class: dsAlgo_Runner.TestRunner<br>Test method: Runs Cucumber Scenarios<br>Parameters: "Verify that user is able to run valid python code for "Search the array" question", "The user can navigate to the array page in DsAlgo portal"</td>
<td></td>
<td>0</td>
<td>dsAlgo_Runner.TestRunner@1613674b</td></tr>
<tr>
<td title='dsAlgo_Runner.TestRunner.runScenario()'><b>runScenario</b><br>Test class: dsAlgo_Runner.TestRunner<br>Test method: Runs Cucumber Scenarios<br>Parameters: "Verify that user is able to navigate to "Practice Questions" page", "Testing whether the user is navigating to Linked List Page and perform actions"</td>
<td></td>
<td>0</td>
<td>dsAlgo_Runner.TestRunner@1613674b</td></tr>
<tr>
<td title='dsAlgo_Runner.TestRunner.runScenario()'><b>runScenario</b><br>Test class: dsAlgo_Runner.TestRunner<br>Test method: Runs Cucumber Scenarios<br>Parameters: "Verify that user able to see warning message on clicking "Get Started" buttons of "Data Structures-Introduction" on the home page without Sign in", "TC01 - TC16 - Verify user access to the dsAlgo portal"</td>
<td></td>
<td>0</td>
<td>dsAlgo_Runner.TestRunner@1613674b</td></tr>
<tr>
<td title='dsAlgo_Runner.TestRunner.runScenario()'><b>runScenario</b><br>Test class: dsAlgo_Runner.TestRunner<br>Test method: Runs Cucumber Scenarios<br>Parameters: "Verify that user is able to navigate to "Search the array" Page from Practice question page of "Arrays using list" page", "The user can navigate to the array page in DsAlgo portal"</td>
<td></td>
<td>0</td>
<td>dsAlgo_Runner.TestRunner@1613674b</td></tr>
<tr>
<td title='dsAlgo_Runner.TestRunner.runScenario()'><b>runScenario</b><br>Test class: dsAlgo_Runner.TestRunner<br>Test method: Runs Cucumber Scenarios<br>Parameters: "Verify that user able to sign out successfully", "Testing whether user is able to login and perform actions"</td>
<td></td>
<td>0</td>
<td>dsAlgo_Runner.TestRunner@1613674b</td></tr>
<tr>
<td title='dsAlgo_Runner.TestRunner.runScenario()'><b>runScenario</b><br>Test class: dsAlgo_Runner.TestRunner<br>Test method: Runs Cucumber Scenarios<br>Parameters: "Verify that user is able to run valid python code for "Find numbers with even number of digits" question", "The user can navigate to the array page in DsAlgo portal"</td>
<td></td>
<td>0</td>
<td>dsAlgo_Runner.TestRunner@1613674b</td></tr>
<tr>
<td title='dsAlgo_Runner.TestRunner.runScenario()'><b>runScenario</b><br>Test class: dsAlgo_Runner.TestRunner<br>Test method: Runs Cucumber Scenarios<br>Parameters: "Verify that user is able to navigate to "Max Consecutive Ones" Page from Practice question page of "Arrays using list" page", "The user can navigate to the array page in DsAlgo portal"</td>
<td></td>
<td>0</td>
<td>dsAlgo_Runner.TestRunner@1613674b</td></tr>
<tr>
<td title='dsAlgo_Runner.TestRunner.runScenario()'><b>runScenario</b><br>Test class: dsAlgo_Runner.TestRunner<br>Test method: Runs Cucumber Scenarios<br>Parameters: "Verify that user is able to run valid python code for "Square of a sorted array" question", "The user can navigate to the array page in DsAlgo portal"</td>
<td></td>
<td>0</td>
<td>dsAlgo_Runner.TestRunner@1613674b</td></tr>
<tr>
<td title='dsAlgo_Runner.TestRunner.runScenario()'><b>runScenario</b><br>Test class: dsAlgo_Runner.TestRunner<br>Test method: Runs Cucumber Scenarios<br>Parameters: "Verify that user is able to navigate to "Square of a sorted array" Page from Practice question page of "Basic operations in lists" page", "The user can navigate to the array page in DsAlgo portal"</td>
<td></td>
<td>0</td>
<td>dsAlgo_Runner.TestRunner@1613674b</td></tr>
<tr>
<td title='dsAlgo_Runner.TestRunner.runScenario()'><b>runScenario</b><br>Test class: dsAlgo_Runner.TestRunner<br>Test method: Runs Cucumber Scenarios<br>Parameters: "Verify that user is able to navigate to "Practice Questions" page", "Testing whether the user is navigating to Linked List Page and perform actions"</td>
<td></td>
<td>0</td>
<td>dsAlgo_Runner.TestRunner@1613674b</td></tr>
<tr>
<td title='dsAlgo_Runner.TestRunner.runScenario()'><b>runScenario</b><br>Test class: dsAlgo_Runner.TestRunner<br>Test method: Runs Cucumber Scenarios<br>Parameters: "Verify that user is able to navigate to "Square of a sorted array" Page from Practice question page of "Applications of array" page", "The user can navigate to the array page in DsAlgo portal"</td>
<td></td>
<td>0</td>
<td>dsAlgo_Runner.TestRunner@1613674b</td></tr>
<tr>
<td title='dsAlgo_Runner.TestRunner.runScenario()'><b>runScenario</b><br>Test class: dsAlgo_Runner.TestRunner<br>Test method: Runs Cucumber Scenarios<br>Parameters: "Verify that user is able to navigate to "Deletion" page", "Testing whether the user is navigating to Linked List Page and perform actions"</td>
<td></td>
<td>0</td>
<td>dsAlgo_Runner.TestRunner@1613674b</td></tr>
<tr>
<td title='dsAlgo_Runner.TestRunner.runScenario()'><b>runScenario</b><br>Test class: dsAlgo_Runner.TestRunner<br>Test method: Runs Cucumber Scenarios<br>Parameters: "Verify that user is able to navigate to "Max Consecutive Ones" Page from Practice question page of "Applications of array" page", "The user can navigate to the array page in DsAlgo portal"</td>
<td></td>
<td>0</td>
<td>dsAlgo_Runner.TestRunner@1613674b</td></tr>
<tr>
<td title='dsAlgo_Runner.TestRunner.runScenario()'><b>runScenario</b><br>Test class: dsAlgo_Runner.TestRunner<br>Test method: Runs Cucumber Scenarios<br>Parameters: "Verify that user is able to navigate to "Max Consecutive Ones" Page from Practice question page of "Arrays in Python" page", "The user can navigate to the array page in DsAlgo portal"</td>
<td></td>
<td>0</td>
<td>dsAlgo_Runner.TestRunner@1613674b</td></tr>
<tr>
<td title='dsAlgo_Runner.TestRunner.runScenario()'><b>runScenario</b><br>Test class: dsAlgo_Runner.TestRunner<br>Test method: Runs Cucumber Scenarios<br>Parameters: "Verify that user receives error when click on Run button without entering code for "Implementation of Queue in Python" page", "Testing Whether user is directed to "Queue" Data Structure Page"</td>
<td></td>
<td>0</td>
<td>dsAlgo_Runner.TestRunner@1613674b</td></tr>
<tr>
<td title='dsAlgo_Runner.TestRunner.runScenario()'><b>runScenario</b><br>Test class: dsAlgo_Runner.TestRunner<br>Test method: Runs Cucumber Scenarios<br>Parameters: "Verify that user is able to navigate to "Practice Questions" Page for "Arrays using list" page", "The user can navigate to the array page in DsAlgo portal"</td>
<td></td>
<td>0</td>
<td>dsAlgo_Runner.TestRunner@1613674b</td></tr>
<tr>
<td title='dsAlgo_Runner.TestRunner.runScenario()'><b>runScenario</b><br>Test class: dsAlgo_Runner.TestRunner<br>Test method: Runs Cucumber Scenarios<br>Parameters: "Verify that user is able to navigate to "Applications of array" page", "The user can navigate to the array page in DsAlgo portal"</td>
<td></td>
<td>0</td>
<td>dsAlgo_Runner.TestRunner@1613674b</td></tr>
<tr>
<td title='dsAlgo_Runner.TestRunner.runScenario()'><b>runScenario</b><br>Test class: dsAlgo_Runner.TestRunner<br>Test method: Runs Cucumber Scenarios<br>Parameters: "Verify that user is able to navigate to "try Editor" page for "Arrays using list" page", "The user can navigate to the array page in DsAlgo portal"</td>
<td></td>
<td>0</td>
<td>dsAlgo_Runner.TestRunner@1613674b</td></tr>
<tr>
<td title='dsAlgo_Runner.TestRunner.runScenario()'><b>runScenario</b><br>Test class: dsAlgo_Runner.TestRunner<br>Test method: Runs Cucumber Scenarios<br>Parameters: "Verify that user receives error when click on Run button without entering code", "Testing whether the user is navigating to Linked List Page and perform actions"</td>
<td></td>
<td>0</td>
<td>dsAlgo_Runner.TestRunner@1613674b</td></tr>
<tr>
<td title='dsAlgo_Runner.TestRunner.runScenario()'><b>runScenario</b><br>Test class: dsAlgo_Runner.TestRunner<br>Test method: Runs Cucumber Scenarios<br>Parameters: "Verify that user receives error for invalid python code on running "Search the array" question", "The user can navigate to the array page in DsAlgo portal"</td>
<td></td>
<td>0</td>
<td>dsAlgo_Runner.TestRunner@1613674b</td></tr>
<tr>
<td title='dsAlgo_Runner.TestRunner.runScenario()'><b>runScenario</b><br>Test class: dsAlgo_Runner.TestRunner<br>Test method: Runs Cucumber Scenarios<br>Parameters: "Verify that user receives error for invalid python code for "Basic operations in lists" page", "The user can navigate to the array page in DsAlgo portal"</td>
<td></td>
<td>0</td>
<td>dsAlgo_Runner.TestRunner@1613674b</td></tr>
<tr>
<td title='dsAlgo_Runner.TestRunner.runScenario()'><b>runScenario</b><br>Test class: dsAlgo_Runner.TestRunner<br>Test method: Runs Cucumber Scenarios<br>Parameters: "Verify that user is able to see output for valid python code for "Queue Operations" page", "Testing Whether user is directed to "Queue" Data Structure Page"</td>
<td></td>
<td>1</td>
<td>dsAlgo_Runner.TestRunner@1613674b</td></tr>
<tr>
<td title='dsAlgo_Runner.TestRunner.runScenario()'><b>runScenario</b><br>Test class: dsAlgo_Runner.TestRunner<br>Test method: Runs Cucumber Scenarios<br>Parameters: "Verify that user is able to navigate to "Arrays" data structure page", "The user can navigate to the array page in DsAlgo portal"</td>
<td></td>
<td>0</td>
<td>dsAlgo_Runner.TestRunner@1613674b</td></tr>
<tr>
<td title='dsAlgo_Runner.TestRunner.runScenario()'><b>runScenario</b><br>Test class: dsAlgo_Runner.TestRunner<br>Test method: Runs Cucumber Scenarios<br>Parameters: "Verify that user receives error message for all empty fields during Login", "Testing whether user is able to login and perform actions"</td>
<td></td>
<td>0</td>
<td>dsAlgo_Runner.TestRunner@1613674b</td></tr>
<tr>
<td title='dsAlgo_Runner.TestRunner.runScenario()'><b>runScenario</b><br>Test class: dsAlgo_Runner.TestRunner<br>Test method: Runs Cucumber Scenarios<br>Parameters: "Verify that user is able to land in login page", "Testing whether user is able to Registered into dsAlgo portal"</td>
<td></td>
<td>0</td>
<td>dsAlgo_Runner.TestRunner@1613674b</td></tr>
<tr>
<td title='dsAlgo_Runner.TestRunner.runScenario()'><b>runScenario</b><br>Test class: dsAlgo_Runner.TestRunner<br>Test method: Runs Cucumber Scenarios<br>Parameters: "Verify that user is able to navigate to "Square of a sorted array" Page from Practice question page of "Arrays in Python" page", "The user can navigate to the array page in DsAlgo portal"</td>
<td></td>
<td>0</td>
<td>dsAlgo_Runner.TestRunner@1613674b</td></tr>
<tr>
<td title='dsAlgo_Runner.TestRunner.runScenario()'><b>runScenario</b><br>Test class: dsAlgo_Runner.TestRunner<br>Test method: Runs Cucumber Scenarios<br>Parameters: "Verify that user receives error when click on Run button without entering code", "Testing whether the user is navigating to Linked List Page and perform actions"</td>
<td></td>
<td>0</td>
<td>dsAlgo_Runner.TestRunner@1613674b</td></tr>
<tr>
<td title='dsAlgo_Runner.TestRunner.runScenario()'><b>runScenario</b><br>Test class: dsAlgo_Runner.TestRunner<br>Test method: Runs Cucumber Scenarios<br>Parameters: "Verify that user is able to navigate to "Implementation using array" page", "Testing Whether user is directed to "Queue" Data Structure Page"</td>
<td></td>
<td>0</td>
<td>dsAlgo_Runner.TestRunner@1613674b</td></tr>
<tr>
<td title='dsAlgo_Runner.TestRunner.runScenario()'><b>runScenario</b><br>Test class: dsAlgo_Runner.TestRunner<br>Test method: Runs Cucumber Scenarios<br>Parameters: "Verify that user is able to see output for valid python code for "Operations in Stack" page", "Testing Whether user is directed to "Stack" Data Structure Page"</td>
<td></td>
<td>0</td>
<td>dsAlgo_Runner.TestRunner@1613674b</td></tr>
<tr>
<td title='dsAlgo_Runner.TestRunner.runScenario()'><b>runScenario</b><br>Test class: dsAlgo_Runner.TestRunner<br>Test method: Runs Cucumber Scenarios<br>Parameters: "Verify that user is able to navigate to "Search the array" Page from Practice question page of "Basic operations in lists"  page", "The user can navigate to the array page in DsAlgo portal"</td>
<td></td>
<td>0</td>
<td>dsAlgo_Runner.TestRunner@1613674b</td></tr>
<tr>
<td title='dsAlgo_Runner.TestRunner.runScenario()'><b>runScenario</b><br>Test class: dsAlgo_Runner.TestRunner<br>Test method: Runs Cucumber Scenarios<br>Parameters: "Verify that user receives error when click on Run button without entering code for "Arrays using list" page", "The user can navigate to the array page in DsAlgo portal"</td>
<td></td>
<td>0</td>
<td>dsAlgo_Runner.TestRunner@1613674b</td></tr>
<tr>
<td title='dsAlgo_Runner.TestRunner.runScenario()'><b>runScenario</b><br>Test class: dsAlgo_Runner.TestRunner<br>Test method: Runs Cucumber Scenarios<br>Parameters: "Verify that user is able to run valid python code for "Square of a sorted array" question", "The user can navigate to the array page in DsAlgo portal"</td>
<td></td>
<td>0</td>
<td>dsAlgo_Runner.TestRunner@1613674b</td></tr>
<tr>
<td title='dsAlgo_Runner.TestRunner.runScenario()'><b>runScenario</b><br>Test class: dsAlgo_Runner.TestRunner<br>Test method: Runs Cucumber Scenarios<br>Parameters: "Verify that user is able to navigate to "Find numbers with even number of digits" Page from Practice question page of "Basic operations in lists" page", "The user can navigate to the array page in DsAlgo portal"</td>
<td></td>
<td>0</td>
<td>dsAlgo_Runner.TestRunner@1613674b</td></tr>
<tr>
<td title='dsAlgo_Runner.TestRunner.runScenario()'><b>runScenario</b><br>Test class: dsAlgo_Runner.TestRunner<br>Test method: Runs Cucumber Scenarios<br>Parameters: "Verify that user is able to navigate to "Practice Questions" page", "Testing whether the user is navigating to Linked List Page and perform actions"</td>
<td></td>
<td>0</td>
<td>dsAlgo_Runner.TestRunner@1613674b</td></tr>
<tr>
<td title='dsAlgo_Runner.TestRunner.runScenario()'><b>runScenario</b><br>Test class: dsAlgo_Runner.TestRunner<br>Test method: Runs Cucumber Scenarios<br>Parameters: "Verify that user receives error when click on Run button without entering code for "Implementation of Queue in Python" page", "Testing Whether user is directed to "Queue" Data Structure Page"</td>
<td></td>
<td>0</td>
<td>dsAlgo_Runner.TestRunner@1613674b</td></tr>
<tr>
<td title='dsAlgo_Runner.TestRunner.runScenario()'><b>runScenario</b><br>Test class: dsAlgo_Runner.TestRunner<br>Test method: Runs Cucumber Scenarios<br>Parameters: "Verify that user receives error when click on Run button without entering code", "Testing whether the user is navigating to Linked List Page and perform actions"</td>
<td></td>
<td>0</td>
<td>dsAlgo_Runner.TestRunner@1613674b</td></tr>
<tr>
<td title='dsAlgo_Runner.TestRunner.runScenario()'><b>runScenario</b><br>Test class: dsAlgo_Runner.TestRunner<br>Test method: Runs Cucumber Scenarios<br>Parameters: "Verify that user receives error when click on Run button without entering code", "Testing whether the user is navigating to DataStructures Page and perform actions"</td>
<td></td>
<td>0</td>
<td>dsAlgo_Runner.TestRunner@1613674b</td></tr>
<tr>
<td title='dsAlgo_Runner.TestRunner.runScenario()'><b>runScenario</b><br>Test class: dsAlgo_Runner.TestRunner<br>Test method: Runs Cucumber Scenarios<br>Parameters: "Verify that user is able to see output for valid python code for "Arrays using list" page", "The user can navigate to the array page in DsAlgo portal"</td>
<td></td>
<td>0</td>
<td>dsAlgo_Runner.TestRunner@1613674b</td></tr>
<tr>
<td title='dsAlgo_Runner.TestRunner.runScenario()'><b>runScenario</b><br>Test class: dsAlgo_Runner.TestRunner<br>Test method: Runs Cucumber Scenarios<br>Parameters: "Verify that user is able to navigate to "try Editor" page for "Basic operation in lists" page", "The user can navigate to the array page in DsAlgo portal"</td>
<td></td>
<td>0</td>
<td>dsAlgo_Runner.TestRunner@1613674b</td></tr>
</table><p>
</body>
</html>