{"uuid":"064c1897-8e9f-4d1d-b0dd-21cb0a3fac0a","historyId":"49ddf69f81a54dcd5598a3e80f6b135d","testCaseId":"379fc424e15bf1d4bf38a6593dcc566","fullName":"src/test/resources/dsAlgo_FeatureFiles/MD02_Register.feature:33","labels":[{"name":"tag","value":"registerScenario"},{"name":"tag","value":"TC21"},{"name":"host","value":"rmahavenkat"},{"name":"thread","value":"56888@rmahavenkat.main(1)"},{"name":"feature","value":"Testing whether user is able to Registered into dsAlgo portal"},{"name":"story","value":"Verify that user receives error message for invalid username field during registration"},{"name":"suite","value":"Testing whether user is able to Registered into dsAlgo portal"},{"name":"testClass","value":"Verify that user receives error message for invalid username field during registration"},{"name":"framework","value":"cucumber4jvm"},{"name":"language","value":"java"},{"name":"gherkin_uri","value":"file:///C:/DSALgo_ProjectCompass_BDD/src/test/resources/dsAlgo_FeatureFiles/MD02_Register.feature"},{"name":"package","value":"src.test.resources.dsAlgo_FeatureFiles.MD02_Register_feature.Testing whether user is able to Registered into dsAlgo portal"}],"links":[],"name":"Verify that user receives error message for invalid username field during registration","status":"failed","statusDetails":{"known":false,"muted":false,"flaky":false,"message":"expected [Invalid username] but found [password_mismatch:The two password fields didn’t match.]","trace":"java.lang.AssertionError: expected [Invalid username] but found [password_mismatch:The two password fields didn’t match.]\r\n\tat org.testng.Assert.fail(Assert.java:111)\r\n\tat org.testng.Assert.failNotEquals(Assert.java:1590)\r\n\tat org.testng.Assert.assertEqualsImpl(Assert.java:150)\r\n\tat org.testng.Assert.assertEquals(Assert.java:132)\r\n\tat org.testng.Assert.assertEquals(Assert.java:656)\r\n\tat org.testng.Assert.assertEquals(Assert.java:666)\r\n\tat org.testng.asserts.Assertion$11.doAssert(Assertion.java:186)\r\n\tat org.testng.asserts.Assertion.executeAssert(Assertion.java:25)\r\n\tat org.testng.asserts.Assertion.doAssert(Assertion.java:12)\r\n\tat org.testng.asserts.Assertion.assertEquals(Assertion.java:182)\r\n\tat dsAlgo_stepDefinition.Register_SD.the_user_is_not_able_to_see_error_msg_after_entering_invalid_data(Register_SD.java:112)\r\n\tat ✽.The user is not able to see error msg after entering invalid data(file:///C:/DSALgo_ProjectCompass_BDD/src/test/resources/dsAlgo_FeatureFiles/MD02_Register.feature:37)\r\n"},"stage":"finished","steps":[{"name":"Given The user is on the user registration page","status":"passed","statusDetails":{"known":false,"muted":false,"flaky":false},"stage":"finished","steps":[],"attachments":[],"parameters":[],"start":1744720738603,"stop":1744720738617},{"name":"dsAlgo_stepDefinition.hooks.afterstep(io.cucumber.java.Scenario)","status":"passed","statusDetails":{"known":false,"muted":false,"flaky":false},"stage":"finished","steps":[],"attachments":[],"parameters":[],"start":1744720738617,"stop":1744720738617},{"name":"When The user clicks Register button after entering a username with spacebar characters other than digits and Special Characters","status":"passed","statusDetails":{"known":false,"muted":false,"flaky":false},"stage":"finished","steps":[],"attachments":[],"parameters":[],"start":1744720738617,"stop":1744720739868},{"name":"dsAlgo_stepDefinition.hooks.afterstep(io.cucumber.java.Scenario)","status":"passed","statusDetails":{"known":false,"muted":false,"flaky":false},"stage":"finished","steps":[],"attachments":[],"parameters":[],"start":1744720739868,"stop":1744720739870},{"name":"Then The user is not able to see error msg after entering invalid data","status":"failed","statusDetails":{"known":false,"muted":false,"flaky":false,"message":"expected [Invalid username] but found [password_mismatch:The two password fields didn’t match.]","trace":"java.lang.AssertionError: expected [Invalid username] but found [password_mismatch:The two password fields didn’t match.]\r\n\tat org.testng.Assert.fail(Assert.java:111)\r\n\tat org.testng.Assert.failNotEquals(Assert.java:1590)\r\n\tat org.testng.Assert.assertEqualsImpl(Assert.java:150)\r\n\tat org.testng.Assert.assertEquals(Assert.java:132)\r\n\tat org.testng.Assert.assertEquals(Assert.java:656)\r\n\tat org.testng.Assert.assertEquals(Assert.java:666)\r\n\tat org.testng.asserts.Assertion$11.doAssert(Assertion.java:186)\r\n\tat org.testng.asserts.Assertion.executeAssert(Assertion.java:25)\r\n\tat org.testng.asserts.Assertion.doAssert(Assertion.java:12)\r\n\tat org.testng.asserts.Assertion.assertEquals(Assertion.java:182)\r\n\tat dsAlgo_stepDefinition.Register_SD.the_user_is_not_able_to_see_error_msg_after_entering_invalid_data(Register_SD.java:112)\r\n\tat ✽.The user is not able to see error msg after entering invalid data(file:///C:/DSALgo_ProjectCompass_BDD/src/test/resources/dsAlgo_FeatureFiles/MD02_Register.feature:37)\r\n"},"stage":"finished","steps":[],"attachments":[],"parameters":[],"start":1744720739870,"stop":1744720739982},{"name":"dsAlgo_stepDefinition.hooks.afterstep(io.cucumber.java.Scenario)","status":"passed","statusDetails":{"known":false,"muted":false,"flaky":false},"stage":"finished","steps":[],"attachments":[{"name":"My screenshot","source":"91dc8097-b7d8-4af0-9c51-b9fc50a4b57f-attachment","type":"image/png"},{"name":"Myscreenshot","source":"379f4870-49a1-4726-8a0e-222af77f23ee-attachment"},{"name":"screenshot","source":"4a6b6604-3eae-4c35-9d9d-0ef0c47d81f4-attachment","type":"image/png"}],"parameters":[],"start":1744720739990,"stop":1744720740248}],"attachments":[],"parameters":[],"start":1744720738597,"stop":1744720740257}