{"uuid":"1f3da04e-99f6-4598-bd87-c77896e84958","historyId":"4bb53f2e6a762480ab46de3108fd396f","testCaseId":"d5e94f32831ffce84d8180e2e4f88f64","fullName":"src/test/resources/dsAlgo_FeatureFiles/MD02_Register.feature:19","labels":[{"name":"tag","value":"registerScenario"},{"name":"tag","value":"TC19"},{"name":"host","value":"rmahavenkat"},{"name":"thread","value":"31908@rmahavenkat.main(1)"},{"name":"feature","value":"Testing whether user is able to Registered into dsAlgo portal"},{"name":"story","value":"Verify that user receives error message for empty Password field during registration"},{"name":"suite","value":"Testing whether user is able to Registered into dsAlgo portal"},{"name":"testClass","value":"Verify that user receives error message for empty Password field during registration"},{"name":"framework","value":"cucumber4jvm"},{"name":"language","value":"java"},{"name":"gherkin_uri","value":"file:///C:/DSALgo_ProjectCompass_BDD/src/test/resources/dsAlgo_FeatureFiles/MD02_Register.feature"},{"name":"package","value":"src.test.resources.dsAlgo_FeatureFiles.MD02_Register_feature.Testing whether user is able to Registered into dsAlgo portal"}],"links":[],"name":"Verify that user receives error message for empty Password field during registration","status":"failed","statusDetails":{"known":false,"muted":false,"flaky":false,"message":"expected [https://dsportalapp.herokuapp.com/register] but found [https://dsportalapp.herokuapp.com/]","trace":"java.lang.AssertionError: expected [https://dsportalapp.herokuapp.com/register] but found [https://dsportalapp.herokuapp.com/]\r\n\tat org.testng.Assert.fail(Assert.java:111)\r\n\tat org.testng.Assert.failNotEquals(Assert.java:1590)\r\n\tat org.testng.Assert.assertEqualsImpl(Assert.java:150)\r\n\tat org.testng.Assert.assertEquals(Assert.java:132)\r\n\tat org.testng.Assert.assertEquals(Assert.java:656)\r\n\tat org.testng.Assert.assertEquals(Assert.java:666)\r\n\tat org.testng.asserts.Assertion$11.doAssert(Assertion.java:186)\r\n\tat org.testng.asserts.Assertion.executeAssert(Assertion.java:25)\r\n\tat org.testng.asserts.Assertion.doAssert(Assertion.java:12)\r\n\tat org.testng.asserts.Assertion.assertEquals(Assertion.java:182)\r\n\tat dsAlgo_stepDefinition.Register_SD.the_user_is_on_the_user_registration_page(Register_SD.java:48)\r\n\tat ✽.The user is on the user registration page(file:///C:/DSALgo_ProjectCompass_BDD/src/test/resources/dsAlgo_FeatureFiles/MD02_Register.feature:21)\r\n"},"stage":"finished","steps":[{"name":"Given The user is on the user registration page","status":"failed","statusDetails":{"known":false,"muted":false,"flaky":false,"message":"expected [https://dsportalapp.herokuapp.com/register] but found [https://dsportalapp.herokuapp.com/]","trace":"java.lang.AssertionError: expected [https://dsportalapp.herokuapp.com/register] but found [https://dsportalapp.herokuapp.com/]\r\n\tat org.testng.Assert.fail(Assert.java:111)\r\n\tat org.testng.Assert.failNotEquals(Assert.java:1590)\r\n\tat org.testng.Assert.assertEqualsImpl(Assert.java:150)\r\n\tat org.testng.Assert.assertEquals(Assert.java:132)\r\n\tat org.testng.Assert.assertEquals(Assert.java:656)\r\n\tat org.testng.Assert.assertEquals(Assert.java:666)\r\n\tat org.testng.asserts.Assertion$11.doAssert(Assertion.java:186)\r\n\tat org.testng.asserts.Assertion.executeAssert(Assertion.java:25)\r\n\tat org.testng.asserts.Assertion.doAssert(Assertion.java:12)\r\n\tat org.testng.asserts.Assertion.assertEquals(Assertion.java:182)\r\n\tat dsAlgo_stepDefinition.Register_SD.the_user_is_on_the_user_registration_page(Register_SD.java:48)\r\n\tat ✽.The user is on the user registration page(file:///C:/DSALgo_ProjectCompass_BDD/src/test/resources/dsAlgo_FeatureFiles/MD02_Register.feature:21)\r\n"},"stage":"finished","steps":[],"attachments":[],"parameters":[],"start":1744723257201,"stop":1744723257227},{"name":"dsAlgo_stepDefinition.hooks.afterstep(io.cucumber.java.Scenario)","status":"passed","statusDetails":{"known":false,"muted":false,"flaky":false},"stage":"finished","steps":[],"attachments":[{"name":"My screenshot","source":"9a0d060b-e3f7-4a7e-9284-8fd135c7a40f-attachment","type":"image/png"},{"name":"Myscreenshot","source":"521c3ad2-c86a-4479-8b7b-67498f8c8e1a-attachment"},{"name":"screenshot","source":"09cb77f0-e845-41db-bf4f-187bfcdefa4c-attachment","type":"image/png"}],"parameters":[],"start":1744723257227,"stop":1744723257659},{"name":"When The user clicks Register button after entering Username with other fields empty","status":"skipped","statusDetails":{"known":false,"muted":false,"flaky":false},"stage":"finished","steps":[],"attachments":[],"parameters":[],"start":1744723257659,"stop":1744723257659},{"name":"dsAlgo_stepDefinition.hooks.afterstep(io.cucumber.java.Scenario)","status":"skipped","statusDetails":{"known":false,"muted":false,"flaky":false},"stage":"finished","steps":[],"attachments":[],"parameters":[],"start":1744723257659,"stop":1744723257659},{"name":"Then The error message \"Please fill out this field.\" appears below Password textbox","status":"skipped","statusDetails":{"known":false,"muted":false,"flaky":false},"stage":"finished","steps":[],"attachments":[],"parameters":[],"start":1744723257659,"stop":1744723257659},{"name":"dsAlgo_stepDefinition.hooks.afterstep(io.cucumber.java.Scenario)","status":"skipped","statusDetails":{"known":false,"muted":false,"flaky":false},"stage":"finished","steps":[],"attachments":[],"parameters":[],"start":1744723257659,"stop":1744723257659}],"attachments":[],"parameters":[],"start":1744723257195,"stop":1744723257659}