{"uuid":"3b9d4aa0-0fa2-4181-bea5-e67986a2081f","historyId":"e90640b7f27e1ca7a29cc9c5bf2807a9","testCaseId":"f591464c052283d765e5053ad977b612","fullName":"src/test/resources/dsAlgo_FeatureFiles/MD03_Login.feature:17","labels":[{"name":"tag","value":"Loginfeature"},{"name":"tag","value":"TC28"},{"name":"host","value":"rmahavenkat"},{"name":"thread","value":"56888@rmahavenkat.main(1)"},{"name":"feature","value":"Testing whether user is able to login and perform actions"},{"name":"story","value":"Verify that user receives error message for empty Password field during Login"},{"name":"suite","value":"Testing whether user is able to login and perform actions"},{"name":"testClass","value":"Verify that user receives error message for empty Password field during Login"},{"name":"framework","value":"cucumber4jvm"},{"name":"language","value":"java"},{"name":"gherkin_uri","value":"file:///C:/DSALgo_ProjectCompass_BDD/src/test/resources/dsAlgo_FeatureFiles/MD03_Login.feature"},{"name":"package","value":"src.test.resources.dsAlgo_FeatureFiles.MD03_Login_feature.Testing whether user is able to login and perform actions"}],"links":[],"name":"Verify that user receives error message for empty Password field during Login","status":"failed","statusDetails":{"known":false,"muted":false,"flaky":false,"message":"https://dsportalapp.herokuapp.com/login expected [https://dsportalapp.herokuapp.com/login] but found [https://dsportalapp.herokuapp.com/home]","trace":"java.lang.AssertionError: https://dsportalapp.herokuapp.com/login expected [https://dsportalapp.herokuapp.com/login] but found [https://dsportalapp.herokuapp.com/home]\r\n\tat org.testng.Assert.fail(Assert.java:111)\r\n\tat org.testng.Assert.failNotEquals(Assert.java:1590)\r\n\tat org.testng.Assert.assertEqualsImpl(Assert.java:150)\r\n\tat org.testng.Assert.assertEquals(Assert.java:132)\r\n\tat org.testng.Assert.assertEquals(Assert.java:656)\r\n\tat org.testng.asserts.Assertion$10.doAssert(Assertion.java:176)\r\n\tat org.testng.asserts.Assertion.executeAssert(Assertion.java:25)\r\n\tat org.testng.asserts.Assertion.doAssert(Assertion.java:12)\r\n\tat org.testng.asserts.Assertion.assertEquals(Assertion.java:172)\r\n\tat dsAlgo_stepDefinition.Login_SD.the_user_is_on_the_ds_algo_sign_in_page(Login_SD.java:49)\r\n\tat ✽.The user is on the DS Algo Sign in Page(file:///C:/DSALgo_ProjectCompass_BDD/src/test/resources/dsAlgo_FeatureFiles/MD03_Login.feature:18)\r\n"},"stage":"finished","steps":[{"name":"Given The user is on the DS Algo Sign in Page","status":"failed","statusDetails":{"known":false,"muted":false,"flaky":false,"message":"https://dsportalapp.herokuapp.com/login expected [https://dsportalapp.herokuapp.com/login] but found [https://dsportalapp.herokuapp.com/home]","trace":"java.lang.AssertionError: https://dsportalapp.herokuapp.com/login expected [https://dsportalapp.herokuapp.com/login] but found [https://dsportalapp.herokuapp.com/home]\r\n\tat org.testng.Assert.fail(Assert.java:111)\r\n\tat org.testng.Assert.failNotEquals(Assert.java:1590)\r\n\tat org.testng.Assert.assertEqualsImpl(Assert.java:150)\r\n\tat org.testng.Assert.assertEquals(Assert.java:132)\r\n\tat org.testng.Assert.assertEquals(Assert.java:656)\r\n\tat org.testng.asserts.Assertion$10.doAssert(Assertion.java:176)\r\n\tat org.testng.asserts.Assertion.executeAssert(Assertion.java:25)\r\n\tat org.testng.asserts.Assertion.doAssert(Assertion.java:12)\r\n\tat org.testng.asserts.Assertion.assertEquals(Assertion.java:172)\r\n\tat dsAlgo_stepDefinition.Login_SD.the_user_is_on_the_ds_algo_sign_in_page(Login_SD.java:49)\r\n\tat ✽.The user is on the DS Algo Sign in Page(file:///C:/DSALgo_ProjectCompass_BDD/src/test/resources/dsAlgo_FeatureFiles/MD03_Login.feature:18)\r\n"},"stage":"finished","steps":[],"attachments":[],"parameters":[],"start":1744720751517,"stop":1744720751545},{"name":"dsAlgo_stepDefinition.hooks.afterstep(io.cucumber.java.Scenario)","status":"passed","statusDetails":{"known":false,"muted":false,"flaky":false},"stage":"finished","steps":[],"attachments":[{"name":"My screenshot","source":"68bc41cd-eb94-4e3b-827e-813ce9f35776-attachment","type":"image/png"},{"name":"Myscreenshot","source":"8d72a3a9-4902-4ae1-8990-f481b60a91d7-attachment"},{"name":"screenshot","source":"280b6258-d3cb-474e-84f1-86065e2cb30d-attachment","type":"image/png"}],"parameters":[],"start":1744720751547,"stop":1744720751841},{"name":"When The user clicks login button after entering the \"Username\" and leaves \"Password\" textbox empty","status":"skipped","statusDetails":{"known":false,"muted":false,"flaky":false},"stage":"finished","steps":[],"attachments":[],"parameters":[],"start":1744720751841,"stop":1744720751841},{"name":"dsAlgo_stepDefinition.hooks.afterstep(io.cucumber.java.Scenario)","status":"skipped","statusDetails":{"known":false,"muted":false,"flaky":false},"stage":"finished","steps":[],"attachments":[],"parameters":[],"start":1744720751841,"stop":1744720751841},{"name":"Then The login error message \"Please fill out this field.\" appears below Password textbox","status":"skipped","statusDetails":{"known":false,"muted":false,"flaky":false},"stage":"finished","steps":[],"attachments":[],"parameters":[],"start":1744720751841,"stop":1744720751841},{"name":"dsAlgo_stepDefinition.hooks.afterstep(io.cucumber.java.Scenario)","status":"skipped","statusDetails":{"known":false,"muted":false,"flaky":false},"stage":"finished","steps":[],"attachments":[],"parameters":[],"start":1744720751841,"stop":1744720751841}],"attachments":[],"parameters":[],"start":1744720751501,"stop":1744720751841}