{"uuid":"4f3f8e6e-0f18-48dc-90fa-31c02ea8f83a","historyId":"eb073a40f6d009012a530a09cd271cdd","testCaseId":"2907f4a09f5f70cbf791d47051471a","fullName":"src/test/resources/dsAlgo_FeatureFiles/MD03_Login.feature:11","labels":[{"name":"tag","value":"Loginfeature"},{"name":"tag","value":"TC27"},{"name":"host","value":"rmahavenkat"},{"name":"thread","value":"56888@rmahavenkat.main(1)"},{"name":"feature","value":"Testing whether user is able to login and perform actions"},{"name":"story","value":"Verify that user receives error message for all empty fields during Login"},{"name":"suite","value":"Testing whether user is able to login and perform actions"},{"name":"testClass","value":"Verify that user receives error message for all empty fields during Login"},{"name":"framework","value":"cucumber4jvm"},{"name":"language","value":"java"},{"name":"gherkin_uri","value":"file:///C:/DSALgo_ProjectCompass_BDD/src/test/resources/dsAlgo_FeatureFiles/MD03_Login.feature"},{"name":"package","value":"src.test.resources.dsAlgo_FeatureFiles.MD03_Login_feature.Testing whether user is able to login and perform actions"}],"links":[],"name":"Verify that user receives error message for all empty fields during Login","status":"failed","statusDetails":{"known":false,"muted":false,"flaky":false,"message":"https://dsportalapp.herokuapp.com/login expected [https://dsportalapp.herokuapp.com/login] but found [https://dsportalapp.herokuapp.com/home]","trace":"java.lang.AssertionError: https://dsportalapp.herokuapp.com/login expected [https://dsportalapp.herokuapp.com/login] but found [https://dsportalapp.herokuapp.com/home]\r\n\tat org.testng.Assert.fail(Assert.java:111)\r\n\tat org.testng.Assert.failNotEquals(Assert.java:1590)\r\n\tat org.testng.Assert.assertEqualsImpl(Assert.java:150)\r\n\tat org.testng.Assert.assertEquals(Assert.java:132)\r\n\tat org.testng.Assert.assertEquals(Assert.java:656)\r\n\tat org.testng.asserts.Assertion$10.doAssert(Assertion.java:176)\r\n\tat org.testng.asserts.Assertion.executeAssert(Assertion.java:25)\r\n\tat org.testng.asserts.Assertion.doAssert(Assertion.java:12)\r\n\tat org.testng.asserts.Assertion.assertEquals(Assertion.java:172)\r\n\tat dsAlgo_stepDefinition.Login_SD.the_user_is_on_the_ds_algo_sign_in_page(Login_SD.java:49)\r\n\tat ✽.The user is on the DS Algo Sign in Page(file:///C:/DSALgo_ProjectCompass_BDD/src/test/resources/dsAlgo_FeatureFiles/MD03_Login.feature:12)\r\n"},"stage":"finished","steps":[{"name":"Given The user is on the DS Algo Sign in Page","status":"failed","statusDetails":{"known":false,"muted":false,"flaky":false,"message":"https://dsportalapp.herokuapp.com/login expected [https://dsportalapp.herokuapp.com/login] but found [https://dsportalapp.herokuapp.com/home]","trace":"java.lang.AssertionError: https://dsportalapp.herokuapp.com/login expected [https://dsportalapp.herokuapp.com/login] but found [https://dsportalapp.herokuapp.com/home]\r\n\tat org.testng.Assert.fail(Assert.java:111)\r\n\tat org.testng.Assert.failNotEquals(Assert.java:1590)\r\n\tat org.testng.Assert.assertEqualsImpl(Assert.java:150)\r\n\tat org.testng.Assert.assertEquals(Assert.java:132)\r\n\tat org.testng.Assert.assertEquals(Assert.java:656)\r\n\tat org.testng.asserts.Assertion$10.doAssert(Assertion.java:176)\r\n\tat org.testng.asserts.Assertion.executeAssert(Assertion.java:25)\r\n\tat org.testng.asserts.Assertion.doAssert(Assertion.java:12)\r\n\tat org.testng.asserts.Assertion.assertEquals(Assertion.java:172)\r\n\tat dsAlgo_stepDefinition.Login_SD.the_user_is_on_the_ds_algo_sign_in_page(Login_SD.java:49)\r\n\tat ✽.The user is on the DS Algo Sign in Page(file:///C:/DSALgo_ProjectCompass_BDD/src/test/resources/dsAlgo_FeatureFiles/MD03_Login.feature:12)\r\n"},"stage":"finished","steps":[],"attachments":[],"parameters":[],"start":1744720751164,"stop":1744720751186},{"name":"dsAlgo_stepDefinition.hooks.afterstep(io.cucumber.java.Scenario)","status":"passed","statusDetails":{"known":false,"muted":false,"flaky":false},"stage":"finished","steps":[],"attachments":[{"name":"My screenshot","source":"def13d8f-fe7f-49f1-80ad-223b4a2f27fd-attachment","type":"image/png"},{"name":"Myscreenshot","source":"7ad398f2-e7a2-4e08-9b7f-d2ee4040d635-attachment"},{"name":"screenshot","source":"401ae199-223d-40b2-acfb-2c844a83b9b0-attachment","type":"image/png"}],"parameters":[],"start":1744720751186,"stop":1744720751485},{"name":"When The user clicks login button after leaving the \"Username\" textbox and \"Password\" textbox empty","status":"skipped","statusDetails":{"known":false,"muted":false,"flaky":false},"stage":"finished","steps":[],"attachments":[],"parameters":[],"start":1744720751485,"stop":1744720751485},{"name":"dsAlgo_stepDefinition.hooks.afterstep(io.cucumber.java.Scenario)","status":"skipped","statusDetails":{"known":false,"muted":false,"flaky":false},"stage":"finished","steps":[],"attachments":[],"parameters":[],"start":1744720751485,"stop":1744720751485},{"name":"Then The error message \"Please fill out this field.\" appears below Username textbox","status":"skipped","statusDetails":{"known":false,"muted":false,"flaky":false},"stage":"finished","steps":[],"attachments":[],"parameters":[],"start":1744720751485,"stop":1744720751485},{"name":"dsAlgo_stepDefinition.hooks.afterstep(io.cucumber.java.Scenario)","status":"skipped","statusDetails":{"known":false,"muted":false,"flaky":false},"stage":"finished","steps":[],"attachments":[],"parameters":[],"start":1744720751485,"stop":1744720751485}],"attachments":[],"parameters":[],"start":1744720751156,"stop":1744720751485}