{"uuid":"694f645b-5f1c-4e1b-b967-a9fa87a92e70","historyId":"49ddf69f81a54dcd5598a3e80f6b135d","testCaseId":"379fc424e15bf1d4bf38a6593dcc566","fullName":"src/test/resources/dsAlgo_FeatureFiles/MD02_Register.feature:33","labels":[{"name":"tag","value":"registerScenario"},{"name":"tag","value":"TC21"},{"name":"host","value":"rmahavenkat"},{"name":"thread","value":"33760@rmahavenkat.main(1)"},{"name":"feature","value":"Testing whether user is able to Registered into dsAlgo portal"},{"name":"story","value":"Verify that user receives error message for invalid username field during registration"},{"name":"suite","value":"Testing whether user is able to Registered into dsAlgo portal"},{"name":"testClass","value":"Verify that user receives error message for invalid username field during registration"},{"name":"framework","value":"cucumber4jvm"},{"name":"language","value":"java"},{"name":"gherkin_uri","value":"file:///C:/DSALgo_ProjectCompass_BDD/src/test/resources/dsAlgo_FeatureFiles/MD02_Register.feature"},{"name":"package","value":"src.test.resources.dsAlgo_FeatureFiles.MD02_Register_feature.Testing whether user is able to Registered into dsAlgo portal"}],"links":[],"name":"Verify that user receives error message for invalid username field during registration","status":"failed","statusDetails":{"known":false,"muted":false,"flaky":false,"message":"expected [Invalid username] but found [password_mismatch:The two password fields didn’t match.]","trace":"java.lang.AssertionError: expected [Invalid username] but found [password_mismatch:The two password fields didn’t match.]\r\n\tat org.testng.Assert.fail(Assert.java:111)\r\n\tat org.testng.Assert.failNotEquals(Assert.java:1590)\r\n\tat org.testng.Assert.assertEqualsImpl(Assert.java:150)\r\n\tat org.testng.Assert.assertEquals(Assert.java:132)\r\n\tat org.testng.Assert.assertEquals(Assert.java:656)\r\n\tat org.testng.Assert.assertEquals(Assert.java:666)\r\n\tat org.testng.asserts.Assertion$11.doAssert(Assertion.java:186)\r\n\tat org.testng.asserts.Assertion.executeAssert(Assertion.java:25)\r\n\tat org.testng.asserts.Assertion.doAssert(Assertion.java:12)\r\n\tat org.testng.asserts.Assertion.assertEquals(Assertion.java:182)\r\n\tat dsAlgo_stepDefinition.Register_SD.the_user_is_not_able_to_see_error_msg_after_entering_invalid_data(Register_SD.java:112)\r\n\tat ✽.The user is not able to see error msg after entering invalid data(file:///C:/DSALgo_ProjectCompass_BDD/src/test/resources/dsAlgo_FeatureFiles/MD02_Register.feature:37)\r\n"},"stage":"finished","steps":[{"name":"Given The user is on the user registration page","status":"passed","statusDetails":{"known":false,"muted":false,"flaky":false},"stage":"finished","steps":[],"attachments":[],"parameters":[],"start":1744720348082,"stop":1744720348100},{"name":"dsAlgo_stepDefinition.hooks.afterstep(io.cucumber.java.Scenario)","status":"passed","statusDetails":{"known":false,"muted":false,"flaky":false},"stage":"finished","steps":[],"attachments":[],"parameters":[],"start":1744720348100,"stop":1744720348100},{"name":"When The user clicks Register button after entering a username with spacebar characters other than digits and Special Characters","status":"passed","statusDetails":{"known":false,"muted":false,"flaky":false},"stage":"finished","steps":[],"attachments":[],"parameters":[],"start":1744720348100,"stop":1744720349509},{"name":"dsAlgo_stepDefinition.hooks.afterstep(io.cucumber.java.Scenario)","status":"passed","statusDetails":{"known":false,"muted":false,"flaky":false},"stage":"finished","steps":[],"attachments":[],"parameters":[],"start":1744720349509,"stop":1744720349509},{"name":"Then The user is not able to see error msg after entering invalid data","status":"failed","statusDetails":{"known":false,"muted":false,"flaky":false,"message":"expected [Invalid username] but found [password_mismatch:The two password fields didn’t match.]","trace":"java.lang.AssertionError: expected [Invalid username] but found [password_mismatch:The two password fields didn’t match.]\r\n\tat org.testng.Assert.fail(Assert.java:111)\r\n\tat org.testng.Assert.failNotEquals(Assert.java:1590)\r\n\tat org.testng.Assert.assertEqualsImpl(Assert.java:150)\r\n\tat org.testng.Assert.assertEquals(Assert.java:132)\r\n\tat org.testng.Assert.assertEquals(Assert.java:656)\r\n\tat org.testng.Assert.assertEquals(Assert.java:666)\r\n\tat org.testng.asserts.Assertion$11.doAssert(Assertion.java:186)\r\n\tat org.testng.asserts.Assertion.executeAssert(Assertion.java:25)\r\n\tat org.testng.asserts.Assertion.doAssert(Assertion.java:12)\r\n\tat org.testng.asserts.Assertion.assertEquals(Assertion.java:182)\r\n\tat dsAlgo_stepDefinition.Register_SD.the_user_is_not_able_to_see_error_msg_after_entering_invalid_data(Register_SD.java:112)\r\n\tat ✽.The user is not able to see error msg after entering invalid data(file:///C:/DSALgo_ProjectCompass_BDD/src/test/resources/dsAlgo_FeatureFiles/MD02_Register.feature:37)\r\n"},"stage":"finished","steps":[],"attachments":[],"parameters":[],"start":1744720349509,"stop":1744720349622},{"name":"dsAlgo_stepDefinition.hooks.afterstep(io.cucumber.java.Scenario)","status":"broken","statusDetails":{"known":false,"muted":false,"flaky":false,"message":"class org.openqa.selenium.chrome.ChromeDriver cannot be cast to class java.io.File (org.openqa.selenium.chrome.ChromeDriver is in unnamed module of loader 'app'; java.io.File is in module java.base of loader 'bootstrap')","trace":"java.lang.ClassCastException: class org.openqa.selenium.chrome.ChromeDriver cannot be cast to class java.io.File (org.openqa.selenium.chrome.ChromeDriver is in unnamed module of loader 'app'; java.io.File is in module java.base of loader 'bootstrap')\r\n\tat dsAlgo_stepDefinition.hooks.afterstep(hooks.java:45)\r\n"},"stage":"finished","steps":[],"attachments":[{"name":"My screenshot","source":"730be533-8072-470d-bfdf-dbde79048282-attachment","type":"image/png"},{"name":"Myscreenshot","source":"c08b4422-b839-4357-96a0-d283eebede46-attachment"}],"parameters":[],"start":1744720349622,"stop":1744720349797}],"attachments":[],"parameters":[],"start":1744720348082,"stop":1744720349797}