{"uuid":"867113b4-7894-4af2-a33a-fd76f7ddca4c","historyId":"174a0459ceffc90a4e7da0fdea7cd219","testCaseId":"c5897882ccb513de0c353b16ca6f6e92","fullName":"src/test/resources/dsAlgo_FeatureFiles/MD03_Login.feature:23","labels":[{"name":"tag","value":"Loginfeature"},{"name":"tag","value":"TC29"},{"name":"host","value":"rmahavenkat"},{"name":"thread","value":"56888@rmahavenkat.main(1)"},{"name":"feature","value":"Testing whether user is able to login and perform actions"},{"name":"story","value":"Verify that user receives error message for empty Username field during Login"},{"name":"suite","value":"Testing whether user is able to login and perform actions"},{"name":"testClass","value":"Verify that user receives error message for empty Username field during Login"},{"name":"framework","value":"cucumber4jvm"},{"name":"language","value":"java"},{"name":"gherkin_uri","value":"file:///C:/DSALgo_ProjectCompass_BDD/src/test/resources/dsAlgo_FeatureFiles/MD03_Login.feature"},{"name":"package","value":"src.test.resources.dsAlgo_FeatureFiles.MD03_Login_feature.Testing whether user is able to login and perform actions"}],"links":[],"name":"Verify that user receives error message for empty Username field during Login","status":"failed","statusDetails":{"known":false,"muted":false,"flaky":false,"message":"https://dsportalapp.herokuapp.com/login expected [https://dsportalapp.herokuapp.com/login] but found [https://dsportalapp.herokuapp.com/home]","trace":"java.lang.AssertionError: https://dsportalapp.herokuapp.com/login expected [https://dsportalapp.herokuapp.com/login] but found [https://dsportalapp.herokuapp.com/home]\r\n\tat org.testng.Assert.fail(Assert.java:111)\r\n\tat org.testng.Assert.failNotEquals(Assert.java:1590)\r\n\tat org.testng.Assert.assertEqualsImpl(Assert.java:150)\r\n\tat org.testng.Assert.assertEquals(Assert.java:132)\r\n\tat org.testng.Assert.assertEquals(Assert.java:656)\r\n\tat org.testng.asserts.Assertion$10.doAssert(Assertion.java:176)\r\n\tat org.testng.asserts.Assertion.executeAssert(Assertion.java:25)\r\n\tat org.testng.asserts.Assertion.doAssert(Assertion.java:12)\r\n\tat org.testng.asserts.Assertion.assertEquals(Assertion.java:172)\r\n\tat dsAlgo_stepDefinition.Login_SD.the_user_is_on_the_ds_algo_sign_in_page(Login_SD.java:49)\r\n\tat ✽.The user is on the DS Algo Sign in Page(file:///C:/DSALgo_ProjectCompass_BDD/src/test/resources/dsAlgo_FeatureFiles/MD03_Login.feature:24)\r\n"},"stage":"finished","steps":[{"name":"Given The user is on the DS Algo Sign in Page","status":"failed","statusDetails":{"known":false,"muted":false,"flaky":false,"message":"https://dsportalapp.herokuapp.com/login expected [https://dsportalapp.herokuapp.com/login] but found [https://dsportalapp.herokuapp.com/home]","trace":"java.lang.AssertionError: https://dsportalapp.herokuapp.com/login expected [https://dsportalapp.herokuapp.com/login] but found [https://dsportalapp.herokuapp.com/home]\r\n\tat org.testng.Assert.fail(Assert.java:111)\r\n\tat org.testng.Assert.failNotEquals(Assert.java:1590)\r\n\tat org.testng.Assert.assertEqualsImpl(Assert.java:150)\r\n\tat org.testng.Assert.assertEquals(Assert.java:132)\r\n\tat org.testng.Assert.assertEquals(Assert.java:656)\r\n\tat org.testng.asserts.Assertion$10.doAssert(Assertion.java:176)\r\n\tat org.testng.asserts.Assertion.executeAssert(Assertion.java:25)\r\n\tat org.testng.asserts.Assertion.doAssert(Assertion.java:12)\r\n\tat org.testng.asserts.Assertion.assertEquals(Assertion.java:172)\r\n\tat dsAlgo_stepDefinition.Login_SD.the_user_is_on_the_ds_algo_sign_in_page(Login_SD.java:49)\r\n\tat ✽.The user is on the DS Algo Sign in Page(file:///C:/DSALgo_ProjectCompass_BDD/src/test/resources/dsAlgo_FeatureFiles/MD03_Login.feature:24)\r\n"},"stage":"finished","steps":[],"attachments":[],"parameters":[],"start":1744720751873,"stop":1744720751889},{"name":"dsAlgo_stepDefinition.hooks.afterstep(io.cucumber.java.Scenario)","status":"passed","statusDetails":{"known":false,"muted":false,"flaky":false},"stage":"finished","steps":[],"attachments":[{"name":"My screenshot","source":"c6156cdc-9f5b-44be-8cd3-54f2536024b0-attachment","type":"image/png"},{"name":"Myscreenshot","source":"dea32c80-b6de-43b7-bcb4-b60f5927debe-attachment"},{"name":"screenshot","source":"f555904c-0b9c-4f06-9bcd-f2e1d4d9d12f-attachment","type":"image/png"}],"parameters":[],"start":1744720751889,"stop":1744720752230},{"name":"When The user clicks login button after entering the Password only","status":"skipped","statusDetails":{"known":false,"muted":false,"flaky":false},"stage":"finished","steps":[],"attachments":[],"parameters":[],"start":1744720752236,"stop":1744720752236},{"name":"dsAlgo_stepDefinition.hooks.afterstep(io.cucumber.java.Scenario)","status":"skipped","statusDetails":{"known":false,"muted":false,"flaky":false},"stage":"finished","steps":[],"attachments":[],"parameters":[],"start":1744720752238,"stop":1744720752238},{"name":"Then The error message \"Please fill out this field.\" appears below Username textbox","status":"skipped","statusDetails":{"known":false,"muted":false,"flaky":false},"stage":"finished","steps":[],"attachments":[],"parameters":[],"start":1744720752238,"stop":1744720752238},{"name":"dsAlgo_stepDefinition.hooks.afterstep(io.cucumber.java.Scenario)","status":"skipped","statusDetails":{"known":false,"muted":false,"flaky":false},"stage":"finished","steps":[],"attachments":[],"parameters":[],"start":1744720752238,"stop":1744720752238}],"attachments":[],"parameters":[],"start":1744720751869,"stop":1744720752238}