{"uuid":"9e9e6477-5f3b-4d14-8ca6-f1ccde8806d1","historyId":"541c57a997f21eaab934d38287177e77","testCaseId":"c6e3aa15f5791c32cd0d9fc1489ecc1f","fullName":"src/test/resources/dsAlgo_FeatureFiles/MD03_Login.feature:29","labels":[{"name":"tag","value":"Loginfeature"},{"name":"tag","value":"TC30"},{"name":"host","value":"rmahavenkat"},{"name":"thread","value":"56888@rmahavenkat.main(1)"},{"name":"feature","value":"Testing whether user is able to login and perform actions"},{"name":"story","value":"Verify that user receives error message for invalid Username field during Login"},{"name":"suite","value":"Testing whether user is able to login and perform actions"},{"name":"testClass","value":"Verify that user receives error message for invalid Username field during Login"},{"name":"framework","value":"cucumber4jvm"},{"name":"language","value":"java"},{"name":"gherkin_uri","value":"file:///C:/DSALgo_ProjectCompass_BDD/src/test/resources/dsAlgo_FeatureFiles/MD03_Login.feature"},{"name":"package","value":"src.test.resources.dsAlgo_FeatureFiles.MD03_Login_feature.Testing whether user is able to login and perform actions"}],"links":[],"name":"Verify that user receives error message for invalid Username field during Login","status":"failed","statusDetails":{"known":false,"muted":false,"flaky":false,"message":"https://dsportalapp.herokuapp.com/login expected [https://dsportalapp.herokuapp.com/login] but found [https://dsportalapp.herokuapp.com/home]","trace":"java.lang.AssertionError: https://dsportalapp.herokuapp.com/login expected [https://dsportalapp.herokuapp.com/login] but found [https://dsportalapp.herokuapp.com/home]\r\n\tat org.testng.Assert.fail(Assert.java:111)\r\n\tat org.testng.Assert.failNotEquals(Assert.java:1590)\r\n\tat org.testng.Assert.assertEqualsImpl(Assert.java:150)\r\n\tat org.testng.Assert.assertEquals(Assert.java:132)\r\n\tat org.testng.Assert.assertEquals(Assert.java:656)\r\n\tat org.testng.asserts.Assertion$10.doAssert(Assertion.java:176)\r\n\tat org.testng.asserts.Assertion.executeAssert(Assertion.java:25)\r\n\tat org.testng.asserts.Assertion.doAssert(Assertion.java:12)\r\n\tat org.testng.asserts.Assertion.assertEquals(Assertion.java:172)\r\n\tat dsAlgo_stepDefinition.Login_SD.the_user_is_on_the_ds_algo_sign_in_page(Login_SD.java:49)\r\n\tat ✽.The user is on the DS Algo Sign in Page(file:///C:/DSALgo_ProjectCompass_BDD/src/test/resources/dsAlgo_FeatureFiles/MD03_Login.feature:30)\r\n"},"stage":"finished","steps":[{"name":"Given The user is on the DS Algo Sign in Page","status":"failed","statusDetails":{"known":false,"muted":false,"flaky":false,"message":"https://dsportalapp.herokuapp.com/login expected [https://dsportalapp.herokuapp.com/login] but found [https://dsportalapp.herokuapp.com/home]","trace":"java.lang.AssertionError: https://dsportalapp.herokuapp.com/login expected [https://dsportalapp.herokuapp.com/login] but found [https://dsportalapp.herokuapp.com/home]\r\n\tat org.testng.Assert.fail(Assert.java:111)\r\n\tat org.testng.Assert.failNotEquals(Assert.java:1590)\r\n\tat org.testng.Assert.assertEqualsImpl(Assert.java:150)\r\n\tat org.testng.Assert.assertEquals(Assert.java:132)\r\n\tat org.testng.Assert.assertEquals(Assert.java:656)\r\n\tat org.testng.asserts.Assertion$10.doAssert(Assertion.java:176)\r\n\tat org.testng.asserts.Assertion.executeAssert(Assertion.java:25)\r\n\tat org.testng.asserts.Assertion.doAssert(Assertion.java:12)\r\n\tat org.testng.asserts.Assertion.assertEquals(Assertion.java:172)\r\n\tat dsAlgo_stepDefinition.Login_SD.the_user_is_on_the_ds_algo_sign_in_page(Login_SD.java:49)\r\n\tat ✽.The user is on the DS Algo Sign in Page(file:///C:/DSALgo_ProjectCompass_BDD/src/test/resources/dsAlgo_FeatureFiles/MD03_Login.feature:30)\r\n"},"stage":"finished","steps":[],"attachments":[],"parameters":[],"start":1744720752254,"stop":1744720752286},{"name":"dsAlgo_stepDefinition.hooks.afterstep(io.cucumber.java.Scenario)","status":"passed","statusDetails":{"known":false,"muted":false,"flaky":false},"stage":"finished","steps":[],"attachments":[{"name":"My screenshot","source":"f9c27ac2-0521-4631-a9bc-ba179195914a-attachment","type":"image/png"},{"name":"Myscreenshot","source":"240585bf-d4cb-4f8b-8081-55b7e91f79df-attachment"},{"name":"screenshot","source":"1e1334ae-0623-4130-b224-6dda7b200b64-attachment","type":"image/png"}],"parameters":[],"start":1744720752286,"stop":1744720752590},{"name":"When The user clicks login button after entering invalid username and valid password","status":"skipped","statusDetails":{"known":false,"muted":false,"flaky":false},"stage":"finished","steps":[],"attachments":[],"parameters":[],"start":1744720752590,"stop":1744720752590},{"name":"dsAlgo_stepDefinition.hooks.afterstep(io.cucumber.java.Scenario)","status":"skipped","statusDetails":{"known":false,"muted":false,"flaky":false},"stage":"finished","steps":[],"attachments":[],"parameters":[],"start":1744720752590,"stop":1744720752590},{"name":"Then The user should able to see an error message \"Invalid username and password\".","status":"skipped","statusDetails":{"known":false,"muted":false,"flaky":false},"stage":"finished","steps":[],"attachments":[],"parameters":[],"start":1744720752590,"stop":1744720752590},{"name":"dsAlgo_stepDefinition.hooks.afterstep(io.cucumber.java.Scenario)","status":"skipped","statusDetails":{"known":false,"muted":false,"flaky":false},"stage":"finished","steps":[],"attachments":[],"parameters":[],"start":1744720752590,"stop":1744720752590}],"attachments":[],"parameters":[],"start":1744720752254,"stop":1744720752590}