{"uuid":"cc86c8aa-e1a6-4e64-a07c-65ae46c2c4e9","historyId":"174a0459ceffc90a4e7da0fdea7cd219","testCaseId":"c5897882ccb513de0c353b16ca6f6e92","fullName":"src/test/resources/dsAlgo_FeatureFiles/MD03_Login.feature:23","labels":[{"name":"tag","value":"Loginfeature"},{"name":"tag","value":"TC29"},{"name":"host","value":"rmahavenkat"},{"name":"thread","value":"33760@rmahavenkat.main(1)"},{"name":"feature","value":"Testing whether user is able to login and perform actions"},{"name":"story","value":"Verify that user receives error message for empty Username field during Login"},{"name":"suite","value":"Testing whether user is able to login and perform actions"},{"name":"testClass","value":"Verify that user receives error message for empty Username field during Login"},{"name":"framework","value":"cucumber4jvm"},{"name":"language","value":"java"},{"name":"gherkin_uri","value":"file:///C:/DSALgo_ProjectCompass_BDD/src/test/resources/dsAlgo_FeatureFiles/MD03_Login.feature"},{"name":"package","value":"src.test.resources.dsAlgo_FeatureFiles.MD03_Login_feature.Testing whether user is able to login and perform actions"}],"links":[],"name":"Verify that user receives error message for empty Username field during Login","status":"failed","statusDetails":{"known":false,"muted":false,"flaky":false,"message":"https://dsportalapp.herokuapp.com/login expected [https://dsportalapp.herokuapp.com/login] but found [https://dsportalapp.herokuapp.com/home]","trace":"java.lang.AssertionError: https://dsportalapp.herokuapp.com/login expected [https://dsportalapp.herokuapp.com/login] but found [https://dsportalapp.herokuapp.com/home]\r\n\tat org.testng.Assert.fail(Assert.java:111)\r\n\tat org.testng.Assert.failNotEquals(Assert.java:1590)\r\n\tat org.testng.Assert.assertEqualsImpl(Assert.java:150)\r\n\tat org.testng.Assert.assertEquals(Assert.java:132)\r\n\tat org.testng.Assert.assertEquals(Assert.java:656)\r\n\tat org.testng.asserts.Assertion$10.doAssert(Assertion.java:176)\r\n\tat org.testng.asserts.Assertion.executeAssert(Assertion.java:25)\r\n\tat org.testng.asserts.Assertion.doAssert(Assertion.java:12)\r\n\tat org.testng.asserts.Assertion.assertEquals(Assertion.java:172)\r\n\tat dsAlgo_stepDefinition.Login_SD.the_user_is_on_the_ds_algo_sign_in_page(Login_SD.java:49)\r\n\tat ✽.The user is on the DS Algo Sign in Page(file:///C:/DSALgo_ProjectCompass_BDD/src/test/resources/dsAlgo_FeatureFiles/MD03_Login.feature:24)\r\n"},"stage":"finished","steps":[{"name":"Given The user is on the DS Algo Sign in Page","status":"failed","statusDetails":{"known":false,"muted":false,"flaky":false,"message":"https://dsportalapp.herokuapp.com/login expected [https://dsportalapp.herokuapp.com/login] but found [https://dsportalapp.herokuapp.com/home]","trace":"java.lang.AssertionError: https://dsportalapp.herokuapp.com/login expected [https://dsportalapp.herokuapp.com/login] but found [https://dsportalapp.herokuapp.com/home]\r\n\tat org.testng.Assert.fail(Assert.java:111)\r\n\tat org.testng.Assert.failNotEquals(Assert.java:1590)\r\n\tat org.testng.Assert.assertEqualsImpl(Assert.java:150)\r\n\tat org.testng.Assert.assertEquals(Assert.java:132)\r\n\tat org.testng.Assert.assertEquals(Assert.java:656)\r\n\tat org.testng.asserts.Assertion$10.doAssert(Assertion.java:176)\r\n\tat org.testng.asserts.Assertion.executeAssert(Assertion.java:25)\r\n\tat org.testng.asserts.Assertion.doAssert(Assertion.java:12)\r\n\tat org.testng.asserts.Assertion.assertEquals(Assertion.java:172)\r\n\tat dsAlgo_stepDefinition.Login_SD.the_user_is_on_the_ds_algo_sign_in_page(Login_SD.java:49)\r\n\tat ✽.The user is on the DS Algo Sign in Page(file:///C:/DSALgo_ProjectCompass_BDD/src/test/resources/dsAlgo_FeatureFiles/MD03_Login.feature:24)\r\n"},"stage":"finished","steps":[],"attachments":[],"parameters":[],"start":1744720360673,"stop":1744720360697},{"name":"dsAlgo_stepDefinition.hooks.afterstep(io.cucumber.java.Scenario)","status":"broken","statusDetails":{"known":false,"muted":false,"flaky":false,"message":"class org.openqa.selenium.chrome.ChromeDriver cannot be cast to class java.io.File (org.openqa.selenium.chrome.ChromeDriver is in unnamed module of loader 'app'; java.io.File is in module java.base of loader 'bootstrap')","trace":"java.lang.ClassCastException: class org.openqa.selenium.chrome.ChromeDriver cannot be cast to class java.io.File (org.openqa.selenium.chrome.ChromeDriver is in unnamed module of loader 'app'; java.io.File is in module java.base of loader 'bootstrap')\r\n\tat dsAlgo_stepDefinition.hooks.afterstep(hooks.java:45)\r\n"},"stage":"finished","steps":[],"attachments":[{"name":"My screenshot","source":"c08d6da1-0275-4e78-863c-75990e4946e2-attachment","type":"image/png"},{"name":"Myscreenshot","source":"197c0ea6-571b-43cd-a520-9e1da7f15624-attachment"}],"parameters":[],"start":1744720360697,"stop":1744720360875},{"name":"When The user clicks login button after entering the Password only","status":"skipped","statusDetails":{"known":false,"muted":false,"flaky":false},"stage":"finished","steps":[],"attachments":[],"parameters":[],"start":1744720360875,"stop":1744720360875},{"name":"dsAlgo_stepDefinition.hooks.afterstep(io.cucumber.java.Scenario)","status":"skipped","statusDetails":{"known":false,"muted":false,"flaky":false},"stage":"finished","steps":[],"attachments":[],"parameters":[],"start":1744720360875,"stop":1744720360875},{"name":"Then The error message \"Please fill out this field.\" appears below Username textbox","status":"skipped","statusDetails":{"known":false,"muted":false,"flaky":false},"stage":"finished","steps":[],"attachments":[],"parameters":[],"start":1744720360875,"stop":1744720360875},{"name":"dsAlgo_stepDefinition.hooks.afterstep(io.cucumber.java.Scenario)","status":"skipped","statusDetails":{"known":false,"muted":false,"flaky":false},"stage":"finished","steps":[],"attachments":[],"parameters":[],"start":1744720360875,"stop":1744720360875}],"attachments":[],"parameters":[],"start":1744720360667,"stop":1744720360875}