{"uuid":"df2f8246-45a8-4037-9176-678e1e35452c","historyId":"4a0bbbd0ba437de897e7b5ee7d204a95","testCaseId":"8a97c99d420c2db9eae1aa2a10aefe13","fullName":"src/test/resources/dsAlgo_FeatureFiles/MD02_Register.feature:26","labels":[{"name":"tag","value":"registerScenario"},{"name":"tag","value":"TC20"},{"name":"host","value":"rmahavenkat"},{"name":"thread","value":"31908@rmahavenkat.main(1)"},{"name":"feature","value":"Testing whether user is able to Registered into dsAlgo portal"},{"name":"story","value":"Verify that user receives error message for empty Password Confirmation field during registration"},{"name":"suite","value":"Testing whether user is able to Registered into dsAlgo portal"},{"name":"testClass","value":"Verify that user receives error message for empty Password Confirmation field during registration"},{"name":"framework","value":"cucumber4jvm"},{"name":"language","value":"java"},{"name":"gherkin_uri","value":"file:///C:/DSALgo_ProjectCompass_BDD/src/test/resources/dsAlgo_FeatureFiles/MD02_Register.feature"},{"name":"package","value":"src.test.resources.dsAlgo_FeatureFiles.MD02_Register_feature.Testing whether user is able to Registered into dsAlgo portal"}],"links":[],"name":"Verify that user receives error message for empty Password Confirmation field during registration","status":"failed","statusDetails":{"known":false,"muted":false,"flaky":false,"message":"expected [https://dsportalapp.herokuapp.com/register] but found [https://dsportalapp.herokuapp.com/]","trace":"java.lang.AssertionError: expected [https://dsportalapp.herokuapp.com/register] but found [https://dsportalapp.herokuapp.com/]\r\n\tat org.testng.Assert.fail(Assert.java:111)\r\n\tat org.testng.Assert.failNotEquals(Assert.java:1590)\r\n\tat org.testng.Assert.assertEqualsImpl(Assert.java:150)\r\n\tat org.testng.Assert.assertEquals(Assert.java:132)\r\n\tat org.testng.Assert.assertEquals(Assert.java:656)\r\n\tat org.testng.Assert.assertEquals(Assert.java:666)\r\n\tat org.testng.asserts.Assertion$11.doAssert(Assertion.java:186)\r\n\tat org.testng.asserts.Assertion.executeAssert(Assertion.java:25)\r\n\tat org.testng.asserts.Assertion.doAssert(Assertion.java:12)\r\n\tat org.testng.asserts.Assertion.assertEquals(Assertion.java:182)\r\n\tat dsAlgo_stepDefinition.Register_SD.the_user_is_on_the_user_registration_page(Register_SD.java:48)\r\n\tat ✽.The user is on the user registration page(file:///C:/DSALgo_ProjectCompass_BDD/src/test/resources/dsAlgo_FeatureFiles/MD02_Register.feature:28)\r\n"},"stage":"finished","steps":[{"name":"Given The user is on the user registration page","status":"failed","statusDetails":{"known":false,"muted":false,"flaky":false,"message":"expected [https://dsportalapp.herokuapp.com/register] but found [https://dsportalapp.herokuapp.com/]","trace":"java.lang.AssertionError: expected [https://dsportalapp.herokuapp.com/register] but found [https://dsportalapp.herokuapp.com/]\r\n\tat org.testng.Assert.fail(Assert.java:111)\r\n\tat org.testng.Assert.failNotEquals(Assert.java:1590)\r\n\tat org.testng.Assert.assertEqualsImpl(Assert.java:150)\r\n\tat org.testng.Assert.assertEquals(Assert.java:132)\r\n\tat org.testng.Assert.assertEquals(Assert.java:656)\r\n\tat org.testng.Assert.assertEquals(Assert.java:666)\r\n\tat org.testng.asserts.Assertion$11.doAssert(Assertion.java:186)\r\n\tat org.testng.asserts.Assertion.executeAssert(Assertion.java:25)\r\n\tat org.testng.asserts.Assertion.doAssert(Assertion.java:12)\r\n\tat org.testng.asserts.Assertion.assertEquals(Assertion.java:182)\r\n\tat dsAlgo_stepDefinition.Register_SD.the_user_is_on_the_user_registration_page(Register_SD.java:48)\r\n\tat ✽.The user is on the user registration page(file:///C:/DSALgo_ProjectCompass_BDD/src/test/resources/dsAlgo_FeatureFiles/MD02_Register.feature:28)\r\n"},"stage":"finished","steps":[],"attachments":[],"parameters":[],"start":1744723257693,"stop":1744723257732},{"name":"dsAlgo_stepDefinition.hooks.afterstep(io.cucumber.java.Scenario)","status":"passed","statusDetails":{"known":false,"muted":false,"flaky":false},"stage":"finished","steps":[],"attachments":[{"name":"My screenshot","source":"d7135408-8562-4437-a2bd-d2a2dd4f5e51-attachment","type":"image/png"},{"name":"Myscreenshot","source":"b284f914-5f19-4b43-8ff3-a22e22298649-attachment"},{"name":"screenshot","source":"39032cd3-dff6-4cfb-8a59-fcdcd64bbc33-attachment","type":"image/png"}],"parameters":[],"start":1744723257738,"stop":1744723258177},{"name":"When The user clicks Register button after entering Password and Username with Password Confirmation empty","status":"skipped","statusDetails":{"known":false,"muted":false,"flaky":false},"stage":"finished","steps":[],"attachments":[],"parameters":[],"start":1744723258177,"stop":1744723258177},{"name":"dsAlgo_stepDefinition.hooks.afterstep(io.cucumber.java.Scenario)","status":"skipped","statusDetails":{"known":false,"muted":false,"flaky":false},"stage":"finished","steps":[],"attachments":[],"parameters":[],"start":1744723258189,"stop":1744723258189},{"name":"Then The error message \"Please fill out this field.\" appears below Password Confirmation textbox","status":"skipped","statusDetails":{"known":false,"muted":false,"flaky":false},"stage":"finished","steps":[],"attachments":[],"parameters":[],"start":1744723258189,"stop":1744723258189},{"name":"dsAlgo_stepDefinition.hooks.afterstep(io.cucumber.java.Scenario)","status":"skipped","statusDetails":{"known":false,"muted":false,"flaky":false},"stage":"finished","steps":[],"attachments":[],"parameters":[],"start":1744723258189,"stop":1744723258189}],"attachments":[],"parameters":[],"start":1744723257693,"stop":1744723258189}