{"uuid":"e3cd84ab-50a6-4c9d-a3f3-9126e8bbb744","historyId":"c1d0372c401e360bd2f2dad1b6cb1e76","testCaseId":"28f981d47d938f1ce055a31846915e95","fullName":"src/test/resources/dsAlgo_FeatureFiles/MD02_Register.feature:40","labels":[{"name":"tag","value":"registerScenario"},{"name":"tag","value":"TC22"},{"name":"host","value":"DESKTOP-TTMLSIE"},{"name":"thread","value":"29784@DESKTOP-TTMLSIE.main(1)"},{"name":"feature","value":"Testing whether user is able to Registered into dsAlgo portal"},{"name":"story","value":"Verify that user receives error message for invalid password field during registration"},{"name":"suite","value":"Testing whether user is able to Registered into dsAlgo portal"},{"name":"testClass","value":"Verify that user receives error message for invalid password field during registration"},{"name":"framework","value":"cucumber4jvm"},{"name":"language","value":"java"},{"name":"gherkin_uri","value":"file:///C:/Kalyani/code/DsAlgo_BDD/DsAlgo_ProjectCompass_BDD/src/test/resources/dsAlgo_FeatureFiles/MD02_Register.feature"},{"name":"package","value":"src.test.resources.dsAlgo_FeatureFiles.MD02_Register_feature.Testing whether user is able to Registered into dsAlgo portal"}],"links":[],"name":"Verify that user receives error message for invalid password field during registration","status":"failed","statusDetails":{"known":false,"muted":false,"flaky":false,"message":"expected [Invalid password] but found [password_mismatch:The two password fields didn’t match.]","trace":"java.lang.AssertionError: expected [Invalid password] but found [password_mismatch:The two password fields didn’t match.]\r\n\tat org.testng.Assert.fail(Assert.java:111)\r\n\tat org.testng.Assert.failNotEquals(Assert.java:1590)\r\n\tat org.testng.Assert.assertEqualsImpl(Assert.java:150)\r\n\tat org.testng.Assert.assertEquals(Assert.java:132)\r\n\tat org.testng.Assert.assertEquals(Assert.java:656)\r\n\tat org.testng.Assert.assertEquals(Assert.java:666)\r\n\tat org.testng.asserts.Assertion$11.doAssert(Assertion.java:186)\r\n\tat org.testng.asserts.Assertion.executeAssert(Assertion.java:25)\r\n\tat org.testng.asserts.Assertion.doAssert(Assertion.java:12)\r\n\tat org.testng.asserts.Assertion.assertEquals(Assertion.java:182)\r\n\tat dsAlgo_stepDefinition.Register_SD.the_user_is_not_able_to_see_error_msg_after_entering_invalid_password(Register_SD.java:132)\r\n\tat ✽.The user is not able to see error msg after entering invalid password(file:///C:/Kalyani/code/DsAlgo_BDD/DsAlgo_ProjectCompass_BDD/src/test/resources/dsAlgo_FeatureFiles/MD02_Register.feature:44)\r\n"},"stage":"finished","steps":[{"name":"Given The user is on the user registration page","status":"passed","statusDetails":{"known":false,"muted":false,"flaky":false},"stage":"finished","steps":[],"attachments":[],"parameters":[],"start":1744680467820,"stop":1744680467829},{"name":"dsAlgo_stepDefinition.hooks.afterstep(io.cucumber.java.Scenario)","status":"passed","statusDetails":{"known":false,"muted":false,"flaky":false},"stage":"finished","steps":[],"attachments":[],"parameters":[],"start":1744680467829,"stop":1744680467829},{"name":"When The user clicks Register button after entering a password with numeric data","status":"passed","statusDetails":{"known":false,"muted":false,"flaky":false},"stage":"finished","steps":[],"attachments":[],"parameters":[],"start":1744680467831,"stop":1744680468591},{"name":"dsAlgo_stepDefinition.hooks.afterstep(io.cucumber.java.Scenario)","status":"passed","statusDetails":{"known":false,"muted":false,"flaky":false},"stage":"finished","steps":[],"attachments":[],"parameters":[],"start":1744680468592,"stop":1744680468594},{"name":"Then The user is not able to see error msg after entering invalid password","status":"failed","statusDetails":{"known":false,"muted":false,"flaky":false,"message":"expected [Invalid password] but found [password_mismatch:The two password fields didn’t match.]","trace":"java.lang.AssertionError: expected [Invalid password] but found [password_mismatch:The two password fields didn’t match.]\r\n\tat org.testng.Assert.fail(Assert.java:111)\r\n\tat org.testng.Assert.failNotEquals(Assert.java:1590)\r\n\tat org.testng.Assert.assertEqualsImpl(Assert.java:150)\r\n\tat org.testng.Assert.assertEquals(Assert.java:132)\r\n\tat org.testng.Assert.assertEquals(Assert.java:656)\r\n\tat org.testng.Assert.assertEquals(Assert.java:666)\r\n\tat org.testng.asserts.Assertion$11.doAssert(Assertion.java:186)\r\n\tat org.testng.asserts.Assertion.executeAssert(Assertion.java:25)\r\n\tat org.testng.asserts.Assertion.doAssert(Assertion.java:12)\r\n\tat org.testng.asserts.Assertion.assertEquals(Assertion.java:182)\r\n\tat dsAlgo_stepDefinition.Register_SD.the_user_is_not_able_to_see_error_msg_after_entering_invalid_password(Register_SD.java:132)\r\n\tat ✽.The user is not able to see error msg after entering invalid password(file:///C:/Kalyani/code/DsAlgo_BDD/DsAlgo_ProjectCompass_BDD/src/test/resources/dsAlgo_FeatureFiles/MD02_Register.feature:44)\r\n"},"stage":"finished","steps":[],"attachments":[],"parameters":[],"start":1744680468596,"stop":1744680468685},{"name":"dsAlgo_stepDefinition.hooks.afterstep(io.cucumber.java.Scenario)","status":"broken","statusDetails":{"known":false,"muted":false,"flaky":false,"message":"class org.openqa.selenium.chrome.ChromeDriver cannot be cast to class java.io.File (org.openqa.selenium.chrome.ChromeDriver is in unnamed module of loader 'app'; java.io.File is in module java.base of loader 'bootstrap')","trace":"java.lang.ClassCastException: class org.openqa.selenium.chrome.ChromeDriver cannot be cast to class java.io.File (org.openqa.selenium.chrome.ChromeDriver is in unnamed module of loader 'app'; java.io.File is in module java.base of loader 'bootstrap')\r\n\tat dsAlgo_stepDefinition.hooks.afterstep(hooks.java:45)\r\n"},"stage":"finished","steps":[],"attachments":[{"name":"My screenshot","source":"4578cc51-f143-4bee-97f0-a80000578cc8-attachment","type":"image/png"},{"name":"Myscreenshot","source":"ad11d7fd-5522-4921-ad25-2740acff4ee8-attachment"}],"parameters":[],"start":1744680468687,"stop":1744680468925}],"attachments":[],"parameters":[],"start":1744680467815,"stop":1744680468926}