<?xml version="1.0" encoding="UTF-8"?>
<!-- Generated by org.testng.reporters.JUnitReportReporter -->
<testsuite hostname="LAPTOP-GRVVO5IQ" failures="3" tests="24" name="dsAlgo_Runner.TestRunner" time="10.560" errors="1" timestamp="2025-04-14T22:08:10 EDT" skipped="0">
  <testcase classname="dsAlgo_Runner.TestRunner" name="runScenario" time="0.032"/>
  <testcase classname="dsAlgo_Runner.TestRunner" name="runScenario" time="0.031"/>
  <testcase classname="dsAlgo_Runner.TestRunner" name="runScenario" time="0.036"/>
  <testcase classname="dsAlgo_Runner.TestRunner" name="runScenario" time="0.160"/>
  <testcase classname="dsAlgo_Runner.TestRunner" name="runScenario" time="0.117"/>
  <testcase classname="dsAlgo_Runner.TestRunner" name="runScenario" time="2.500"/>
  <testcase classname="dsAlgo_Runner.TestRunner" name="runScenario" time="0.146">
    <failure message="expected [https://dsportalapp.herokuapp.com/] but found [https://dsportalapp.herokuapp.com/home]" type="java.lang.AssertionError">
      <![CDATA[java.lang.AssertionError: expected [https://dsportalapp.herokuapp.com/] but found [https://dsportalapp.herokuapp.com/home]
at org.testng.Assert.fail(Assert.java:111)
at org.testng.Assert.failNotEquals(Assert.java:1590)
at org.testng.Assert.assertEqualsImpl(Assert.java:150)
at org.testng.Assert.assertEquals(Assert.java:132)
at org.testng.Assert.assertEquals(Assert.java:656)
at org.testng.Assert.assertEquals(Assert.java:666)
at org.testng.asserts.Assertion$11.doAssert(Assertion.java:186)
at org.testng.asserts.Assertion.executeAssert(Assertion.java:25)
at org.testng.asserts.Assertion.doAssert(Assertion.java:12)
at org.testng.asserts.Assertion.assertEquals(Assertion.java:182)
at dsAlgo_stepDefinition.Home_SD.the_user_is_on_the_ds_algo_portal(Home_SD.java:44)
at ✽.The user is on the DS Algo Portal(file:///C:/projectcompass/DsAlgo_ProjectCompass_BDD/src/test/resources/dsAlgo_FeatureFiles/MD01_Home.feature:10)
]]>
    </failure>
  </testcase> <!-- runScenario -->
  <testcase classname="dsAlgo_Runner.TestRunner" name="runScenario" time="1.906">
    <failure message="expected [https://dsportalapp.herokuapp.com/] but found [https://dsportalapp.herokuapp.com/home]" type="java.lang.AssertionError">
      <![CDATA[java.lang.AssertionError: expected [https://dsportalapp.herokuapp.com/] but found [https://dsportalapp.herokuapp.com/home]
at org.testng.Assert.fail(Assert.java:111)
at org.testng.Assert.failNotEquals(Assert.java:1590)
at org.testng.Assert.assertEqualsImpl(Assert.java:150)
at org.testng.Assert.assertEquals(Assert.java:132)
at org.testng.Assert.assertEquals(Assert.java:656)
at org.testng.Assert.assertEquals(Assert.java:666)
at org.testng.asserts.Assertion$11.doAssert(Assertion.java:186)
at org.testng.asserts.Assertion.executeAssert(Assertion.java:25)
at org.testng.asserts.Assertion.doAssert(Assertion.java:12)
at org.testng.asserts.Assertion.assertEquals(Assertion.java:182)
at dsAlgo_stepDefinition.Home_SD.the_user_should_be_able_to_land_on_ds_algo_portal_with_get_started_button(Home_SD.java:35)
at ✽.The user should be able to land on dsAlgo portal with Get Started button(file:///C:/projectcompass/DsAlgo_ProjectCompass_BDD/src/test/resources/dsAlgo_FeatureFiles/MD01_Home.feature:7)
]]>
    </failure>
  </testcase> <!-- runScenario -->
  <testcase classname="dsAlgo_Runner.TestRunner" name="runScenario" time="0.039"/>
  <testcase classname="dsAlgo_Runner.TestRunner" name="runScenario" time="0.548"/>
  <testcase classname="dsAlgo_Runner.TestRunner" name="runScenario" time="0.862"/>
  <testcase classname="dsAlgo_Runner.TestRunner" name="runScenario" time="0.040"/>
  <testcase classname="dsAlgo_Runner.TestRunner" name="runScenario" time="0.030"/>
  <testcase classname="dsAlgo_Runner.TestRunner" name="runScenario" time="0.699">
    <error message="stale element reference: stale element not found
  (Session info: chrome=135.0.7049.85)
For documentation on this error, please visit: https://www.selenium.dev/documentation/webdriver/troubleshooting/errors#stale-element-reference-exception
Build info: version: &#039;4.29.0&#039;, revision: &#039;5fc1ec94cb&#039;
System info: os.name: &#039;Windows 11&#039;, os.arch: &#039;amd64&#039;, os.version: &#039;10.0&#039;, java.version: &#039;23.0.2&#039;
Driver info: org.openqa.selenium.chrome.ChromeDriver
Command: [6f64599b91c778f8f4a146510953a7d0, getElementText {id=f.356BEAC4C025B93BCBBB1316D257BD90.d.EB1B5A092B3BE6109DACB0791914E4A8.e.51}]
Capabilities {acceptInsecureCerts: false, browserName: chrome, browserVersion: 135.0.7049.85, chrome: {chromedriverVersion: 135.0.7049.84 (6c019e560019..., userDataDir: C:\Users\17046\AppData\Loca...}, fedcm:accounts: true, goog:chromeOptions: {debuggerAddress: localhost:61859}, networkConnectionEnabled: false, pageLoadStrategy: normal, platformName: windows, proxy: Proxy(), se:cdp: ws://localhost:61859/devtoo..., se:cdpVersion: 135.0.7049.85, setWindowRect: true, strictFileInteractability: false, timeouts: {implicit: 0, pageLoad: 300000, script: 30000}, unhandledPromptBehavior: dismiss and notify, webauthn:extension:credBlob: true, webauthn:extension:largeBlob: true, webauthn:extension:minPinLength: true, webauthn:extension:prf: true, webauthn:virtualAuthenticators: true}
Element: [[ChromeDriver: chrome on windows (6f64599b91c778f8f4a146510953a7d0)] -&gt; xpath: //*[@class=&#039;alert alert-primary&#039;]]
Session ID: 6f64599b91c778f8f4a146510953a7d0" type="org.openqa.selenium.StaleElementReferenceException">
      <![CDATA[org.openqa.selenium.StaleElementReferenceException: stale element reference: stale element not found
  (Session info: chrome=135.0.7049.85)
For documentation on this error, please visit: https://www.selenium.dev/documentation/webdriver/troubleshooting/errors#stale-element-reference-exception
Build info: version: '4.29.0', revision: '5fc1ec94cb'
System info: os.name: 'Windows 11', os.arch: 'amd64', os.version: '10.0', java.version: '23.0.2'
Driver info: org.openqa.selenium.chrome.ChromeDriver
Command: [6f64599b91c778f8f4a146510953a7d0, getElementText {id=f.356BEAC4C025B93BCBBB1316D257BD90.d.EB1B5A092B3BE6109DACB0791914E4A8.e.51}]
Capabilities {acceptInsecureCerts: false, browserName: chrome, browserVersion: 135.0.7049.85, chrome: {chromedriverVersion: 135.0.7049.84 (6c019e560019..., userDataDir: C:\Users\17046\AppData\Loca...}, fedcm:accounts: true, goog:chromeOptions: {debuggerAddress: localhost:61859}, networkConnectionEnabled: false, pageLoadStrategy: normal, platformName: windows, proxy: Proxy(), se:cdp: ws://localhost:61859/devtoo..., se:cdpVersion: 135.0.7049.85, setWindowRect: true, strictFileInteractability: false, timeouts: {implicit: 0, pageLoad: 300000, script: 30000}, unhandledPromptBehavior: dismiss and notify, webauthn:extension:credBlob: true, webauthn:extension:largeBlob: true, webauthn:extension:minPinLength: true, webauthn:extension:prf: true, webauthn:virtualAuthenticators: true}
Element: [[ChromeDriver: chrome on windows (6f64599b91c778f8f4a146510953a7d0)] -> xpath: //*[@class='alert alert-primary']]
Session ID: 6f64599b91c778f8f4a146510953a7d0
at java.base/jdk.internal.reflect.DirectConstructorHandleAccessor.newInstance(DirectConstructorHandleAccessor.java:62)
at java.base/java.lang.reflect.Constructor.newInstanceWithCaller(Constructor.java:501)
at java.base/java.lang.reflect.Constructor.newInstance(Constructor.java:485)
at org.openqa.selenium.remote.ErrorCodec.decode(ErrorCodec.java:167)
at org.openqa.selenium.remote.codec.w3c.W3CHttpResponseCodec.decode(W3CHttpResponseCodec.java:138)
at org.openqa.selenium.remote.codec.w3c.W3CHttpResponseCodec.decode(W3CHttpResponseCodec.java:50)
at org.openqa.selenium.remote.HttpCommandExecutor.execute(HttpCommandExecutor.java:215)
at org.openqa.selenium.remote.service.DriverCommandExecutor.invokeExecute(DriverCommandExecutor.java:216)
at org.openqa.selenium.remote.service.DriverCommandExecutor.execute(DriverCommandExecutor.java:174)
at org.openqa.selenium.remote.RemoteWebDriver.execute(RemoteWebDriver.java:545)
at org.openqa.selenium.remote.RemoteWebElement.execute(RemoteWebElement.java:223)
at org.openqa.selenium.remote.RemoteWebElement.getText(RemoteWebElement.java:191)
at java.base/jdk.internal.reflect.DirectMethodHandleAccessor.invoke(DirectMethodHandleAccessor.java:103)
at java.base/java.lang.reflect.Method.invoke(Method.java:580)
at org.openqa.selenium.support.pagefactory.internal.LocatingElementHandler.invoke(LocatingElementHandler.java:51)
at jdk.proxy2/jdk.proxy2.$Proxy33.getText(Unknown Source)
at ds_Algo_PageFactory.Register_PF.ErrorMessage(Register_PF.java:89)
at dsAlgo_stepDefinition.Register_SD.the_user_is_not_able_to_see_error_msg_after_entering_invalid_password(Register_SD.java:129)
at ✽.The user is not able to see error msg after entering invalid password(file:///C:/projectcompass/DsAlgo_ProjectCompass_BDD/src/test/resources/dsAlgo_FeatureFiles/MD02_Register.feature:44)
]]>
    </error>
  </testcase> <!-- runScenario -->
  <testcase classname="dsAlgo_Runner.TestRunner" name="runScenario" time="1.128">
    <failure message="expected [Invalid username] but found [password_mismatch:The two password fields didn’t match.]" type="java.lang.AssertionError">
      <![CDATA[java.lang.AssertionError: expected [Invalid username] but found [password_mismatch:The two password fields didn’t match.]
at org.testng.Assert.fail(Assert.java:111)
at org.testng.Assert.failNotEquals(Assert.java:1590)
at org.testng.Assert.assertEqualsImpl(Assert.java:150)
at org.testng.Assert.assertEquals(Assert.java:132)
at org.testng.Assert.assertEquals(Assert.java:656)
at org.testng.Assert.assertEquals(Assert.java:666)
at org.testng.asserts.Assertion$11.doAssert(Assertion.java:186)
at org.testng.asserts.Assertion.executeAssert(Assertion.java:25)
at org.testng.asserts.Assertion.doAssert(Assertion.java:12)
at org.testng.asserts.Assertion.assertEquals(Assertion.java:182)
at dsAlgo_stepDefinition.Register_SD.the_user_is_not_able_to_see_error_msg_after_entering_invalid_data(Register_SD.java:112)
at ✽.The user is not able to see error msg after entering invalid data(file:///C:/projectcompass/DsAlgo_ProjectCompass_BDD/src/test/resources/dsAlgo_FeatureFiles/MD02_Register.feature:37)
]]>
    </failure>
  </testcase> <!-- runScenario -->
  <testcase classname="dsAlgo_Runner.TestRunner" name="runScenario" time="0.039"/>
  <testcase classname="dsAlgo_Runner.TestRunner" name="runScenario" time="0.321"/>
  <testcase classname="dsAlgo_Runner.TestRunner" name="runScenario" time="0.032"/>
  <testcase classname="dsAlgo_Runner.TestRunner" name="runScenario" time="0.065"/>
  <testcase classname="dsAlgo_Runner.TestRunner" name="runScenario" time="0.315"/>
  <testcase classname="dsAlgo_Runner.TestRunner" name="runScenario" time="0.035"/>
  <testcase classname="dsAlgo_Runner.TestRunner" name="runScenario" time="0.040"/>
  <testcase classname="dsAlgo_Runner.TestRunner" name="runScenario" time="0.741"/>
  <testcase classname="dsAlgo_Runner.TestRunner" name="runScenario" time="0.698"/>
</testsuite> <!-- dsAlgo_Runner.TestRunner -->
